
*** Running vivado
    with args -log system_xbar_0.vds -m64 -product Vivado -mode batch -messageDb vivado.pb -notrace -source system_xbar_0.tcl


****** Vivado v2023.2 (64-bit)
  **** SW Build 4029153 on Fri Oct 13 20:13:54 MDT 2023
  **** IP Build 4028589 on Sat Oct 14 00:45:43 MDT 2023
  **** SharedData Build 4025554 on Tue Oct 10 17:18:54 MDT 2023
    ** Copyright 1986-2022 Xilinx, Inc. All Rights Reserved.
    ** Copyright 2022-2023 Advanced Micro Devices, Inc. All Rights Reserved.

source system_xbar_0.tcl -notrace
create_project: Time (s): cpu = 00:00:07 ; elapsed = 00:00:07 . Memory (MB): peak = 1353.914 ; gain = 0.023 ; free physical = 23369 ; free virtual = 48539
INFO: [IP_Flow 19-234] Refreshing IP repositories
INFO: [IP_Flow 19-1700] Loaded user IP repository '/home/chubbysoap/Documents/ADgit/hdl/library'.
INFO: [IP_Flow 19-2313] Loaded Vivado IP repository '/tools/Xilinx/Vivado/2023.2/data/ip'.
INFO: [IP_Flow 19-6924] IPCACHE: Running cache check for IP inst: system_xbar_0
Command: synth_design -top system_xbar_0 -part xc7z020clg484-1 -incremental_mode off -mode out_of_context
Starting synth_design
Attempting to get a license for feature 'Synthesis' and/or device 'xc7z020'
INFO: [Common 17-349] Got license for feature 'Synthesis' and/or device 'xc7z020'
INFO: [Device 21-403] Loading part xc7z020clg484-1
INFO: [Synth 8-7079] Multithreading enabled for synth_design using a maximum of 4 processes.
INFO: [Synth 8-7078] Launching helper process for spawning children vivado processes
INFO: [Synth 8-7075] Helper process launched with PID 143722
---------------------------------------------------------------------------------
Starting RTL Elaboration : Time (s): cpu = 00:00:06 ; elapsed = 00:00:06 . Memory (MB): peak = 2132.910 ; gain = 402.746 ; free physical = 22486 ; free virtual = 47646
---------------------------------------------------------------------------------
INFO: [Synth 8-6157] synthesizing module 'system_xbar_0' [/home/chubbysoap/Documents/ADgit/hdl/projects/fmcomms2/zed/fmcomms2_zed.gen/sources_1/bd/system/ip/system_xbar_0/synth/system_xbar_0.v:53]
INFO: [Synth 8-6157] synthesizing module 'axi_crossbar_v2_1_30_axi_crossbar' [/home/chubbysoap/Documents/ADgit/hdl/projects/fmcomms2/zed/fmcomms2_zed.gen/sources_1/bd/system/ipshared/fb47/hdl/axi_crossbar_v2_1_vl_rfs.v:4871]
INFO: [Synth 8-6157] synthesizing module 'axi_crossbar_v2_1_30_crossbar_sasd' [/home/chubbysoap/Documents/ADgit/hdl/projects/fmcomms2/zed/fmcomms2_zed.gen/sources_1/bd/system/ipshared/fb47/hdl/axi_crossbar_v2_1_vl_rfs.v:1234]
INFO: [Synth 8-6157] synthesizing module 'axi_crossbar_v2_1_30_addr_decoder' [/home/chubbysoap/Documents/ADgit/hdl/projects/fmcomms2/zed/fmcomms2_zed.gen/sources_1/bd/system/ipshared/fb47/hdl/axi_crossbar_v2_1_vl_rfs.v:790]
INFO: [Synth 8-6157] synthesizing module 'generic_baseblocks_v2_1_1_comparator_static' [/home/chubbysoap/Documents/ADgit/hdl/projects/fmcomms2/zed/fmcomms2_zed.gen/sources_1/bd/system/ipshared/10ab/hdl/generic_baseblocks_v2_1_vl_rfs.v:2119]
INFO: [Synth 8-6157] synthesizing module 'generic_baseblocks_v2_1_1_carry_and' [/home/chubbysoap/Documents/ADgit/hdl/projects/fmcomms2/zed/fmcomms2_zed.gen/sources_1/bd/system/ipshared/10ab/hdl/generic_baseblocks_v2_1_vl_rfs.v:60]
INFO: [Synth 8-6155] done synthesizing module 'generic_baseblocks_v2_1_1_carry_and' (0#1) [/home/chubbysoap/Documents/ADgit/hdl/projects/fmcomms2/zed/fmcomms2_zed.gen/sources_1/bd/system/ipshared/10ab/hdl/generic_baseblocks_v2_1_vl_rfs.v:60]
INFO: [Synth 8-6155] done synthesizing module 'generic_baseblocks_v2_1_1_comparator_static' (0#1) [/home/chubbysoap/Documents/ADgit/hdl/projects/fmcomms2/zed/fmcomms2_zed.gen/sources_1/bd/system/ipshared/10ab/hdl/generic_baseblocks_v2_1_vl_rfs.v:2119]
INFO: [Synth 8-6157] synthesizing module 'generic_baseblocks_v2_1_1_comparator_static__parameterized0' [/home/chubbysoap/Documents/ADgit/hdl/projects/fmcomms2/zed/fmcomms2_zed.gen/sources_1/bd/system/ipshared/10ab/hdl/generic_baseblocks_v2_1_vl_rfs.v:2119]
INFO: [Synth 8-6155] done synthesizing module 'generic_baseblocks_v2_1_1_comparator_static__parameterized0' (0#1) [/home/chubbysoap/Documents/ADgit/hdl/projects/fmcomms2/zed/fmcomms2_zed.gen/sources_1/bd/system/ipshared/10ab/hdl/generic_baseblocks_v2_1_vl_rfs.v:2119]
INFO: [Synth 8-6157] synthesizing module 'generic_baseblocks_v2_1_1_comparator_static__parameterized1' [/home/chubbysoap/Documents/ADgit/hdl/projects/fmcomms2/zed/fmcomms2_zed.gen/sources_1/bd/system/ipshared/10ab/hdl/generic_baseblocks_v2_1_vl_rfs.v:2119]
INFO: [Synth 8-6155] done synthesizing module 'generic_baseblocks_v2_1_1_comparator_static__parameterized1' (0#1) [/home/chubbysoap/Documents/ADgit/hdl/projects/fmcomms2/zed/fmcomms2_zed.gen/sources_1/bd/system/ipshared/10ab/hdl/generic_baseblocks_v2_1_vl_rfs.v:2119]
INFO: [Synth 8-6157] synthesizing module 'generic_baseblocks_v2_1_1_comparator_static__parameterized2' [/home/chubbysoap/Documents/ADgit/hdl/projects/fmcomms2/zed/fmcomms2_zed.gen/sources_1/bd/system/ipshared/10ab/hdl/generic_baseblocks_v2_1_vl_rfs.v:2119]
INFO: [Synth 8-6155] done synthesizing module 'generic_baseblocks_v2_1_1_comparator_static__parameterized2' (0#1) [/home/chubbysoap/Documents/ADgit/hdl/projects/fmcomms2/zed/fmcomms2_zed.gen/sources_1/bd/system/ipshared/10ab/hdl/generic_baseblocks_v2_1_vl_rfs.v:2119]
INFO: [Synth 8-6157] synthesizing module 'generic_baseblocks_v2_1_1_comparator_static__parameterized3' [/home/chubbysoap/Documents/ADgit/hdl/projects/fmcomms2/zed/fmcomms2_zed.gen/sources_1/bd/system/ipshared/10ab/hdl/generic_baseblocks_v2_1_vl_rfs.v:2119]
INFO: [Synth 8-6155] done synthesizing module 'generic_baseblocks_v2_1_1_comparator_static__parameterized3' (0#1) [/home/chubbysoap/Documents/ADgit/hdl/projects/fmcomms2/zed/fmcomms2_zed.gen/sources_1/bd/system/ipshared/10ab/hdl/generic_baseblocks_v2_1_vl_rfs.v:2119]
INFO: [Synth 8-6157] synthesizing module 'generic_baseblocks_v2_1_1_comparator_static__parameterized4' [/home/chubbysoap/Documents/ADgit/hdl/projects/fmcomms2/zed/fmcomms2_zed.gen/sources_1/bd/system/ipshared/10ab/hdl/generic_baseblocks_v2_1_vl_rfs.v:2119]
INFO: [Synth 8-6155] done synthesizing module 'generic_baseblocks_v2_1_1_comparator_static__parameterized4' (0#1) [/home/chubbysoap/Documents/ADgit/hdl/projects/fmcomms2/zed/fmcomms2_zed.gen/sources_1/bd/system/ipshared/10ab/hdl/generic_baseblocks_v2_1_vl_rfs.v:2119]
INFO: [Synth 8-6157] synthesizing module 'generic_baseblocks_v2_1_1_comparator_static__parameterized5' [/home/chubbysoap/Documents/ADgit/hdl/projects/fmcomms2/zed/fmcomms2_zed.gen/sources_1/bd/system/ipshared/10ab/hdl/generic_baseblocks_v2_1_vl_rfs.v:2119]
INFO: [Synth 8-6155] done synthesizing module 'generic_baseblocks_v2_1_1_comparator_static__parameterized5' (0#1) [/home/chubbysoap/Documents/ADgit/hdl/projects/fmcomms2/zed/fmcomms2_zed.gen/sources_1/bd/system/ipshared/10ab/hdl/generic_baseblocks_v2_1_vl_rfs.v:2119]
INFO: [Synth 8-6157] synthesizing module 'generic_baseblocks_v2_1_1_comparator_static__parameterized6' [/home/chubbysoap/Documents/ADgit/hdl/projects/fmcomms2/zed/fmcomms2_zed.gen/sources_1/bd/system/ipshared/10ab/hdl/generic_baseblocks_v2_1_vl_rfs.v:2119]
INFO: [Synth 8-6155] done synthesizing module 'generic_baseblocks_v2_1_1_comparator_static__parameterized6' (0#1) [/home/chubbysoap/Documents/ADgit/hdl/projects/fmcomms2/zed/fmcomms2_zed.gen/sources_1/bd/system/ipshared/10ab/hdl/generic_baseblocks_v2_1_vl_rfs.v:2119]
INFO: [Synth 8-6157] synthesizing module 'generic_baseblocks_v2_1_1_comparator_static__parameterized7' [/home/chubbysoap/Documents/ADgit/hdl/projects/fmcomms2/zed/fmcomms2_zed.gen/sources_1/bd/system/ipshared/10ab/hdl/generic_baseblocks_v2_1_vl_rfs.v:2119]
INFO: [Synth 8-6155] done synthesizing module 'generic_baseblocks_v2_1_1_comparator_static__parameterized7' (0#1) [/home/chubbysoap/Documents/ADgit/hdl/projects/fmcomms2/zed/fmcomms2_zed.gen/sources_1/bd/system/ipshared/10ab/hdl/generic_baseblocks_v2_1_vl_rfs.v:2119]
INFO: [Synth 8-6157] synthesizing module 'generic_baseblocks_v2_1_1_comparator_static__parameterized8' [/home/chubbysoap/Documents/ADgit/hdl/projects/fmcomms2/zed/fmcomms2_zed.gen/sources_1/bd/system/ipshared/10ab/hdl/generic_baseblocks_v2_1_vl_rfs.v:2119]
INFO: [Synth 8-6155] done synthesizing module 'generic_baseblocks_v2_1_1_comparator_static__parameterized8' (0#1) [/home/chubbysoap/Documents/ADgit/hdl/projects/fmcomms2/zed/fmcomms2_zed.gen/sources_1/bd/system/ipshared/10ab/hdl/generic_baseblocks_v2_1_vl_rfs.v:2119]
INFO: [Synth 8-6157] synthesizing module 'generic_baseblocks_v2_1_1_comparator_static__parameterized9' [/home/chubbysoap/Documents/ADgit/hdl/projects/fmcomms2/zed/fmcomms2_zed.gen/sources_1/bd/system/ipshared/10ab/hdl/generic_baseblocks_v2_1_vl_rfs.v:2119]
INFO: [Synth 8-6155] done synthesizing module 'generic_baseblocks_v2_1_1_comparator_static__parameterized9' (0#1) [/home/chubbysoap/Documents/ADgit/hdl/projects/fmcomms2/zed/fmcomms2_zed.gen/sources_1/bd/system/ipshared/10ab/hdl/generic_baseblocks_v2_1_vl_rfs.v:2119]
INFO: [Synth 8-6155] done synthesizing module 'axi_crossbar_v2_1_30_addr_decoder' (0#1) [/home/chubbysoap/Documents/ADgit/hdl/projects/fmcomms2/zed/fmcomms2_zed.gen/sources_1/bd/system/ipshared/fb47/hdl/axi_crossbar_v2_1_vl_rfs.v:790]
INFO: [Synth 8-6157] synthesizing module 'axi_crossbar_v2_1_30_decerr_slave' [/home/chubbysoap/Documents/ADgit/hdl/projects/fmcomms2/zed/fmcomms2_zed.gen/sources_1/bd/system/ipshared/fb47/hdl/axi_crossbar_v2_1_vl_rfs.v:3493]
INFO: [Synth 8-6155] done synthesizing module 'axi_crossbar_v2_1_30_decerr_slave' (0#1) [/home/chubbysoap/Documents/ADgit/hdl/projects/fmcomms2/zed/fmcomms2_zed.gen/sources_1/bd/system/ipshared/fb47/hdl/axi_crossbar_v2_1_vl_rfs.v:3493]
INFO: [Synth 8-6157] synthesizing module 'axi_crossbar_v2_1_30_addr_arbiter_sasd' [/home/chubbysoap/Documents/ADgit/hdl/projects/fmcomms2/zed/fmcomms2_zed.gen/sources_1/bd/system/ipshared/fb47/hdl/axi_crossbar_v2_1_vl_rfs.v:63]
INFO: [Synth 8-6155] done synthesizing module 'axi_crossbar_v2_1_30_addr_arbiter_sasd' (0#1) [/home/chubbysoap/Documents/ADgit/hdl/projects/fmcomms2/zed/fmcomms2_zed.gen/sources_1/bd/system/ipshared/fb47/hdl/axi_crossbar_v2_1_vl_rfs.v:63]
INFO: [Synth 8-6157] synthesizing module 'axi_crossbar_v2_1_30_splitter' [/home/chubbysoap/Documents/ADgit/hdl/projects/fmcomms2/zed/fmcomms2_zed.gen/sources_1/bd/system/ipshared/fb47/hdl/axi_crossbar_v2_1_vl_rfs.v:4451]
INFO: [Synth 8-6155] done synthesizing module 'axi_crossbar_v2_1_30_splitter' (0#1) [/home/chubbysoap/Documents/ADgit/hdl/projects/fmcomms2/zed/fmcomms2_zed.gen/sources_1/bd/system/ipshared/fb47/hdl/axi_crossbar_v2_1_vl_rfs.v:4451]
INFO: [Synth 8-6157] synthesizing module 'axi_crossbar_v2_1_30_splitter__parameterized0' [/home/chubbysoap/Documents/ADgit/hdl/projects/fmcomms2/zed/fmcomms2_zed.gen/sources_1/bd/system/ipshared/fb47/hdl/axi_crossbar_v2_1_vl_rfs.v:4451]
INFO: [Synth 8-6155] done synthesizing module 'axi_crossbar_v2_1_30_splitter__parameterized0' (0#1) [/home/chubbysoap/Documents/ADgit/hdl/projects/fmcomms2/zed/fmcomms2_zed.gen/sources_1/bd/system/ipshared/fb47/hdl/axi_crossbar_v2_1_vl_rfs.v:4451]
INFO: [Synth 8-6157] synthesizing module 'generic_baseblocks_v2_1_1_mux_enc' [/home/chubbysoap/Documents/ADgit/hdl/projects/fmcomms2/zed/fmcomms2_zed.gen/sources_1/bd/system/ipshared/10ab/hdl/generic_baseblocks_v2_1_vl_rfs.v:2436]
INFO: [Synth 8-6155] done synthesizing module 'generic_baseblocks_v2_1_1_mux_enc' (0#1) [/home/chubbysoap/Documents/ADgit/hdl/projects/fmcomms2/zed/fmcomms2_zed.gen/sources_1/bd/system/ipshared/10ab/hdl/generic_baseblocks_v2_1_vl_rfs.v:2436]
INFO: [Synth 8-6157] synthesizing module 'generic_baseblocks_v2_1_1_mux_enc__parameterized0' [/home/chubbysoap/Documents/ADgit/hdl/projects/fmcomms2/zed/fmcomms2_zed.gen/sources_1/bd/system/ipshared/10ab/hdl/generic_baseblocks_v2_1_vl_rfs.v:2436]
INFO: [Synth 8-6155] done synthesizing module 'generic_baseblocks_v2_1_1_mux_enc__parameterized0' (0#1) [/home/chubbysoap/Documents/ADgit/hdl/projects/fmcomms2/zed/fmcomms2_zed.gen/sources_1/bd/system/ipshared/10ab/hdl/generic_baseblocks_v2_1_vl_rfs.v:2436]
INFO: [Synth 8-6157] synthesizing module 'generic_baseblocks_v2_1_1_mux_enc__parameterized1' [/home/chubbysoap/Documents/ADgit/hdl/projects/fmcomms2/zed/fmcomms2_zed.gen/sources_1/bd/system/ipshared/10ab/hdl/generic_baseblocks_v2_1_vl_rfs.v:2436]
INFO: [Synth 8-6155] done synthesizing module 'generic_baseblocks_v2_1_1_mux_enc__parameterized1' (0#1) [/home/chubbysoap/Documents/ADgit/hdl/projects/fmcomms2/zed/fmcomms2_zed.gen/sources_1/bd/system/ipshared/10ab/hdl/generic_baseblocks_v2_1_vl_rfs.v:2436]
INFO: [Synth 8-6157] synthesizing module 'axi_register_slice_v2_1_29_axic_register_slice' [/home/chubbysoap/Documents/ADgit/hdl/projects/fmcomms2/zed/fmcomms2_zed.gen/sources_1/bd/system/ipshared/ff9f/hdl/axi_register_slice_v2_1_vl_rfs.v:1492]
INFO: [Synth 8-6155] done synthesizing module 'axi_register_slice_v2_1_29_axic_register_slice' (0#1) [/home/chubbysoap/Documents/ADgit/hdl/projects/fmcomms2/zed/fmcomms2_zed.gen/sources_1/bd/system/ipshared/ff9f/hdl/axi_register_slice_v2_1_vl_rfs.v:1492]
INFO: [Synth 8-6157] synthesizing module 'generic_baseblocks_v2_1_1_mux_enc__parameterized2' [/home/chubbysoap/Documents/ADgit/hdl/projects/fmcomms2/zed/fmcomms2_zed.gen/sources_1/bd/system/ipshared/10ab/hdl/generic_baseblocks_v2_1_vl_rfs.v:2436]
INFO: [Synth 8-6155] done synthesizing module 'generic_baseblocks_v2_1_1_mux_enc__parameterized2' (0#1) [/home/chubbysoap/Documents/ADgit/hdl/projects/fmcomms2/zed/fmcomms2_zed.gen/sources_1/bd/system/ipshared/10ab/hdl/generic_baseblocks_v2_1_vl_rfs.v:2436]
INFO: [Synth 8-6155] done synthesizing module 'axi_crossbar_v2_1_30_crossbar_sasd' (0#1) [/home/chubbysoap/Documents/ADgit/hdl/projects/fmcomms2/zed/fmcomms2_zed.gen/sources_1/bd/system/ipshared/fb47/hdl/axi_crossbar_v2_1_vl_rfs.v:1234]
INFO: [Synth 8-6155] done synthesizing module 'axi_crossbar_v2_1_30_axi_crossbar' (0#1) [/home/chubbysoap/Documents/ADgit/hdl/projects/fmcomms2/zed/fmcomms2_zed.gen/sources_1/bd/system/ipshared/fb47/hdl/axi_crossbar_v2_1_vl_rfs.v:4871]
INFO: [Synth 8-6155] done synthesizing module 'system_xbar_0' (0#1) [/home/chubbysoap/Documents/ADgit/hdl/projects/fmcomms2/zed/fmcomms2_zed.gen/sources_1/bd/system/ip/system_xbar_0/synth/system_xbar_0.v:53]
WARNING: [Synth 8-6014] Unused sequential element gen_debug_trans_seq.debug_aw_trans_seq_i_reg was removed.  [/home/chubbysoap/Documents/ADgit/hdl/projects/fmcomms2/zed/fmcomms2_zed.gen/sources_1/bd/system/ipshared/fb47/hdl/axi_crossbar_v2_1_vl_rfs.v:2051]
WARNING: [Synth 8-6014] Unused sequential element gen_debug_trans_seq.debug_ar_trans_seq_i_reg was removed.  [/home/chubbysoap/Documents/ADgit/hdl/projects/fmcomms2/zed/fmcomms2_zed.gen/sources_1/bd/system/ipshared/fb47/hdl/axi_crossbar_v2_1_vl_rfs.v:2062]
WARNING: [Synth 8-6014] Unused sequential element gen_debug_trans_seq.debug_w_beat_cnt_i_reg was removed.  [/home/chubbysoap/Documents/ADgit/hdl/projects/fmcomms2/zed/fmcomms2_zed.gen/sources_1/bd/system/ipshared/fb47/hdl/axi_crossbar_v2_1_vl_rfs.v:2073]
WARNING: [Synth 8-6014] Unused sequential element gen_debug_trans_seq.debug_r_beat_cnt_i_reg was removed.  [/home/chubbysoap/Documents/ADgit/hdl/projects/fmcomms2/zed/fmcomms2_zed.gen/sources_1/bd/system/ipshared/fb47/hdl/axi_crossbar_v2_1_vl_rfs.v:2086]
WARNING: [Synth 8-7129] Port S[0] in module generic_baseblocks_v2_1_1_mux_enc__parameterized0 is either unconnected or has no load
WARNING: [Synth 8-7129] Port S_AXI_AWID[0] in module axi_crossbar_v2_1_30_decerr_slave is either unconnected or has no load
WARNING: [Synth 8-7129] Port S_AXI_WLAST in module axi_crossbar_v2_1_30_decerr_slave is either unconnected or has no load
WARNING: [Synth 8-7129] Port S_AXI_ARID[0] in module axi_crossbar_v2_1_30_decerr_slave is either unconnected or has no load
WARNING: [Synth 8-7129] Port S_AXI_ARLEN[7] in module axi_crossbar_v2_1_30_decerr_slave is either unconnected or has no load
WARNING: [Synth 8-7129] Port S_AXI_ARLEN[6] in module axi_crossbar_v2_1_30_decerr_slave is either unconnected or has no load
WARNING: [Synth 8-7129] Port S_AXI_ARLEN[5] in module axi_crossbar_v2_1_30_decerr_slave is either unconnected or has no load
WARNING: [Synth 8-7129] Port S_AXI_ARLEN[4] in module axi_crossbar_v2_1_30_decerr_slave is either unconnected or has no load
WARNING: [Synth 8-7129] Port S_AXI_ARLEN[3] in module axi_crossbar_v2_1_30_decerr_slave is either unconnected or has no load
WARNING: [Synth 8-7129] Port S_AXI_ARLEN[2] in module axi_crossbar_v2_1_30_decerr_slave is either unconnected or has no load
WARNING: [Synth 8-7129] Port S_AXI_ARLEN[1] in module axi_crossbar_v2_1_30_decerr_slave is either unconnected or has no load
WARNING: [Synth 8-7129] Port S_AXI_ARLEN[0] in module axi_crossbar_v2_1_30_decerr_slave is either unconnected or has no load
WARNING: [Synth 8-7129] Port ADDR[1] in module axi_crossbar_v2_1_30_addr_decoder is either unconnected or has no load
WARNING: [Synth 8-7129] Port ADDR[0] in module axi_crossbar_v2_1_30_addr_decoder is either unconnected or has no load
WARNING: [Synth 8-7129] Port S_AXI_AWID[0] in module axi_crossbar_v2_1_30_crossbar_sasd is either unconnected or has no load
WARNING: [Synth 8-7129] Port S_AXI_ARID[0] in module axi_crossbar_v2_1_30_crossbar_sasd is either unconnected or has no load
WARNING: [Synth 8-7129] Port M_AXI_BID[10] in module axi_crossbar_v2_1_30_crossbar_sasd is either unconnected or has no load
WARNING: [Synth 8-7129] Port M_AXI_BID[9] in module axi_crossbar_v2_1_30_crossbar_sasd is either unconnected or has no load
WARNING: [Synth 8-7129] Port M_AXI_BID[8] in module axi_crossbar_v2_1_30_crossbar_sasd is either unconnected or has no load
WARNING: [Synth 8-7129] Port M_AXI_BID[7] in module axi_crossbar_v2_1_30_crossbar_sasd is either unconnected or has no load
WARNING: [Synth 8-7129] Port M_AXI_BID[6] in module axi_crossbar_v2_1_30_crossbar_sasd is either unconnected or has no load
WARNING: [Synth 8-7129] Port M_AXI_BID[5] in module axi_crossbar_v2_1_30_crossbar_sasd is either unconnected or has no load
WARNING: [Synth 8-7129] Port M_AXI_BID[4] in module axi_crossbar_v2_1_30_crossbar_sasd is either unconnected or has no load
WARNING: [Synth 8-7129] Port M_AXI_BID[3] in module axi_crossbar_v2_1_30_crossbar_sasd is either unconnected or has no load
WARNING: [Synth 8-7129] Port M_AXI_BID[2] in module axi_crossbar_v2_1_30_crossbar_sasd is either unconnected or has no load
WARNING: [Synth 8-7129] Port M_AXI_BID[1] in module axi_crossbar_v2_1_30_crossbar_sasd is either unconnected or has no load
WARNING: [Synth 8-7129] Port M_AXI_BID[0] in module axi_crossbar_v2_1_30_crossbar_sasd is either unconnected or has no load
WARNING: [Synth 8-7129] Port M_AXI_RID[10] in module axi_crossbar_v2_1_30_crossbar_sasd is either unconnected or has no load
WARNING: [Synth 8-7129] Port M_AXI_RID[9] in module axi_crossbar_v2_1_30_crossbar_sasd is either unconnected or has no load
WARNING: [Synth 8-7129] Port M_AXI_RID[8] in module axi_crossbar_v2_1_30_crossbar_sasd is either unconnected or has no load
WARNING: [Synth 8-7129] Port M_AXI_RID[7] in module axi_crossbar_v2_1_30_crossbar_sasd is either unconnected or has no load
WARNING: [Synth 8-7129] Port M_AXI_RID[6] in module axi_crossbar_v2_1_30_crossbar_sasd is either unconnected or has no load
WARNING: [Synth 8-7129] Port M_AXI_RID[5] in module axi_crossbar_v2_1_30_crossbar_sasd is either unconnected or has no load
WARNING: [Synth 8-7129] Port M_AXI_RID[4] in module axi_crossbar_v2_1_30_crossbar_sasd is either unconnected or has no load
WARNING: [Synth 8-7129] Port M_AXI_RID[3] in module axi_crossbar_v2_1_30_crossbar_sasd is either unconnected or has no load
WARNING: [Synth 8-7129] Port M_AXI_RID[2] in module axi_crossbar_v2_1_30_crossbar_sasd is either unconnected or has no load
WARNING: [Synth 8-7129] Port M_AXI_RID[1] in module axi_crossbar_v2_1_30_crossbar_sasd is either unconnected or has no load
WARNING: [Synth 8-7129] Port M_AXI_RID[0] in module axi_crossbar_v2_1_30_crossbar_sasd is either unconnected or has no load
WARNING: [Synth 8-7129] Port s_axi_awid[0] in module axi_crossbar_v2_1_30_axi_crossbar is either unconnected or has no load
WARNING: [Synth 8-7129] Port s_axi_awlen[7] in module axi_crossbar_v2_1_30_axi_crossbar is either unconnected or has no load
WARNING: [Synth 8-7129] Port s_axi_awlen[6] in module axi_crossbar_v2_1_30_axi_crossbar is either unconnected or has no load
WARNING: [Synth 8-7129] Port s_axi_awlen[5] in module axi_crossbar_v2_1_30_axi_crossbar is either unconnected or has no load
WARNING: [Synth 8-7129] Port s_axi_awlen[4] in module axi_crossbar_v2_1_30_axi_crossbar is either unconnected or has no load
WARNING: [Synth 8-7129] Port s_axi_awlen[3] in module axi_crossbar_v2_1_30_axi_crossbar is either unconnected or has no load
WARNING: [Synth 8-7129] Port s_axi_awlen[2] in module axi_crossbar_v2_1_30_axi_crossbar is either unconnected or has no load
WARNING: [Synth 8-7129] Port s_axi_awlen[1] in module axi_crossbar_v2_1_30_axi_crossbar is either unconnected or has no load
WARNING: [Synth 8-7129] Port s_axi_awlen[0] in module axi_crossbar_v2_1_30_axi_crossbar is either unconnected or has no load
WARNING: [Synth 8-7129] Port s_axi_awsize[2] in module axi_crossbar_v2_1_30_axi_crossbar is either unconnected or has no load
WARNING: [Synth 8-7129] Port s_axi_awsize[1] in module axi_crossbar_v2_1_30_axi_crossbar is either unconnected or has no load
WARNING: [Synth 8-7129] Port s_axi_awsize[0] in module axi_crossbar_v2_1_30_axi_crossbar is either unconnected or has no load
WARNING: [Synth 8-7129] Port s_axi_awburst[1] in module axi_crossbar_v2_1_30_axi_crossbar is either unconnected or has no load
WARNING: [Synth 8-7129] Port s_axi_awburst[0] in module axi_crossbar_v2_1_30_axi_crossbar is either unconnected or has no load
WARNING: [Synth 8-7129] Port s_axi_awlock[0] in module axi_crossbar_v2_1_30_axi_crossbar is either unconnected or has no load
WARNING: [Synth 8-7129] Port s_axi_awcache[3] in module axi_crossbar_v2_1_30_axi_crossbar is either unconnected or has no load
WARNING: [Synth 8-7129] Port s_axi_awcache[2] in module axi_crossbar_v2_1_30_axi_crossbar is either unconnected or has no load
WARNING: [Synth 8-7129] Port s_axi_awcache[1] in module axi_crossbar_v2_1_30_axi_crossbar is either unconnected or has no load
WARNING: [Synth 8-7129] Port s_axi_awcache[0] in module axi_crossbar_v2_1_30_axi_crossbar is either unconnected or has no load
WARNING: [Synth 8-7129] Port s_axi_awqos[3] in module axi_crossbar_v2_1_30_axi_crossbar is either unconnected or has no load
WARNING: [Synth 8-7129] Port s_axi_awqos[2] in module axi_crossbar_v2_1_30_axi_crossbar is either unconnected or has no load
WARNING: [Synth 8-7129] Port s_axi_awqos[1] in module axi_crossbar_v2_1_30_axi_crossbar is either unconnected or has no load
WARNING: [Synth 8-7129] Port s_axi_awqos[0] in module axi_crossbar_v2_1_30_axi_crossbar is either unconnected or has no load
WARNING: [Synth 8-7129] Port s_axi_awuser[0] in module axi_crossbar_v2_1_30_axi_crossbar is either unconnected or has no load
WARNING: [Synth 8-7129] Port s_axi_wid[0] in module axi_crossbar_v2_1_30_axi_crossbar is either unconnected or has no load
WARNING: [Synth 8-7129] Port s_axi_wlast[0] in module axi_crossbar_v2_1_30_axi_crossbar is either unconnected or has no load
WARNING: [Synth 8-7129] Port s_axi_wuser[0] in module axi_crossbar_v2_1_30_axi_crossbar is either unconnected or has no load
WARNING: [Synth 8-7129] Port s_axi_arid[0] in module axi_crossbar_v2_1_30_axi_crossbar is either unconnected or has no load
WARNING: [Synth 8-7129] Port s_axi_arlen[7] in module axi_crossbar_v2_1_30_axi_crossbar is either unconnected or has no load
WARNING: [Synth 8-7129] Port s_axi_arlen[6] in module axi_crossbar_v2_1_30_axi_crossbar is either unconnected or has no load
WARNING: [Synth 8-7129] Port s_axi_arlen[5] in module axi_crossbar_v2_1_30_axi_crossbar is either unconnected or has no load
WARNING: [Synth 8-7129] Port s_axi_arlen[4] in module axi_crossbar_v2_1_30_axi_crossbar is either unconnected or has no load
WARNING: [Synth 8-7129] Port s_axi_arlen[3] in module axi_crossbar_v2_1_30_axi_crossbar is either unconnected or has no load
WARNING: [Synth 8-7129] Port s_axi_arlen[2] in module axi_crossbar_v2_1_30_axi_crossbar is either unconnected or has no load
WARNING: [Synth 8-7129] Port s_axi_arlen[1] in module axi_crossbar_v2_1_30_axi_crossbar is either unconnected or has no load
WARNING: [Synth 8-7129] Port s_axi_arlen[0] in module axi_crossbar_v2_1_30_axi_crossbar is either unconnected or has no load
WARNING: [Synth 8-7129] Port s_axi_arsize[2] in module axi_crossbar_v2_1_30_axi_crossbar is either unconnected or has no load
WARNING: [Synth 8-7129] Port s_axi_arsize[1] in module axi_crossbar_v2_1_30_axi_crossbar is either unconnected or has no load
WARNING: [Synth 8-7129] Port s_axi_arsize[0] in module axi_crossbar_v2_1_30_axi_crossbar is either unconnected or has no load
WARNING: [Synth 8-7129] Port s_axi_arburst[1] in module axi_crossbar_v2_1_30_axi_crossbar is either unconnected or has no load
WARNING: [Synth 8-7129] Port s_axi_arburst[0] in module axi_crossbar_v2_1_30_axi_crossbar is either unconnected or has no load
WARNING: [Synth 8-7129] Port s_axi_arlock[0] in module axi_crossbar_v2_1_30_axi_crossbar is either unconnected or has no load
WARNING: [Synth 8-7129] Port s_axi_arcache[3] in module axi_crossbar_v2_1_30_axi_crossbar is either unconnected or has no load
WARNING: [Synth 8-7129] Port s_axi_arcache[2] in module axi_crossbar_v2_1_30_axi_crossbar is either unconnected or has no load
WARNING: [Synth 8-7129] Port s_axi_arcache[1] in module axi_crossbar_v2_1_30_axi_crossbar is either unconnected or has no load
WARNING: [Synth 8-7129] Port s_axi_arcache[0] in module axi_crossbar_v2_1_30_axi_crossbar is either unconnected or has no load
WARNING: [Synth 8-7129] Port s_axi_arqos[3] in module axi_crossbar_v2_1_30_axi_crossbar is either unconnected or has no load
WARNING: [Synth 8-7129] Port s_axi_arqos[2] in module axi_crossbar_v2_1_30_axi_crossbar is either unconnected or has no load
WARNING: [Synth 8-7129] Port s_axi_arqos[1] in module axi_crossbar_v2_1_30_axi_crossbar is either unconnected or has no load
WARNING: [Synth 8-7129] Port s_axi_arqos[0] in module axi_crossbar_v2_1_30_axi_crossbar is either unconnected or has no load
WARNING: [Synth 8-7129] Port s_axi_aruser[0] in module axi_crossbar_v2_1_30_axi_crossbar is either unconnected or has no load
WARNING: [Synth 8-7129] Port m_axi_bid[10] in module axi_crossbar_v2_1_30_axi_crossbar is either unconnected or has no load
WARNING: [Synth 8-7129] Port m_axi_bid[9] in module axi_crossbar_v2_1_30_axi_crossbar is either unconnected or has no load
WARNING: [Synth 8-7129] Port m_axi_bid[8] in module axi_crossbar_v2_1_30_axi_crossbar is either unconnected or has no load
WARNING: [Synth 8-7129] Port m_axi_bid[7] in module axi_crossbar_v2_1_30_axi_crossbar is either unconnected or has no load
WARNING: [Synth 8-7129] Port m_axi_bid[6] in module axi_crossbar_v2_1_30_axi_crossbar is either unconnected or has no load
WARNING: [Synth 8-7129] Port m_axi_bid[5] in module axi_crossbar_v2_1_30_axi_crossbar is either unconnected or has no load
WARNING: [Synth 8-7129] Port m_axi_bid[4] in module axi_crossbar_v2_1_30_axi_crossbar is either unconnected or has no load
WARNING: [Synth 8-7129] Port m_axi_bid[3] in module axi_crossbar_v2_1_30_axi_crossbar is either unconnected or has no load
WARNING: [Synth 8-7129] Port m_axi_bid[2] in module axi_crossbar_v2_1_30_axi_crossbar is either unconnected or has no load
WARNING: [Synth 8-7129] Port m_axi_bid[1] in module axi_crossbar_v2_1_30_axi_crossbar is either unconnected or has no load
WARNING: [Synth 8-7129] Port m_axi_bid[0] in module axi_crossbar_v2_1_30_axi_crossbar is either unconnected or has no load
WARNING: [Synth 8-7129] Port m_axi_buser[10] in module axi_crossbar_v2_1_30_axi_crossbar is either unconnected or has no load
WARNING: [Synth 8-7129] Port m_axi_buser[9] in module axi_crossbar_v2_1_30_axi_crossbar is either unconnected or has no load
WARNING: [Synth 8-7129] Port m_axi_buser[8] in module axi_crossbar_v2_1_30_axi_crossbar is either unconnected or has no load
WARNING: [Synth 8-7129] Port m_axi_buser[7] in module axi_crossbar_v2_1_30_axi_crossbar is either unconnected or has no load
WARNING: [Synth 8-7129] Port m_axi_buser[6] in module axi_crossbar_v2_1_30_axi_crossbar is either unconnected or has no load
WARNING: [Synth 8-7129] Port m_axi_buser[5] in module axi_crossbar_v2_1_30_axi_crossbar is either unconnected or has no load
WARNING: [Synth 8-7129] Port m_axi_buser[4] in module axi_crossbar_v2_1_30_axi_crossbar is either unconnected or has no load
WARNING: [Synth 8-7129] Port m_axi_buser[3] in module axi_crossbar_v2_1_30_axi_crossbar is either unconnected or has no load
WARNING: [Synth 8-7129] Port m_axi_buser[2] in module axi_crossbar_v2_1_30_axi_crossbar is either unconnected or has no load
WARNING: [Synth 8-7129] Port m_axi_buser[1] in module axi_crossbar_v2_1_30_axi_crossbar is either unconnected or has no load
WARNING: [Synth 8-7129] Port m_axi_buser[0] in module axi_crossbar_v2_1_30_axi_crossbar is either unconnected or has no load
WARNING: [Synth 8-7129] Port m_axi_rid[10] in module axi_crossbar_v2_1_30_axi_crossbar is either unconnected or has no load
WARNING: [Synth 8-7129] Port m_axi_rid[9] in module axi_crossbar_v2_1_30_axi_crossbar is either unconnected or has no load
WARNING: [Synth 8-7129] Port m_axi_rid[8] in module axi_crossbar_v2_1_30_axi_crossbar is either unconnected or has no load
WARNING: [Synth 8-7129] Port m_axi_rid[7] in module axi_crossbar_v2_1_30_axi_crossbar is either unconnected or has no load
WARNING: [Synth 8-7129] Port m_axi_rid[6] in module axi_crossbar_v2_1_30_axi_crossbar is either unconnected or has no load
WARNING: [Synth 8-7129] Port m_axi_rid[5] in module axi_crossbar_v2_1_30_axi_crossbar is either unconnected or has no load
WARNING: [Synth 8-7129] Port m_axi_rid[4] in module axi_crossbar_v2_1_30_axi_crossbar is either unconnected or has no load
WARNING: [Synth 8-7129] Port m_axi_rid[3] in module axi_crossbar_v2_1_30_axi_crossbar is either unconnected or has no load
WARNING: [Synth 8-7129] Port m_axi_rid[2] in module axi_crossbar_v2_1_30_axi_crossbar is either unconnected or has no load
WARNING: [Synth 8-7129] Port m_axi_rid[1] in module axi_crossbar_v2_1_30_axi_crossbar is either unconnected or has no load
WARNING: [Synth 8-7129] Port m_axi_rid[0] in module axi_crossbar_v2_1_30_axi_crossbar is either unconnected or has no load
WARNING: [Synth 8-7129] Port m_axi_rlast[10] in module axi_crossbar_v2_1_30_axi_crossbar is either unconnected or has no load
WARNING: [Synth 8-7129] Port m_axi_rlast[9] in module axi_crossbar_v2_1_30_axi_crossbar is either unconnected or has no load
WARNING: [Synth 8-7129] Port m_axi_rlast[8] in module axi_crossbar_v2_1_30_axi_crossbar is either unconnected or has no load
WARNING: [Synth 8-7129] Port m_axi_rlast[7] in module axi_crossbar_v2_1_30_axi_crossbar is either unconnected or has no load
WARNING: [Synth 8-7129] Port m_axi_rlast[6] in module axi_crossbar_v2_1_30_axi_crossbar is either unconnected or has no load
WARNING: [Synth 8-7129] Port m_axi_rlast[5] in module axi_crossbar_v2_1_30_axi_crossbar is either unconnected or has no load
WARNING: [Synth 8-7129] Port m_axi_rlast[4] in module axi_crossbar_v2_1_30_axi_crossbar is either unconnected or has no load
WARNING: [Synth 8-7129] Port m_axi_rlast[3] in module axi_crossbar_v2_1_30_axi_crossbar is either unconnected or has no load
WARNING: [Synth 8-7129] Port m_axi_rlast[2] in module axi_crossbar_v2_1_30_axi_crossbar is either unconnected or has no load
WARNING: [Synth 8-7129] Port m_axi_rlast[1] in module axi_crossbar_v2_1_30_axi_crossbar is either unconnected or has no load
WARNING: [Synth 8-7129] Port m_axi_rlast[0] in module axi_crossbar_v2_1_30_axi_crossbar is either unconnected or has no load
WARNING: [Synth 8-7129] Port m_axi_ruser[10] in module axi_crossbar_v2_1_30_axi_crossbar is either unconnected or has no load
WARNING: [Synth 8-7129] Port m_axi_ruser[9] in module axi_crossbar_v2_1_30_axi_crossbar is either unconnected or has no load
WARNING: [Synth 8-7129] Port m_axi_ruser[8] in module axi_crossbar_v2_1_30_axi_crossbar is either unconnected or has no load
WARNING: [Synth 8-7129] Port m_axi_ruser[7] in module axi_crossbar_v2_1_30_axi_crossbar is either unconnected or has no load
WARNING: [Synth 8-7129] Port m_axi_ruser[6] in module axi_crossbar_v2_1_30_axi_crossbar is either unconnected or has no load
WARNING: [Synth 8-7129] Port m_axi_ruser[5] in module axi_crossbar_v2_1_30_axi_crossbar is either unconnected or has no load
WARNING: [Synth 8-7129] Port m_axi_ruser[4] in module axi_crossbar_v2_1_30_axi_crossbar is either unconnected or has no load
WARNING: [Synth 8-7129] Port m_axi_ruser[3] in module axi_crossbar_v2_1_30_axi_crossbar is either unconnected or has no load
WARNING: [Synth 8-7129] Port m_axi_ruser[2] in module axi_crossbar_v2_1_30_axi_crossbar is either unconnected or has no load
WARNING: [Synth 8-7129] Port m_axi_ruser[1] in module axi_crossbar_v2_1_30_axi_crossbar is either unconnected or has no load
WARNING: [Synth 8-7129] Port m_axi_ruser[0] in module axi_crossbar_v2_1_30_axi_crossbar is either unconnected or has no load
---------------------------------------------------------------------------------
Finished RTL Elaboration : Time (s): cpu = 00:00:10 ; elapsed = 00:00:12 . Memory (MB): peak = 2329.848 ; gain = 599.684 ; free physical = 23905 ; free virtual = 49110
---------------------------------------------------------------------------------
---------------------------------------------------------------------------------
Start Handling Custom Attributes
---------------------------------------------------------------------------------
---------------------------------------------------------------------------------
Finished Handling Custom Attributes : Time (s): cpu = 00:00:11 ; elapsed = 00:00:12 . Memory (MB): peak = 2329.848 ; gain = 599.684 ; free physical = 23917 ; free virtual = 49122
---------------------------------------------------------------------------------
---------------------------------------------------------------------------------
Finished RTL Optimization Phase 1 : Time (s): cpu = 00:00:11 ; elapsed = 00:00:12 . Memory (MB): peak = 2329.848 ; gain = 599.684 ; free physical = 23941 ; free virtual = 49146
---------------------------------------------------------------------------------
Netlist sorting complete. Time (s): cpu = 00:00:00.02 ; elapsed = 00:00:00.02 . Memory (MB): peak = 2329.848 ; gain = 0.000 ; free physical = 23935 ; free virtual = 49140
INFO: [Project 1-570] Preparing netlist for logic optimization

Processing XDC Constraints
Initializing timing engine
Parsing XDC File [/home/chubbysoap/Documents/ADgit/hdl/projects/fmcomms2/zed/fmcomms2_zed.gen/sources_1/bd/system/ip/system_xbar_0/system_xbar_0_ooc.xdc] for cell 'inst'
Finished Parsing XDC File [/home/chubbysoap/Documents/ADgit/hdl/projects/fmcomms2/zed/fmcomms2_zed.gen/sources_1/bd/system/ip/system_xbar_0/system_xbar_0_ooc.xdc] for cell 'inst'
Parsing XDC File [/home/chubbysoap/Documents/ADgit/hdl/projects/fmcomms2/zed/fmcomms2_zed.runs/system_xbar_0_synth_1/dont_touch.xdc]
Finished Parsing XDC File [/home/chubbysoap/Documents/ADgit/hdl/projects/fmcomms2/zed/fmcomms2_zed.runs/system_xbar_0_synth_1/dont_touch.xdc]
Completed Processing XDC Constraints

Netlist sorting complete. Time (s): cpu = 00:00:00 ; elapsed = 00:00:00 . Memory (MB): peak = 2411.691 ; gain = 0.000 ; free physical = 23843 ; free virtual = 49045
INFO: [Project 1-111] Unisim Transformation Summary:
No Unisim elements were transformed.

Constraint Validation Runtime : Time (s): cpu = 00:00:00.08 ; elapsed = 00:00:00.06 . Memory (MB): peak = 2411.727 ; gain = 0.000 ; free physical = 23855 ; free virtual = 49057
INFO: [Designutils 20-5008] Incremental synthesis strategy off
---------------------------------------------------------------------------------
Finished Constraint Validation : Time (s): cpu = 00:00:17 ; elapsed = 00:00:18 . Memory (MB): peak = 2411.727 ; gain = 681.562 ; free physical = 25025 ; free virtual = 50237
---------------------------------------------------------------------------------
---------------------------------------------------------------------------------
Start Loading Part and Timing Information
---------------------------------------------------------------------------------
Loading part: xc7z020clg484-1
---------------------------------------------------------------------------------
Finished Loading Part and Timing Information : Time (s): cpu = 00:00:17 ; elapsed = 00:00:18 . Memory (MB): peak = 2411.727 ; gain = 681.562 ; free physical = 25025 ; free virtual = 50237
---------------------------------------------------------------------------------
---------------------------------------------------------------------------------
Start Applying 'set_property' XDC Constraints
---------------------------------------------------------------------------------
Applied set_property KEEP_HIERARCHY = SOFT for inst. (constraint file  /home/chubbysoap/Documents/ADgit/hdl/projects/fmcomms2/zed/fmcomms2_zed.runs/system_xbar_0_synth_1/dont_touch.xdc, line 9).
---------------------------------------------------------------------------------
Finished applying 'set_property' XDC Constraints : Time (s): cpu = 00:00:17 ; elapsed = 00:00:18 . Memory (MB): peak = 2411.727 ; gain = 681.562 ; free physical = 25025 ; free virtual = 50237
---------------------------------------------------------------------------------
---------------------------------------------------------------------------------
Finished RTL Optimization Phase 2 : Time (s): cpu = 00:00:18 ; elapsed = 00:00:19 . Memory (MB): peak = 2411.727 ; gain = 681.562 ; free physical = 25023 ; free virtual = 50238
---------------------------------------------------------------------------------
---------------------------------------------------------------------------------
Start RTL Component Statistics 
---------------------------------------------------------------------------------
Detailed RTL Component Info : 
+---Registers : 
	               64 Bit    Registers := 1     
	               36 Bit    Registers := 2     
	               12 Bit    Registers := 1     
	                4 Bit    Registers := 1     
	                3 Bit    Registers := 1     
	                2 Bit    Registers := 2     
	                1 Bit    Registers := 14    
+---Muxes : 
	   2 Input   64 Bit        Muxes := 1     
	   2 Input   36 Bit        Muxes := 2     
	   2 Input   12 Bit        Muxes := 1     
	   2 Input   11 Bit        Muxes := 1     
	   2 Input    4 Bit        Muxes := 2     
	   2 Input    1 Bit        Muxes := 92    
---------------------------------------------------------------------------------
Finished RTL Component Statistics 
---------------------------------------------------------------------------------
---------------------------------------------------------------------------------
Start Part Resource Summary
---------------------------------------------------------------------------------
Part Resources:
DSPs: 220 (col length:60)
BRAMs: 280 (col length: RAMB18 60 RAMB36 30)
---------------------------------------------------------------------------------
Finished Part Resource Summary
---------------------------------------------------------------------------------
---------------------------------------------------------------------------------
Start Cross Boundary and Area Optimization
---------------------------------------------------------------------------------
WARNING: [Synth 8-7080] Parallel synthesis criteria is not met
INFO: [Synth 8-3936] Found unconnected internal register 'gen_sasd.crossbar_sasd_0/reg_slice_r/m_payload_i_reg' and it is trimmed from '36' to '35' bits. [/home/chubbysoap/Documents/ADgit/hdl/projects/fmcomms2/zed/fmcomms2_zed.gen/sources_1/bd/system/ipshared/ff9f/hdl/axi_register_slice_v2_1_vl_rfs.v:1726]
WARNING: [Synth 8-7129] Port s_axi_awid[0] in module axi_crossbar_v2_1_30_axi_crossbar is either unconnected or has no load
WARNING: [Synth 8-7129] Port s_axi_awlen[7] in module axi_crossbar_v2_1_30_axi_crossbar is either unconnected or has no load
WARNING: [Synth 8-7129] Port s_axi_awlen[6] in module axi_crossbar_v2_1_30_axi_crossbar is either unconnected or has no load
WARNING: [Synth 8-7129] Port s_axi_awlen[5] in module axi_crossbar_v2_1_30_axi_crossbar is either unconnected or has no load
WARNING: [Synth 8-7129] Port s_axi_awlen[4] in module axi_crossbar_v2_1_30_axi_crossbar is either unconnected or has no load
WARNING: [Synth 8-7129] Port s_axi_awlen[3] in module axi_crossbar_v2_1_30_axi_crossbar is either unconnected or has no load
WARNING: [Synth 8-7129] Port s_axi_awlen[2] in module axi_crossbar_v2_1_30_axi_crossbar is either unconnected or has no load
WARNING: [Synth 8-7129] Port s_axi_awlen[1] in module axi_crossbar_v2_1_30_axi_crossbar is either unconnected or has no load
WARNING: [Synth 8-7129] Port s_axi_awlen[0] in module axi_crossbar_v2_1_30_axi_crossbar is either unconnected or has no load
WARNING: [Synth 8-7129] Port s_axi_awsize[2] in module axi_crossbar_v2_1_30_axi_crossbar is either unconnected or has no load
WARNING: [Synth 8-7129] Port s_axi_awsize[1] in module axi_crossbar_v2_1_30_axi_crossbar is either unconnected or has no load
WARNING: [Synth 8-7129] Port s_axi_awsize[0] in module axi_crossbar_v2_1_30_axi_crossbar is either unconnected or has no load
WARNING: [Synth 8-7129] Port s_axi_awburst[1] in module axi_crossbar_v2_1_30_axi_crossbar is either unconnected or has no load
WARNING: [Synth 8-7129] Port s_axi_awburst[0] in module axi_crossbar_v2_1_30_axi_crossbar is either unconnected or has no load
WARNING: [Synth 8-7129] Port s_axi_awlock[0] in module axi_crossbar_v2_1_30_axi_crossbar is either unconnected or has no load
WARNING: [Synth 8-7129] Port s_axi_awcache[3] in module axi_crossbar_v2_1_30_axi_crossbar is either unconnected or has no load
WARNING: [Synth 8-7129] Port s_axi_awcache[2] in module axi_crossbar_v2_1_30_axi_crossbar is either unconnected or has no load
WARNING: [Synth 8-7129] Port s_axi_awcache[1] in module axi_crossbar_v2_1_30_axi_crossbar is either unconnected or has no load
WARNING: [Synth 8-7129] Port s_axi_awcache[0] in module axi_crossbar_v2_1_30_axi_crossbar is either unconnected or has no load
WARNING: [Synth 8-7129] Port s_axi_awqos[3] in module axi_crossbar_v2_1_30_axi_crossbar is either unconnected or has no load
WARNING: [Synth 8-7129] Port s_axi_awqos[2] in module axi_crossbar_v2_1_30_axi_crossbar is either unconnected or has no load
WARNING: [Synth 8-7129] Port s_axi_awqos[1] in module axi_crossbar_v2_1_30_axi_crossbar is either unconnected or has no load
WARNING: [Synth 8-7129] Port s_axi_awqos[0] in module axi_crossbar_v2_1_30_axi_crossbar is either unconnected or has no load
WARNING: [Synth 8-7129] Port s_axi_awuser[0] in module axi_crossbar_v2_1_30_axi_crossbar is either unconnected or has no load
WARNING: [Synth 8-7129] Port s_axi_wid[0] in module axi_crossbar_v2_1_30_axi_crossbar is either unconnected or has no load
WARNING: [Synth 8-7129] Port s_axi_wlast[0] in module axi_crossbar_v2_1_30_axi_crossbar is either unconnected or has no load
WARNING: [Synth 8-7129] Port s_axi_wuser[0] in module axi_crossbar_v2_1_30_axi_crossbar is either unconnected or has no load
WARNING: [Synth 8-7129] Port s_axi_arid[0] in module axi_crossbar_v2_1_30_axi_crossbar is either unconnected or has no load
WARNING: [Synth 8-7129] Port s_axi_arlen[7] in module axi_crossbar_v2_1_30_axi_crossbar is either unconnected or has no load
WARNING: [Synth 8-7129] Port s_axi_arlen[6] in module axi_crossbar_v2_1_30_axi_crossbar is either unconnected or has no load
WARNING: [Synth 8-7129] Port s_axi_arlen[5] in module axi_crossbar_v2_1_30_axi_crossbar is either unconnected or has no load
WARNING: [Synth 8-7129] Port s_axi_arlen[4] in module axi_crossbar_v2_1_30_axi_crossbar is either unconnected or has no load
WARNING: [Synth 8-7129] Port s_axi_arlen[3] in module axi_crossbar_v2_1_30_axi_crossbar is either unconnected or has no load
WARNING: [Synth 8-7129] Port s_axi_arlen[2] in module axi_crossbar_v2_1_30_axi_crossbar is either unconnected or has no load
WARNING: [Synth 8-7129] Port s_axi_arlen[1] in module axi_crossbar_v2_1_30_axi_crossbar is either unconnected or has no load
WARNING: [Synth 8-7129] Port s_axi_arlen[0] in module axi_crossbar_v2_1_30_axi_crossbar is either unconnected or has no load
WARNING: [Synth 8-7129] Port s_axi_arsize[2] in module axi_crossbar_v2_1_30_axi_crossbar is either unconnected or has no load
WARNING: [Synth 8-7129] Port s_axi_arsize[1] in module axi_crossbar_v2_1_30_axi_crossbar is either unconnected or has no load
WARNING: [Synth 8-7129] Port s_axi_arsize[0] in module axi_crossbar_v2_1_30_axi_crossbar is either unconnected or has no load
WARNING: [Synth 8-7129] Port s_axi_arburst[1] in module axi_crossbar_v2_1_30_axi_crossbar is either unconnected or has no load
WARNING: [Synth 8-7129] Port s_axi_arburst[0] in module axi_crossbar_v2_1_30_axi_crossbar is either unconnected or has no load
WARNING: [Synth 8-7129] Port s_axi_arlock[0] in module axi_crossbar_v2_1_30_axi_crossbar is either unconnected or has no load
WARNING: [Synth 8-7129] Port s_axi_arcache[3] in module axi_crossbar_v2_1_30_axi_crossbar is either unconnected or has no load
WARNING: [Synth 8-7129] Port s_axi_arcache[2] in module axi_crossbar_v2_1_30_axi_crossbar is either unconnected or has no load
WARNING: [Synth 8-7129] Port s_axi_arcache[1] in module axi_crossbar_v2_1_30_axi_crossbar is either unconnected or has no load
WARNING: [Synth 8-7129] Port s_axi_arcache[0] in module axi_crossbar_v2_1_30_axi_crossbar is either unconnected or has no load
WARNING: [Synth 8-7129] Port s_axi_arqos[3] in module axi_crossbar_v2_1_30_axi_crossbar is either unconnected or has no load
WARNING: [Synth 8-7129] Port s_axi_arqos[2] in module axi_crossbar_v2_1_30_axi_crossbar is either unconnected or has no load
WARNING: [Synth 8-7129] Port s_axi_arqos[1] in module axi_crossbar_v2_1_30_axi_crossbar is either unconnected or has no load
WARNING: [Synth 8-7129] Port s_axi_arqos[0] in module axi_crossbar_v2_1_30_axi_crossbar is either unconnected or has no load
WARNING: [Synth 8-7129] Port s_axi_aruser[0] in module axi_crossbar_v2_1_30_axi_crossbar is either unconnected or has no load
WARNING: [Synth 8-7129] Port m_axi_bid[10] in module axi_crossbar_v2_1_30_axi_crossbar is either unconnected or has no load
WARNING: [Synth 8-7129] Port m_axi_bid[9] in module axi_crossbar_v2_1_30_axi_crossbar is either unconnected or has no load
WARNING: [Synth 8-7129] Port m_axi_bid[8] in module axi_crossbar_v2_1_30_axi_crossbar is either unconnected or has no load
WARNING: [Synth 8-7129] Port m_axi_bid[7] in module axi_crossbar_v2_1_30_axi_crossbar is either unconnected or has no load
WARNING: [Synth 8-7129] Port m_axi_bid[6] in module axi_crossbar_v2_1_30_axi_crossbar is either unconnected or has no load
WARNING: [Synth 8-7129] Port m_axi_bid[5] in module axi_crossbar_v2_1_30_axi_crossbar is either unconnected or has no load
WARNING: [Synth 8-7129] Port m_axi_bid[4] in module axi_crossbar_v2_1_30_axi_crossbar is either unconnected or has no load
WARNING: [Synth 8-7129] Port m_axi_bid[3] in module axi_crossbar_v2_1_30_axi_crossbar is either unconnected or has no load
WARNING: [Synth 8-7129] Port m_axi_bid[2] in module axi_crossbar_v2_1_30_axi_crossbar is either unconnected or has no load
WARNING: [Synth 8-7129] Port m_axi_bid[1] in module axi_crossbar_v2_1_30_axi_crossbar is either unconnected or has no load
WARNING: [Synth 8-7129] Port m_axi_bid[0] in module axi_crossbar_v2_1_30_axi_crossbar is either unconnected or has no load
WARNING: [Synth 8-7129] Port m_axi_buser[10] in module axi_crossbar_v2_1_30_axi_crossbar is either unconnected or has no load
WARNING: [Synth 8-7129] Port m_axi_buser[9] in module axi_crossbar_v2_1_30_axi_crossbar is either unconnected or has no load
WARNING: [Synth 8-7129] Port m_axi_buser[8] in module axi_crossbar_v2_1_30_axi_crossbar is either unconnected or has no load
WARNING: [Synth 8-7129] Port m_axi_buser[7] in module axi_crossbar_v2_1_30_axi_crossbar is either unconnected or has no load
WARNING: [Synth 8-7129] Port m_axi_buser[6] in module axi_crossbar_v2_1_30_axi_crossbar is either unconnected or has no load
WARNING: [Synth 8-7129] Port m_axi_buser[5] in module axi_crossbar_v2_1_30_axi_crossbar is either unconnected or has no load
WARNING: [Synth 8-7129] Port m_axi_buser[4] in module axi_crossbar_v2_1_30_axi_crossbar is either unconnected or has no load
WARNING: [Synth 8-7129] Port m_axi_buser[3] in module axi_crossbar_v2_1_30_axi_crossbar is either unconnected or has no load
WARNING: [Synth 8-7129] Port m_axi_buser[2] in module axi_crossbar_v2_1_30_axi_crossbar is either unconnected or has no load
WARNING: [Synth 8-7129] Port m_axi_buser[1] in module axi_crossbar_v2_1_30_axi_crossbar is either unconnected or has no load
WARNING: [Synth 8-7129] Port m_axi_buser[0] in module axi_crossbar_v2_1_30_axi_crossbar is either unconnected or has no load
WARNING: [Synth 8-7129] Port m_axi_rid[10] in module axi_crossbar_v2_1_30_axi_crossbar is either unconnected or has no load
WARNING: [Synth 8-7129] Port m_axi_rid[9] in module axi_crossbar_v2_1_30_axi_crossbar is either unconnected or has no load
WARNING: [Synth 8-7129] Port m_axi_rid[8] in module axi_crossbar_v2_1_30_axi_crossbar is either unconnected or has no load
WARNING: [Synth 8-7129] Port m_axi_rid[7] in module axi_crossbar_v2_1_30_axi_crossbar is either unconnected or has no load
WARNING: [Synth 8-7129] Port m_axi_rid[6] in module axi_crossbar_v2_1_30_axi_crossbar is either unconnected or has no load
WARNING: [Synth 8-7129] Port m_axi_rid[5] in module axi_crossbar_v2_1_30_axi_crossbar is either unconnected or has no load
WARNING: [Synth 8-7129] Port m_axi_rid[4] in module axi_crossbar_v2_1_30_axi_crossbar is either unconnected or has no load
WARNING: [Synth 8-7129] Port m_axi_rid[3] in module axi_crossbar_v2_1_30_axi_crossbar is either unconnected or has no load
WARNING: [Synth 8-7129] Port m_axi_rid[2] in module axi_crossbar_v2_1_30_axi_crossbar is either unconnected or has no load
WARNING: [Synth 8-7129] Port m_axi_rid[1] in module axi_crossbar_v2_1_30_axi_crossbar is either unconnected or has no load
WARNING: [Synth 8-7129] Port m_axi_rid[0] in module axi_crossbar_v2_1_30_axi_crossbar is either unconnected or has no load
WARNING: [Synth 8-7129] Port m_axi_rlast[10] in module axi_crossbar_v2_1_30_axi_crossbar is either unconnected or has no load
WARNING: [Synth 8-7129] Port m_axi_rlast[9] in module axi_crossbar_v2_1_30_axi_crossbar is either unconnected or has no load
WARNING: [Synth 8-7129] Port m_axi_rlast[8] in module axi_crossbar_v2_1_30_axi_crossbar is either unconnected or has no load
WARNING: [Synth 8-7129] Port m_axi_rlast[7] in module axi_crossbar_v2_1_30_axi_crossbar is either unconnected or has no load
WARNING: [Synth 8-7129] Port m_axi_rlast[6] in module axi_crossbar_v2_1_30_axi_crossbar is either unconnected or has no load
WARNING: [Synth 8-7129] Port m_axi_rlast[5] in module axi_crossbar_v2_1_30_axi_crossbar is either unconnected or has no load
WARNING: [Synth 8-7129] Port m_axi_rlast[4] in module axi_crossbar_v2_1_30_axi_crossbar is either unconnected or has no load
WARNING: [Synth 8-7129] Port m_axi_rlast[3] in module axi_crossbar_v2_1_30_axi_crossbar is either unconnected or has no load
WARNING: [Synth 8-7129] Port m_axi_rlast[2] in module axi_crossbar_v2_1_30_axi_crossbar is either unconnected or has no load
WARNING: [Synth 8-7129] Port m_axi_rlast[1] in module axi_crossbar_v2_1_30_axi_crossbar is either unconnected or has no load
WARNING: [Synth 8-7129] Port m_axi_rlast[0] in module axi_crossbar_v2_1_30_axi_crossbar is either unconnected or has no load
WARNING: [Synth 8-7129] Port m_axi_ruser[10] in module axi_crossbar_v2_1_30_axi_crossbar is either unconnected or has no load
WARNING: [Synth 8-7129] Port m_axi_ruser[9] in module axi_crossbar_v2_1_30_axi_crossbar is either unconnected or has no load
WARNING: [Synth 8-7129] Port m_axi_ruser[8] in module axi_crossbar_v2_1_30_axi_crossbar is either unconnected or has no load
WARNING: [Synth 8-7129] Port m_axi_ruser[7] in module axi_crossbar_v2_1_30_axi_crossbar is either unconnected or has no load
WARNING: [Synth 8-7129] Port m_axi_ruser[6] in module axi_crossbar_v2_1_30_axi_crossbar is either unconnected or has no load
WARNING: [Synth 8-7129] Port m_axi_ruser[5] in module axi_crossbar_v2_1_30_axi_crossbar is either unconnected or has no load
WARNING: [Synth 8-7129] Port m_axi_ruser[4] in module axi_crossbar_v2_1_30_axi_crossbar is either unconnected or has no load
WARNING: [Synth 8-7129] Port m_axi_ruser[3] in module axi_crossbar_v2_1_30_axi_crossbar is either unconnected or has no load
WARNING: [Synth 8-7129] Port m_axi_ruser[2] in module axi_crossbar_v2_1_30_axi_crossbar is either unconnected or has no load
WARNING: [Synth 8-7129] Port m_axi_ruser[1] in module axi_crossbar_v2_1_30_axi_crossbar is either unconnected or has no load
WARNING: [Synth 8-7129] Port m_axi_ruser[0] in module axi_crossbar_v2_1_30_axi_crossbar is either unconnected or has no load
---------------------------------------------------------------------------------
Finished Cross Boundary and Area Optimization : Time (s): cpu = 00:00:20 ; elapsed = 00:00:21 . Memory (MB): peak = 2411.727 ; gain = 681.562 ; free physical = 26124 ; free virtual = 51316
---------------------------------------------------------------------------------
---------------------------------------------------------------------------------
Start Applying XDC Timing Constraints
---------------------------------------------------------------------------------
---------------------------------------------------------------------------------
Finished Applying XDC Timing Constraints : Time (s): cpu = 00:00:25 ; elapsed = 00:00:26 . Memory (MB): peak = 2411.727 ; gain = 681.562 ; free physical = 25389 ; free virtual = 50550
---------------------------------------------------------------------------------
---------------------------------------------------------------------------------
Start Timing Optimization
---------------------------------------------------------------------------------
---------------------------------------------------------------------------------
Finished Timing Optimization : Time (s): cpu = 00:00:27 ; elapsed = 00:00:28 . Memory (MB): peak = 2411.727 ; gain = 681.562 ; free physical = 25171 ; free virtual = 50385
---------------------------------------------------------------------------------
---------------------------------------------------------------------------------
Start Technology Mapping
---------------------------------------------------------------------------------
---------------------------------------------------------------------------------
Finished Technology Mapping : Time (s): cpu = 00:00:27 ; elapsed = 00:00:28 . Memory (MB): peak = 2411.727 ; gain = 681.562 ; free physical = 25131 ; free virtual = 50344
---------------------------------------------------------------------------------
---------------------------------------------------------------------------------
Start IO Insertion
---------------------------------------------------------------------------------
---------------------------------------------------------------------------------
Start Flattening Before IO Insertion
---------------------------------------------------------------------------------
---------------------------------------------------------------------------------
Finished Flattening Before IO Insertion
---------------------------------------------------------------------------------
---------------------------------------------------------------------------------
Start Final Netlist Cleanup
---------------------------------------------------------------------------------
---------------------------------------------------------------------------------
Finished Final Netlist Cleanup
---------------------------------------------------------------------------------
---------------------------------------------------------------------------------
Finished IO Insertion : Time (s): cpu = 00:00:31 ; elapsed = 00:00:32 . Memory (MB): peak = 2411.727 ; gain = 681.562 ; free physical = 24309 ; free virtual = 49502
---------------------------------------------------------------------------------
---------------------------------------------------------------------------------
Start Renaming Generated Instances
---------------------------------------------------------------------------------
---------------------------------------------------------------------------------
Finished Renaming Generated Instances : Time (s): cpu = 00:00:31 ; elapsed = 00:00:32 . Memory (MB): peak = 2411.727 ; gain = 681.562 ; free physical = 24309 ; free virtual = 49502
---------------------------------------------------------------------------------
---------------------------------------------------------------------------------
Start Rebuilding User Hierarchy
---------------------------------------------------------------------------------
---------------------------------------------------------------------------------
Finished Rebuilding User Hierarchy : Time (s): cpu = 00:00:31 ; elapsed = 00:00:32 . Memory (MB): peak = 2411.727 ; gain = 681.562 ; free physical = 24299 ; free virtual = 49490
---------------------------------------------------------------------------------
---------------------------------------------------------------------------------
Start Renaming Generated Ports
---------------------------------------------------------------------------------
---------------------------------------------------------------------------------
Finished Renaming Generated Ports : Time (s): cpu = 00:00:31 ; elapsed = 00:00:32 . Memory (MB): peak = 2411.727 ; gain = 681.562 ; free physical = 24299 ; free virtual = 49490
---------------------------------------------------------------------------------
---------------------------------------------------------------------------------
Start Handling Custom Attributes
---------------------------------------------------------------------------------
---------------------------------------------------------------------------------
Finished Handling Custom Attributes : Time (s): cpu = 00:00:31 ; elapsed = 00:00:32 . Memory (MB): peak = 2411.727 ; gain = 681.562 ; free physical = 24291 ; free virtual = 49482
---------------------------------------------------------------------------------
---------------------------------------------------------------------------------
Start Renaming Generated Nets
---------------------------------------------------------------------------------
---------------------------------------------------------------------------------
Finished Renaming Generated Nets : Time (s): cpu = 00:00:31 ; elapsed = 00:00:32 . Memory (MB): peak = 2411.727 ; gain = 681.562 ; free physical = 24291 ; free virtual = 49482
---------------------------------------------------------------------------------
---------------------------------------------------------------------------------
Start Writing Synthesis Report
---------------------------------------------------------------------------------

Report BlackBoxes: 
+-+--------------+----------+
| |BlackBox name |Instances |
+-+--------------+----------+
+-+--------------+----------+

Report Cell Usage: 
+------+-----+------+
|      |Cell |Count |
+------+-----+------+
|1     |LUT1 |     1|
|2     |LUT2 |    21|
|3     |LUT3 |    26|
|4     |LUT4 |    88|
|5     |LUT5 |    76|
|6     |LUT6 |   279|
|7     |FDRE |   141|
+------+-----+------+
---------------------------------------------------------------------------------
Finished Writing Synthesis Report : Time (s): cpu = 00:00:31 ; elapsed = 00:00:32 . Memory (MB): peak = 2411.727 ; gain = 681.562 ; free physical = 24291 ; free virtual = 49482
---------------------------------------------------------------------------------
Synthesis finished with 0 errors, 0 critical warnings and 107 warnings.
Synthesis Optimization Runtime : Time (s): cpu = 00:00:29 ; elapsed = 00:00:30 . Memory (MB): peak = 2411.727 ; gain = 599.684 ; free physical = 24267 ; free virtual = 49459
Synthesis Optimization Complete : Time (s): cpu = 00:00:31 ; elapsed = 00:00:32 . Memory (MB): peak = 2411.727 ; gain = 681.562 ; free physical = 24267 ; free virtual = 49459
INFO: [Project 1-571] Translating synthesized netlist
Netlist sorting complete. Time (s): cpu = 00:00:00.02 ; elapsed = 00:00:00.02 . Memory (MB): peak = 2411.727 ; gain = 0.000 ; free physical = 24464 ; free virtual = 49656
INFO: [Project 1-570] Preparing netlist for logic optimization
INFO: [Opt 31-138] Pushed 0 inverter(s) to 0 load pin(s).
Netlist sorting complete. Time (s): cpu = 00:00:00 ; elapsed = 00:00:00 . Memory (MB): peak = 2411.727 ; gain = 0.000 ; free physical = 24398 ; free virtual = 49589
INFO: [Project 1-111] Unisim Transformation Summary:
No Unisim elements were transformed.

Synth Design complete | Checksum: 3c9e5bfd
INFO: [Common 17-83] Releasing license: Synthesis
68 Infos, 255 Warnings, 0 Critical Warnings and 0 Errors encountered.
synth_design completed successfully
synth_design: Time (s): cpu = 00:00:40 ; elapsed = 00:00:37 . Memory (MB): peak = 2411.727 ; gain = 1034.031 ; free physical = 24378 ; free virtual = 49569
INFO: [Common 17-2834] synth_design peak Physical Memory [PSS] (MB): overall = 1880.334; main = 1555.793; forked = 335.434
INFO: [Common 17-2834] synth_design peak Virtual Memory [VSS] (MB): overall = 3371.922; main = 2411.695; forked = 992.242
Write ShapeDB Complete: Time (s): cpu = 00:00:00.01 ; elapsed = 00:00:00 . Memory (MB): peak = 2435.703 ; gain = 0.000 ; free physical = 24357 ; free virtual = 49548
INFO: [Common 17-1381] The checkpoint '/home/chubbysoap/Documents/ADgit/hdl/projects/fmcomms2/zed/fmcomms2_zed.runs/system_xbar_0_synth_1/system_xbar_0.dcp' has been generated.
INFO: [Coretcl 2-1648] Added synthesis output to IP cache for IP system_xbar_0, cache-ID = 92036d79614ffe9b
INFO: [Coretcl 2-1174] Renamed 7 cell refs.
Write ShapeDB Complete: Time (s): cpu = 00:00:00 ; elapsed = 00:00:00 . Memory (MB): peak = 2435.703 ; gain = 0.000 ; free physical = 24155 ; free virtual = 49349
INFO: [Common 17-1381] The checkpoint '/home/chubbysoap/Documents/ADgit/hdl/projects/fmcomms2/zed/fmcomms2_zed.runs/system_xbar_0_synth_1/system_xbar_0.dcp' has been generated.
INFO: [runtcl-4] Executing : report_utilization -file system_xbar_0_utilization_synth.rpt -pb system_xbar_0_utilization_synth.pb
INFO: [Common 17-206] Exiting Vivado at Thu Feb  5 05:37:26 2026...
