
*** Running vivado
    with args -log system_axi_spdif_tx_core_0.vds -m64 -product Vivado -mode batch -messageDb vivado.pb -notrace -source system_axi_spdif_tx_core_0.tcl


****** Vivado v2023.2 (64-bit)
  **** SW Build 4029153 on Fri Oct 13 20:13:54 MDT 2023
  **** IP Build 4028589 on Sat Oct 14 00:45:43 MDT 2023
  **** SharedData Build 4025554 on Tue Oct 10 17:18:54 MDT 2023
    ** Copyright 1986-2022 Xilinx, Inc. All Rights Reserved.
    ** Copyright 2022-2023 Advanced Micro Devices, Inc. All Rights Reserved.

source system_axi_spdif_tx_core_0.tcl -notrace
create_project: Time (s): cpu = 00:00:07 ; elapsed = 00:00:07 . Memory (MB): peak = 1351.066 ; gain = 2.992 ; free physical = 26019 ; free virtual = 51149
INFO: [IP_Flow 19-234] Refreshing IP repositories
INFO: [IP_Flow 19-1700] Loaded user IP repository '/home/chubbysoap/Documents/ADgit/hdl/library'.
INFO: [IP_Flow 19-2313] Loaded Vivado IP repository '/tools/Xilinx/Vivado/2023.2/data/ip'.
INFO: [IP_Flow 19-6924] IPCACHE: Running cache check for IP inst: system_axi_spdif_tx_core_0
Command: synth_design -top system_axi_spdif_tx_core_0 -part xc7z020clg484-1 -incremental_mode off -mode out_of_context
Starting synth_design
Attempting to get a license for feature 'Synthesis' and/or device 'xc7z020'
INFO: [Common 17-349] Got license for feature 'Synthesis' and/or device 'xc7z020'
INFO: [Device 21-403] Loading part xc7z020clg484-1
INFO: [Synth 8-7079] Multithreading enabled for synth_design using a maximum of 4 processes.
INFO: [Synth 8-7078] Launching helper process for spawning children vivado processes
INFO: [Synth 8-7075] Helper process launched with PID 142946
---------------------------------------------------------------------------------
Starting RTL Elaboration : Time (s): cpu = 00:00:05 ; elapsed = 00:00:05 . Memory (MB): peak = 2124.125 ; gain = 403.746 ; free physical = 24101 ; free virtual = 49244
---------------------------------------------------------------------------------
INFO: [Synth 8-638] synthesizing module 'system_axi_spdif_tx_core_0' [/home/chubbysoap/Documents/ADgit/hdl/projects/fmcomms2/zed/fmcomms2_zed.gen/sources_1/bd/system/ip/system_axi_spdif_tx_core_0/synth/system_axi_spdif_tx_core_0.vhd:93]
	Parameter S_AXI_DATA_WIDTH bound to: 32 - type: integer 
	Parameter S_AXI_ADDRESS_WIDTH bound to: 16 - type: integer 
	Parameter DEVICE_FAMILY bound to: virtex6 - type: string 
	Parameter DMA_TYPE bound to: 1 - type: integer 
INFO: [Synth 8-3491] module 'axi_spdif_tx' declared at '/home/chubbysoap/Documents/ADgit/hdl/projects/fmcomms2/zed/fmcomms2_zed.gen/sources_1/bd/system/ipshared/f384/axi_spdif_tx.vhd:45' bound to instance 'U0' of component 'axi_spdif_tx' [/home/chubbysoap/Documents/ADgit/hdl/projects/fmcomms2/zed/fmcomms2_zed.gen/sources_1/bd/system/ip/system_axi_spdif_tx_core_0/synth/system_axi_spdif_tx_core_0.vhd:193]
INFO: [Synth 8-638] synthesizing module 'axi_spdif_tx' [/home/chubbysoap/Documents/ADgit/hdl/projects/fmcomms2/zed/fmcomms2_zed.gen/sources_1/bd/system/ipshared/f384/axi_spdif_tx.vhd:105]
INFO: [Synth 8-638] synthesizing module 'pl330_dma_fifo' [/home/chubbysoap/Documents/ADgit/hdl/projects/fmcomms2/zed/fmcomms2_zed.gen/sources_1/bd/system/ipshared/f384/_1/common/pl330_dma_fifo.vhd:81]
INFO: [Synth 8-638] synthesizing module 'dma_fifo' [/home/chubbysoap/Documents/ADgit/hdl/projects/fmcomms2/zed/fmcomms2_zed.gen/sources_1/bd/system/ipshared/f384/_1/common/dma_fifo.vhd:62]
INFO: [Synth 8-256] done synthesizing module 'dma_fifo' (0#1) [/home/chubbysoap/Documents/ADgit/hdl/projects/fmcomms2/zed/fmcomms2_zed.gen/sources_1/bd/system/ipshared/f384/_1/common/dma_fifo.vhd:62]
INFO: [Synth 8-256] done synthesizing module 'pl330_dma_fifo' (0#1) [/home/chubbysoap/Documents/ADgit/hdl/projects/fmcomms2/zed/fmcomms2_zed.gen/sources_1/bd/system/ipshared/f384/_1/common/pl330_dma_fifo.vhd:81]
	Parameter DATA_WIDTH bound to: 16 - type: integer 
INFO: [Synth 8-3491] module 'tx_encoder' declared at '/home/chubbysoap/Documents/ADgit/hdl/projects/fmcomms2/zed/fmcomms2_zed.gen/sources_1/bd/system/ipshared/f384/tx_encoder.vhd:56' bound to instance 'TENC' of component 'tx_encoder' [/home/chubbysoap/Documents/ADgit/hdl/projects/fmcomms2/zed/fmcomms2_zed.gen/sources_1/bd/system/ipshared/f384/axi_spdif_tx.vhd:230]
INFO: [Synth 8-638] synthesizing module 'tx_encoder' [/home/chubbysoap/Documents/ADgit/hdl/projects/fmcomms2/zed/fmcomms2_zed.gen/sources_1/bd/system/ipshared/f384/tx_encoder.vhd:77]
INFO: [Synth 8-226] default block is never used [/home/chubbysoap/Documents/ADgit/hdl/projects/fmcomms2/zed/fmcomms2_zed.gen/sources_1/bd/system/ipshared/f384/tx_encoder.vhd:254]
INFO: [Synth 8-256] done synthesizing module 'tx_encoder' (0#1) [/home/chubbysoap/Documents/ADgit/hdl/projects/fmcomms2/zed/fmcomms2_zed.gen/sources_1/bd/system/ipshared/f384/tx_encoder.vhd:77]
INFO: [Synth 8-638] synthesizing module 'axi_ctrlif' [/home/chubbysoap/Documents/ADgit/hdl/projects/fmcomms2/zed/fmcomms2_zed.gen/sources_1/bd/system/ipshared/f384/_1/common/axi_ctrlif.vhd:84]
INFO: [Synth 8-256] done synthesizing module 'axi_ctrlif' (0#1) [/home/chubbysoap/Documents/ADgit/hdl/projects/fmcomms2/zed/fmcomms2_zed.gen/sources_1/bd/system/ipshared/f384/_1/common/axi_ctrlif.vhd:84]
INFO: [Synth 8-256] done synthesizing module 'axi_spdif_tx' (0#1) [/home/chubbysoap/Documents/ADgit/hdl/projects/fmcomms2/zed/fmcomms2_zed.gen/sources_1/bd/system/ipshared/f384/axi_spdif_tx.vhd:105]
INFO: [Synth 8-256] done synthesizing module 'system_axi_spdif_tx_core_0' (0#1) [/home/chubbysoap/Documents/ADgit/hdl/projects/fmcomms2/zed/fmcomms2_zed.gen/sources_1/bd/system/ip/system_axi_spdif_tx_core_0/synth/system_axi_spdif_tx_core_0.vhd:93]
WARNING: [Synth 8-7129] Port s_axi_awaddr[15] in module axi_ctrlif is either unconnected or has no load
WARNING: [Synth 8-7129] Port s_axi_awaddr[14] in module axi_ctrlif is either unconnected or has no load
WARNING: [Synth 8-7129] Port s_axi_awaddr[13] in module axi_ctrlif is either unconnected or has no load
WARNING: [Synth 8-7129] Port s_axi_awaddr[12] in module axi_ctrlif is either unconnected or has no load
WARNING: [Synth 8-7129] Port s_axi_awaddr[11] in module axi_ctrlif is either unconnected or has no load
WARNING: [Synth 8-7129] Port s_axi_awaddr[10] in module axi_ctrlif is either unconnected or has no load
WARNING: [Synth 8-7129] Port s_axi_awaddr[9] in module axi_ctrlif is either unconnected or has no load
WARNING: [Synth 8-7129] Port s_axi_awaddr[8] in module axi_ctrlif is either unconnected or has no load
WARNING: [Synth 8-7129] Port s_axi_awaddr[7] in module axi_ctrlif is either unconnected or has no load
WARNING: [Synth 8-7129] Port s_axi_awaddr[6] in module axi_ctrlif is either unconnected or has no load
WARNING: [Synth 8-7129] Port s_axi_awaddr[5] in module axi_ctrlif is either unconnected or has no load
WARNING: [Synth 8-7129] Port s_axi_awaddr[4] in module axi_ctrlif is either unconnected or has no load
WARNING: [Synth 8-7129] Port s_axi_awaddr[1] in module axi_ctrlif is either unconnected or has no load
WARNING: [Synth 8-7129] Port s_axi_awaddr[0] in module axi_ctrlif is either unconnected or has no load
WARNING: [Synth 8-7129] Port s_axi_wstrb[3] in module axi_ctrlif is either unconnected or has no load
WARNING: [Synth 8-7129] Port s_axi_wstrb[2] in module axi_ctrlif is either unconnected or has no load
WARNING: [Synth 8-7129] Port s_axi_wstrb[1] in module axi_ctrlif is either unconnected or has no load
WARNING: [Synth 8-7129] Port s_axi_wstrb[0] in module axi_ctrlif is either unconnected or has no load
WARNING: [Synth 8-7129] Port s_axi_araddr[15] in module axi_ctrlif is either unconnected or has no load
WARNING: [Synth 8-7129] Port s_axi_araddr[14] in module axi_ctrlif is either unconnected or has no load
WARNING: [Synth 8-7129] Port s_axi_araddr[13] in module axi_ctrlif is either unconnected or has no load
WARNING: [Synth 8-7129] Port s_axi_araddr[12] in module axi_ctrlif is either unconnected or has no load
WARNING: [Synth 8-7129] Port s_axi_araddr[11] in module axi_ctrlif is either unconnected or has no load
WARNING: [Synth 8-7129] Port s_axi_araddr[10] in module axi_ctrlif is either unconnected or has no load
WARNING: [Synth 8-7129] Port s_axi_araddr[9] in module axi_ctrlif is either unconnected or has no load
WARNING: [Synth 8-7129] Port s_axi_araddr[8] in module axi_ctrlif is either unconnected or has no load
WARNING: [Synth 8-7129] Port s_axi_araddr[7] in module axi_ctrlif is either unconnected or has no load
WARNING: [Synth 8-7129] Port s_axi_araddr[6] in module axi_ctrlif is either unconnected or has no load
WARNING: [Synth 8-7129] Port s_axi_araddr[5] in module axi_ctrlif is either unconnected or has no load
WARNING: [Synth 8-7129] Port s_axi_araddr[4] in module axi_ctrlif is either unconnected or has no load
WARNING: [Synth 8-7129] Port s_axi_araddr[1] in module axi_ctrlif is either unconnected or has no load
WARNING: [Synth 8-7129] Port s_axi_araddr[0] in module axi_ctrlif is either unconnected or has no load
WARNING: [Synth 8-7129] Port conf_mode[3] in module tx_encoder is either unconnected or has no load
WARNING: [Synth 8-7129] Port conf_mode[2] in module tx_encoder is either unconnected or has no load
WARNING: [Synth 8-7129] Port conf_mode[1] in module tx_encoder is either unconnected or has no load
WARNING: [Synth 8-7129] Port conf_mode[0] in module tx_encoder is either unconnected or has no load
WARNING: [Synth 8-7129] Port s_axi_awprot[2] in module axi_spdif_tx is either unconnected or has no load
WARNING: [Synth 8-7129] Port s_axi_awprot[1] in module axi_spdif_tx is either unconnected or has no load
WARNING: [Synth 8-7129] Port s_axi_awprot[0] in module axi_spdif_tx is either unconnected or has no load
WARNING: [Synth 8-7129] Port s_axi_arprot[2] in module axi_spdif_tx is either unconnected or has no load
WARNING: [Synth 8-7129] Port s_axi_arprot[1] in module axi_spdif_tx is either unconnected or has no load
WARNING: [Synth 8-7129] Port s_axi_arprot[0] in module axi_spdif_tx is either unconnected or has no load
WARNING: [Synth 8-7129] Port s_axis_aclk in module axi_spdif_tx is either unconnected or has no load
WARNING: [Synth 8-7129] Port s_axis_aresetn in module axi_spdif_tx is either unconnected or has no load
WARNING: [Synth 8-7129] Port s_axis_tdata[31] in module axi_spdif_tx is either unconnected or has no load
WARNING: [Synth 8-7129] Port s_axis_tdata[30] in module axi_spdif_tx is either unconnected or has no load
WARNING: [Synth 8-7129] Port s_axis_tdata[29] in module axi_spdif_tx is either unconnected or has no load
WARNING: [Synth 8-7129] Port s_axis_tdata[28] in module axi_spdif_tx is either unconnected or has no load
WARNING: [Synth 8-7129] Port s_axis_tdata[27] in module axi_spdif_tx is either unconnected or has no load
WARNING: [Synth 8-7129] Port s_axis_tdata[26] in module axi_spdif_tx is either unconnected or has no load
WARNING: [Synth 8-7129] Port s_axis_tdata[25] in module axi_spdif_tx is either unconnected or has no load
WARNING: [Synth 8-7129] Port s_axis_tdata[24] in module axi_spdif_tx is either unconnected or has no load
WARNING: [Synth 8-7129] Port s_axis_tdata[23] in module axi_spdif_tx is either unconnected or has no load
WARNING: [Synth 8-7129] Port s_axis_tdata[22] in module axi_spdif_tx is either unconnected or has no load
WARNING: [Synth 8-7129] Port s_axis_tdata[21] in module axi_spdif_tx is either unconnected or has no load
WARNING: [Synth 8-7129] Port s_axis_tdata[20] in module axi_spdif_tx is either unconnected or has no load
WARNING: [Synth 8-7129] Port s_axis_tdata[19] in module axi_spdif_tx is either unconnected or has no load
WARNING: [Synth 8-7129] Port s_axis_tdata[18] in module axi_spdif_tx is either unconnected or has no load
WARNING: [Synth 8-7129] Port s_axis_tdata[17] in module axi_spdif_tx is either unconnected or has no load
WARNING: [Synth 8-7129] Port s_axis_tdata[16] in module axi_spdif_tx is either unconnected or has no load
WARNING: [Synth 8-7129] Port s_axis_tdata[15] in module axi_spdif_tx is either unconnected or has no load
WARNING: [Synth 8-7129] Port s_axis_tdata[14] in module axi_spdif_tx is either unconnected or has no load
WARNING: [Synth 8-7129] Port s_axis_tdata[13] in module axi_spdif_tx is either unconnected or has no load
WARNING: [Synth 8-7129] Port s_axis_tdata[12] in module axi_spdif_tx is either unconnected or has no load
WARNING: [Synth 8-7129] Port s_axis_tdata[11] in module axi_spdif_tx is either unconnected or has no load
WARNING: [Synth 8-7129] Port s_axis_tdata[10] in module axi_spdif_tx is either unconnected or has no load
WARNING: [Synth 8-7129] Port s_axis_tdata[9] in module axi_spdif_tx is either unconnected or has no load
WARNING: [Synth 8-7129] Port s_axis_tdata[8] in module axi_spdif_tx is either unconnected or has no load
WARNING: [Synth 8-7129] Port s_axis_tdata[7] in module axi_spdif_tx is either unconnected or has no load
WARNING: [Synth 8-7129] Port s_axis_tdata[6] in module axi_spdif_tx is either unconnected or has no load
WARNING: [Synth 8-7129] Port s_axis_tdata[5] in module axi_spdif_tx is either unconnected or has no load
WARNING: [Synth 8-7129] Port s_axis_tdata[4] in module axi_spdif_tx is either unconnected or has no load
WARNING: [Synth 8-7129] Port s_axis_tdata[3] in module axi_spdif_tx is either unconnected or has no load
WARNING: [Synth 8-7129] Port s_axis_tdata[2] in module axi_spdif_tx is either unconnected or has no load
WARNING: [Synth 8-7129] Port s_axis_tdata[1] in module axi_spdif_tx is either unconnected or has no load
WARNING: [Synth 8-7129] Port s_axis_tdata[0] in module axi_spdif_tx is either unconnected or has no load
WARNING: [Synth 8-7129] Port s_axis_tlast in module axi_spdif_tx is either unconnected or has no load
WARNING: [Synth 8-7129] Port s_axis_tvalid in module axi_spdif_tx is either unconnected or has no load
---------------------------------------------------------------------------------
Finished RTL Elaboration : Time (s): cpu = 00:00:06 ; elapsed = 00:00:07 . Memory (MB): peak = 2214.062 ; gain = 493.684 ; free physical = 23513 ; free virtual = 48637
---------------------------------------------------------------------------------
---------------------------------------------------------------------------------
Start Handling Custom Attributes
---------------------------------------------------------------------------------
---------------------------------------------------------------------------------
Finished Handling Custom Attributes : Time (s): cpu = 00:00:07 ; elapsed = 00:00:07 . Memory (MB): peak = 2228.906 ; gain = 508.527 ; free physical = 23509 ; free virtual = 48632
---------------------------------------------------------------------------------
---------------------------------------------------------------------------------
Finished RTL Optimization Phase 1 : Time (s): cpu = 00:00:07 ; elapsed = 00:00:07 . Memory (MB): peak = 2228.906 ; gain = 508.527 ; free physical = 23509 ; free virtual = 48632
---------------------------------------------------------------------------------
Netlist sorting complete. Time (s): cpu = 00:00:00.01 ; elapsed = 00:00:00.01 . Memory (MB): peak = 2228.906 ; gain = 0.000 ; free physical = 23507 ; free virtual = 48630
INFO: [Project 1-570] Preparing netlist for logic optimization

Processing XDC Constraints
Initializing timing engine
Parsing XDC File [/home/chubbysoap/Documents/ADgit/hdl/projects/fmcomms2/zed/fmcomms2_zed.gen/sources_1/bd/system/ip/system_axi_spdif_tx_core_0/axi_spdif_tx_constr.xdc] for cell 'U0'
Finished Parsing XDC File [/home/chubbysoap/Documents/ADgit/hdl/projects/fmcomms2/zed/fmcomms2_zed.gen/sources_1/bd/system/ip/system_axi_spdif_tx_core_0/axi_spdif_tx_constr.xdc] for cell 'U0'
Parsing XDC File [/home/chubbysoap/Documents/ADgit/hdl/projects/fmcomms2/zed/fmcomms2_zed.runs/system_axi_spdif_tx_core_0_synth_1/dont_touch.xdc]
Finished Parsing XDC File [/home/chubbysoap/Documents/ADgit/hdl/projects/fmcomms2/zed/fmcomms2_zed.runs/system_axi_spdif_tx_core_0_synth_1/dont_touch.xdc]
Completed Processing XDC Constraints

Netlist sorting complete. Time (s): cpu = 00:00:00 ; elapsed = 00:00:00 . Memory (MB): peak = 2364.688 ; gain = 0.000 ; free physical = 23506 ; free virtual = 48614
INFO: [Project 1-111] Unisim Transformation Summary:
No Unisim elements were transformed.

Constraint Validation Runtime : Time (s): cpu = 00:00:00.02 ; elapsed = 00:00:00.01 . Memory (MB): peak = 2364.723 ; gain = 0.000 ; free physical = 23504 ; free virtual = 48612
INFO: [Designutils 20-5008] Incremental synthesis strategy off
---------------------------------------------------------------------------------
Finished Constraint Validation : Time (s): cpu = 00:00:14 ; elapsed = 00:00:14 . Memory (MB): peak = 2364.723 ; gain = 644.344 ; free physical = 23309 ; free virtual = 48600
---------------------------------------------------------------------------------
---------------------------------------------------------------------------------
Start Loading Part and Timing Information
---------------------------------------------------------------------------------
Loading part: xc7z020clg484-1
---------------------------------------------------------------------------------
Finished Loading Part and Timing Information : Time (s): cpu = 00:00:14 ; elapsed = 00:00:14 . Memory (MB): peak = 2364.723 ; gain = 644.344 ; free physical = 23309 ; free virtual = 48600
---------------------------------------------------------------------------------
---------------------------------------------------------------------------------
Start Applying 'set_property' XDC Constraints
---------------------------------------------------------------------------------
Applied set_property ASYNC_REG = true for U0/TENC/cdc_sync_stage1_tick_counter_reg. (constraint file  /home/chubbysoap/Documents/ADgit/hdl/projects/fmcomms2/zed/fmcomms2_zed.gen/sources_1/bd/system/ip/system_axi_spdif_tx_core_0/axi_spdif_tx_constr.xdc, line 6).
Applied set_property ASYNC_REG = true for U0/TENC/cdc_sync_stage2_tick_counter_reg. (constraint file  /home/chubbysoap/Documents/ADgit/hdl/projects/fmcomms2/zed/fmcomms2_zed.gen/sources_1/bd/system/ip/system_axi_spdif_tx_core_0/axi_spdif_tx_constr.xdc, line 6).
Applied set_property KEEP_HIERARCHY = SOFT for U0. (constraint file  /home/chubbysoap/Documents/ADgit/hdl/projects/fmcomms2/zed/fmcomms2_zed.runs/system_axi_spdif_tx_core_0_synth_1/dont_touch.xdc, line 9).
---------------------------------------------------------------------------------
Finished applying 'set_property' XDC Constraints : Time (s): cpu = 00:00:14 ; elapsed = 00:00:14 . Memory (MB): peak = 2364.723 ; gain = 644.344 ; free physical = 23308 ; free virtual = 48600
---------------------------------------------------------------------------------
INFO: [Synth 8-802] inferred FSM for state register 'bufctrl_reg' in module 'tx_encoder'
INFO: [Synth 8-802] inferred FSM for state register 'framest_reg' in module 'tx_encoder'
INFO: [Synth 8-802] inferred FSM for state register 'rd_state_reg' in module 'axi_ctrlif'
INFO: [Synth 8-802] inferred FSM for state register 'wr_state_reg' in module 'axi_ctrlif'
---------------------------------------------------------------------------------------------------
                   State |                     New Encoding |                Previous Encoding 
---------------------------------------------------------------------------------------------------
                    idle |                               00 |                               00
             block_start |                               01 |                               01
               channel_b |                               10 |                               11
               channel_a |                               11 |                               10
---------------------------------------------------------------------------------------------------
INFO: [Synth 8-3354] encoded FSM with state register 'framest_reg' using encoding 'sequential' in module 'tx_encoder'
---------------------------------------------------------------------------------------------------
                   State |                     New Encoding |                Previous Encoding 
---------------------------------------------------------------------------------------------------
                    idle |                              000 |                              000
                read_cha |                              001 |                              001
                 cha_rdy |                              010 |                              011
                read_chb |                              011 |                              010
                 chb_rdy |                              100 |                              100
---------------------------------------------------------------------------------------------------
INFO: [Synth 8-3354] encoded FSM with state register 'bufctrl_reg' using encoding 'sequential' in module 'tx_encoder'
---------------------------------------------------------------------------------------------------
                   State |                     New Encoding |                Previous Encoding 
---------------------------------------------------------------------------------------------------
                    idle |                                0 |                               00
                    resp |                                1 |                               01
---------------------------------------------------------------------------------------------------
INFO: [Synth 8-3354] encoded FSM with state register 'rd_state_reg' using encoding 'sequential' in module 'axi_ctrlif'
---------------------------------------------------------------------------------------------------
                   State |                     New Encoding |                Previous Encoding 
---------------------------------------------------------------------------------------------------
                    idle |                              001 |                               00
                     ack |                              010 |                               10
                    resp |                              100 |                               01
---------------------------------------------------------------------------------------------------
INFO: [Synth 8-3354] encoded FSM with state register 'wr_state_reg' using encoding 'one-hot' in module 'axi_ctrlif'
---------------------------------------------------------------------------------
Finished RTL Optimization Phase 2 : Time (s): cpu = 00:00:14 ; elapsed = 00:00:15 . Memory (MB): peak = 2364.723 ; gain = 644.344 ; free physical = 23245 ; free virtual = 48551
---------------------------------------------------------------------------------
---------------------------------------------------------------------------------
Start RTL Component Statistics 
---------------------------------------------------------------------------------
Detailed RTL Component Info : 
+---Adders : 
	   2 Input    9 Bit       Adders := 1     
	   2 Input    8 Bit       Adders := 1     
	   2 Input    6 Bit       Adders := 1     
	   2 Input    5 Bit       Adders := 2     
	   3 Input    4 Bit       Adders := 1     
	   2 Input    3 Bit       Adders := 2     
+---XORs : 
	   2 Input      1 Bit         XORs := 7     
+---Registers : 
	               32 Bit    Registers := 2     
	               24 Bit    Registers := 1     
	                9 Bit    Registers := 1     
	                8 Bit    Registers := 1     
	                5 Bit    Registers := 4     
	                4 Bit    Registers := 1     
	                2 Bit    Registers := 2     
	                1 Bit    Registers := 17    
+---Muxes : 
	   2 Input   32 Bit        Muxes := 2     
	   2 Input   24 Bit        Muxes := 1     
	   2 Input   16 Bit        Muxes := 1     
	   2 Input    8 Bit        Muxes := 1     
	   4 Input    8 Bit        Muxes := 1     
	   2 Input    5 Bit        Muxes := 1     
	   4 Input    5 Bit        Muxes := 1     
	   5 Input    3 Bit        Muxes := 1     
	   4 Input    2 Bit        Muxes := 3     
	   2 Input    2 Bit        Muxes := 5     
	   2 Input    1 Bit        Muxes := 31    
	   4 Input    1 Bit        Muxes := 16    
	   5 Input    1 Bit        Muxes := 5     
	   3 Input    1 Bit        Muxes := 1     
---------------------------------------------------------------------------------
Finished RTL Component Statistics 
---------------------------------------------------------------------------------
---------------------------------------------------------------------------------
Start Part Resource Summary
---------------------------------------------------------------------------------
Part Resources:
DSPs: 220 (col length:60)
BRAMs: 280 (col length: RAMB18 60 RAMB36 30)
---------------------------------------------------------------------------------
Finished Part Resource Summary
---------------------------------------------------------------------------------
---------------------------------------------------------------------------------
Start Cross Boundary and Area Optimization
---------------------------------------------------------------------------------
WARNING: [Synth 8-7080] Parallel synthesis criteria is not met
WARNING: [Synth 8-7129] Port s_axi_awaddr[15] in module axi_spdif_tx is either unconnected or has no load
WARNING: [Synth 8-7129] Port s_axi_awaddr[14] in module axi_spdif_tx is either unconnected or has no load
WARNING: [Synth 8-7129] Port s_axi_awaddr[13] in module axi_spdif_tx is either unconnected or has no load
WARNING: [Synth 8-7129] Port s_axi_awaddr[12] in module axi_spdif_tx is either unconnected or has no load
WARNING: [Synth 8-7129] Port s_axi_awaddr[11] in module axi_spdif_tx is either unconnected or has no load
WARNING: [Synth 8-7129] Port s_axi_awaddr[10] in module axi_spdif_tx is either unconnected or has no load
WARNING: [Synth 8-7129] Port s_axi_awaddr[9] in module axi_spdif_tx is either unconnected or has no load
WARNING: [Synth 8-7129] Port s_axi_awaddr[8] in module axi_spdif_tx is either unconnected or has no load
WARNING: [Synth 8-7129] Port s_axi_awaddr[7] in module axi_spdif_tx is either unconnected or has no load
WARNING: [Synth 8-7129] Port s_axi_awaddr[6] in module axi_spdif_tx is either unconnected or has no load
WARNING: [Synth 8-7129] Port s_axi_awaddr[5] in module axi_spdif_tx is either unconnected or has no load
WARNING: [Synth 8-7129] Port s_axi_awaddr[4] in module axi_spdif_tx is either unconnected or has no load
WARNING: [Synth 8-7129] Port s_axi_awaddr[1] in module axi_spdif_tx is either unconnected or has no load
WARNING: [Synth 8-7129] Port s_axi_awaddr[0] in module axi_spdif_tx is either unconnected or has no load
WARNING: [Synth 8-7129] Port s_axi_awprot[2] in module axi_spdif_tx is either unconnected or has no load
WARNING: [Synth 8-7129] Port s_axi_awprot[1] in module axi_spdif_tx is either unconnected or has no load
WARNING: [Synth 8-7129] Port s_axi_awprot[0] in module axi_spdif_tx is either unconnected or has no load
WARNING: [Synth 8-7129] Port s_axi_wstrb[3] in module axi_spdif_tx is either unconnected or has no load
WARNING: [Synth 8-7129] Port s_axi_wstrb[2] in module axi_spdif_tx is either unconnected or has no load
WARNING: [Synth 8-7129] Port s_axi_wstrb[1] in module axi_spdif_tx is either unconnected or has no load
WARNING: [Synth 8-7129] Port s_axi_wstrb[0] in module axi_spdif_tx is either unconnected or has no load
WARNING: [Synth 8-7129] Port s_axi_araddr[15] in module axi_spdif_tx is either unconnected or has no load
WARNING: [Synth 8-7129] Port s_axi_araddr[14] in module axi_spdif_tx is either unconnected or has no load
WARNING: [Synth 8-7129] Port s_axi_araddr[13] in module axi_spdif_tx is either unconnected or has no load
WARNING: [Synth 8-7129] Port s_axi_araddr[12] in module axi_spdif_tx is either unconnected or has no load
WARNING: [Synth 8-7129] Port s_axi_araddr[11] in module axi_spdif_tx is either unconnected or has no load
WARNING: [Synth 8-7129] Port s_axi_araddr[10] in module axi_spdif_tx is either unconnected or has no load
WARNING: [Synth 8-7129] Port s_axi_araddr[9] in module axi_spdif_tx is either unconnected or has no load
WARNING: [Synth 8-7129] Port s_axi_araddr[8] in module axi_spdif_tx is either unconnected or has no load
WARNING: [Synth 8-7129] Port s_axi_araddr[7] in module axi_spdif_tx is either unconnected or has no load
WARNING: [Synth 8-7129] Port s_axi_araddr[6] in module axi_spdif_tx is either unconnected or has no load
WARNING: [Synth 8-7129] Port s_axi_araddr[5] in module axi_spdif_tx is either unconnected or has no load
WARNING: [Synth 8-7129] Port s_axi_araddr[4] in module axi_spdif_tx is either unconnected or has no load
WARNING: [Synth 8-7129] Port s_axi_araddr[1] in module axi_spdif_tx is either unconnected or has no load
WARNING: [Synth 8-7129] Port s_axi_araddr[0] in module axi_spdif_tx is either unconnected or has no load
WARNING: [Synth 8-7129] Port s_axi_arprot[2] in module axi_spdif_tx is either unconnected or has no load
WARNING: [Synth 8-7129] Port s_axi_arprot[1] in module axi_spdif_tx is either unconnected or has no load
WARNING: [Synth 8-7129] Port s_axi_arprot[0] in module axi_spdif_tx is either unconnected or has no load
WARNING: [Synth 8-7129] Port s_axis_aclk in module axi_spdif_tx is either unconnected or has no load
WARNING: [Synth 8-7129] Port s_axis_aresetn in module axi_spdif_tx is either unconnected or has no load
WARNING: [Synth 8-7129] Port s_axis_tdata[31] in module axi_spdif_tx is either unconnected or has no load
WARNING: [Synth 8-7129] Port s_axis_tdata[30] in module axi_spdif_tx is either unconnected or has no load
WARNING: [Synth 8-7129] Port s_axis_tdata[29] in module axi_spdif_tx is either unconnected or has no load
WARNING: [Synth 8-7129] Port s_axis_tdata[28] in module axi_spdif_tx is either unconnected or has no load
WARNING: [Synth 8-7129] Port s_axis_tdata[27] in module axi_spdif_tx is either unconnected or has no load
WARNING: [Synth 8-7129] Port s_axis_tdata[26] in module axi_spdif_tx is either unconnected or has no load
WARNING: [Synth 8-7129] Port s_axis_tdata[25] in module axi_spdif_tx is either unconnected or has no load
WARNING: [Synth 8-7129] Port s_axis_tdata[24] in module axi_spdif_tx is either unconnected or has no load
WARNING: [Synth 8-7129] Port s_axis_tdata[23] in module axi_spdif_tx is either unconnected or has no load
WARNING: [Synth 8-7129] Port s_axis_tdata[22] in module axi_spdif_tx is either unconnected or has no load
WARNING: [Synth 8-7129] Port s_axis_tdata[21] in module axi_spdif_tx is either unconnected or has no load
WARNING: [Synth 8-7129] Port s_axis_tdata[20] in module axi_spdif_tx is either unconnected or has no load
WARNING: [Synth 8-7129] Port s_axis_tdata[19] in module axi_spdif_tx is either unconnected or has no load
WARNING: [Synth 8-7129] Port s_axis_tdata[18] in module axi_spdif_tx is either unconnected or has no load
WARNING: [Synth 8-7129] Port s_axis_tdata[17] in module axi_spdif_tx is either unconnected or has no load
WARNING: [Synth 8-7129] Port s_axis_tdata[16] in module axi_spdif_tx is either unconnected or has no load
WARNING: [Synth 8-7129] Port s_axis_tdata[15] in module axi_spdif_tx is either unconnected or has no load
WARNING: [Synth 8-7129] Port s_axis_tdata[14] in module axi_spdif_tx is either unconnected or has no load
WARNING: [Synth 8-7129] Port s_axis_tdata[13] in module axi_spdif_tx is either unconnected or has no load
WARNING: [Synth 8-7129] Port s_axis_tdata[12] in module axi_spdif_tx is either unconnected or has no load
WARNING: [Synth 8-7129] Port s_axis_tdata[11] in module axi_spdif_tx is either unconnected or has no load
WARNING: [Synth 8-7129] Port s_axis_tdata[10] in module axi_spdif_tx is either unconnected or has no load
WARNING: [Synth 8-7129] Port s_axis_tdata[9] in module axi_spdif_tx is either unconnected or has no load
WARNING: [Synth 8-7129] Port s_axis_tdata[8] in module axi_spdif_tx is either unconnected or has no load
WARNING: [Synth 8-7129] Port s_axis_tdata[7] in module axi_spdif_tx is either unconnected or has no load
WARNING: [Synth 8-7129] Port s_axis_tdata[6] in module axi_spdif_tx is either unconnected or has no load
WARNING: [Synth 8-7129] Port s_axis_tdata[5] in module axi_spdif_tx is either unconnected or has no load
WARNING: [Synth 8-7129] Port s_axis_tdata[4] in module axi_spdif_tx is either unconnected or has no load
WARNING: [Synth 8-7129] Port s_axis_tdata[3] in module axi_spdif_tx is either unconnected or has no load
WARNING: [Synth 8-7129] Port s_axis_tdata[2] in module axi_spdif_tx is either unconnected or has no load
WARNING: [Synth 8-7129] Port s_axis_tdata[1] in module axi_spdif_tx is either unconnected or has no load
WARNING: [Synth 8-7129] Port s_axis_tdata[0] in module axi_spdif_tx is either unconnected or has no load
WARNING: [Synth 8-7129] Port s_axis_tlast in module axi_spdif_tx is either unconnected or has no load
WARNING: [Synth 8-7129] Port s_axis_tvalid in module axi_spdif_tx is either unconnected or has no load
---------------------------------------------------------------------------------
Finished Cross Boundary and Area Optimization : Time (s): cpu = 00:00:16 ; elapsed = 00:00:17 . Memory (MB): peak = 2364.723 ; gain = 644.344 ; free physical = 23088 ; free virtual = 48401
---------------------------------------------------------------------------------
---------------------------------------------------------------------------------
Start ROM, RAM, DSP, Shift Register and Retiming Reporting
---------------------------------------------------------------------------------

Distributed RAM: Preliminary Mapping Report (see note below)
+------------+---------------------------------------+-----------+----------------------+-------------+
|Module Name | RTL Object                            | Inference | Size (Depth x Width) | Primitives  | 
+------------+---------------------------------------+-----------+----------------------+-------------+
|U0          | pl330_dma_gen.fifo/fifo/data_fifo_reg | Implied   | 8 x 32               | RAM32M x 6  | 
+------------+---------------------------------------+-----------+----------------------+-------------+

Note: The table above is a preliminary report that shows the Distributed RAMs at the current stage of the synthesis flow. Some Distributed RAMs may be reimplemented as non Distributed RAM primitives later in the synthesis flow. Multiple instantiated RAMs are reported only once.
---------------------------------------------------------------------------------
Finished ROM, RAM, DSP, Shift Register and Retiming Reporting
---------------------------------------------------------------------------------
---------------------------------------------------------------------------------
Start Applying XDC Timing Constraints
---------------------------------------------------------------------------------
---------------------------------------------------------------------------------
Finished Applying XDC Timing Constraints : Time (s): cpu = 00:00:22 ; elapsed = 00:00:22 . Memory (MB): peak = 2364.723 ; gain = 644.344 ; free physical = 22461 ; free virtual = 47707
---------------------------------------------------------------------------------
---------------------------------------------------------------------------------
Start Timing Optimization
---------------------------------------------------------------------------------
---------------------------------------------------------------------------------
Finished Timing Optimization : Time (s): cpu = 00:00:22 ; elapsed = 00:00:22 . Memory (MB): peak = 2364.723 ; gain = 644.344 ; free physical = 22461 ; free virtual = 47707
---------------------------------------------------------------------------------
---------------------------------------------------------------------------------
Start ROM, RAM, DSP, Shift Register and Retiming Reporting
---------------------------------------------------------------------------------

Distributed RAM: Final Mapping Report
+------------+---------------------------------------+-----------+----------------------+-------------+
|Module Name | RTL Object                            | Inference | Size (Depth x Width) | Primitives  | 
+------------+---------------------------------------+-----------+----------------------+-------------+
|U0          | pl330_dma_gen.fifo/fifo/data_fifo_reg | Implied   | 8 x 32               | RAM32M x 6  | 
+------------+---------------------------------------+-----------+----------------------+-------------+

---------------------------------------------------------------------------------
Finished ROM, RAM, DSP, Shift Register and Retiming Reporting
---------------------------------------------------------------------------------
---------------------------------------------------------------------------------
Start Technology Mapping
---------------------------------------------------------------------------------
---------------------------------------------------------------------------------
Finished Technology Mapping : Time (s): cpu = 00:00:22 ; elapsed = 00:00:22 . Memory (MB): peak = 2364.723 ; gain = 644.344 ; free physical = 22390 ; free virtual = 47595
---------------------------------------------------------------------------------
---------------------------------------------------------------------------------
Start IO Insertion
---------------------------------------------------------------------------------
---------------------------------------------------------------------------------
Start Flattening Before IO Insertion
---------------------------------------------------------------------------------
---------------------------------------------------------------------------------
Finished Flattening Before IO Insertion
---------------------------------------------------------------------------------
---------------------------------------------------------------------------------
Start Final Netlist Cleanup
---------------------------------------------------------------------------------
---------------------------------------------------------------------------------
Finished Final Netlist Cleanup
---------------------------------------------------------------------------------
---------------------------------------------------------------------------------
Finished IO Insertion : Time (s): cpu = 00:00:26 ; elapsed = 00:00:26 . Memory (MB): peak = 2364.723 ; gain = 644.344 ; free physical = 22277 ; free virtual = 47499
---------------------------------------------------------------------------------
---------------------------------------------------------------------------------
Start Renaming Generated Instances
---------------------------------------------------------------------------------
---------------------------------------------------------------------------------
Finished Renaming Generated Instances : Time (s): cpu = 00:00:26 ; elapsed = 00:00:26 . Memory (MB): peak = 2364.723 ; gain = 644.344 ; free physical = 22277 ; free virtual = 47499
---------------------------------------------------------------------------------
---------------------------------------------------------------------------------
Start Rebuilding User Hierarchy
---------------------------------------------------------------------------------
---------------------------------------------------------------------------------
Finished Rebuilding User Hierarchy : Time (s): cpu = 00:00:26 ; elapsed = 00:00:26 . Memory (MB): peak = 2364.723 ; gain = 644.344 ; free physical = 22277 ; free virtual = 47499
---------------------------------------------------------------------------------
---------------------------------------------------------------------------------
Start Renaming Generated Ports
---------------------------------------------------------------------------------
---------------------------------------------------------------------------------
Finished Renaming Generated Ports : Time (s): cpu = 00:00:26 ; elapsed = 00:00:26 . Memory (MB): peak = 2364.723 ; gain = 644.344 ; free physical = 22277 ; free virtual = 47499
---------------------------------------------------------------------------------
---------------------------------------------------------------------------------
Start Handling Custom Attributes
---------------------------------------------------------------------------------
---------------------------------------------------------------------------------
Finished Handling Custom Attributes : Time (s): cpu = 00:00:26 ; elapsed = 00:00:26 . Memory (MB): peak = 2364.723 ; gain = 644.344 ; free physical = 22277 ; free virtual = 47499
---------------------------------------------------------------------------------
---------------------------------------------------------------------------------
Start Renaming Generated Nets
---------------------------------------------------------------------------------
---------------------------------------------------------------------------------
Finished Renaming Generated Nets : Time (s): cpu = 00:00:26 ; elapsed = 00:00:26 . Memory (MB): peak = 2364.723 ; gain = 644.344 ; free physical = 22276 ; free virtual = 47498
---------------------------------------------------------------------------------
---------------------------------------------------------------------------------
Start Writing Synthesis Report
---------------------------------------------------------------------------------

Report BlackBoxes: 
+-+--------------+----------+
| |BlackBox name |Instances |
+-+--------------+----------+
+-+--------------+----------+

Report Cell Usage: 
+------+---------+------+
|      |Cell     |Count |
+------+---------+------+
|1     |CARRY4   |     2|
|2     |LUT1     |     6|
|3     |LUT2     |    16|
|4     |LUT3     |    37|
|5     |LUT4     |    60|
|6     |LUT5     |    29|
|7     |LUT6     |    42|
|8     |RAM32M   |     5|
|9     |RAM32X1D |     2|
|10    |FDRE     |   140|
|11    |FDSE     |     3|
+------+---------+------+
---------------------------------------------------------------------------------
Finished Writing Synthesis Report : Time (s): cpu = 00:00:26 ; elapsed = 00:00:26 . Memory (MB): peak = 2364.723 ; gain = 644.344 ; free physical = 22276 ; free virtual = 47498
---------------------------------------------------------------------------------
Synthesis finished with 0 errors, 0 critical warnings and 75 warnings.
Synthesis Optimization Runtime : Time (s): cpu = 00:00:24 ; elapsed = 00:00:24 . Memory (MB): peak = 2364.723 ; gain = 508.527 ; free physical = 22266 ; free virtual = 47491
Synthesis Optimization Complete : Time (s): cpu = 00:00:26 ; elapsed = 00:00:26 . Memory (MB): peak = 2364.723 ; gain = 644.344 ; free physical = 22266 ; free virtual = 47491
INFO: [Project 1-571] Translating synthesized netlist
Netlist sorting complete. Time (s): cpu = 00:00:00.01 ; elapsed = 00:00:00.01 . Memory (MB): peak = 2364.723 ; gain = 0.000 ; free physical = 22489 ; free virtual = 47712
INFO: [Netlist 29-17] Analyzing 9 Unisim elements for replacement
INFO: [Netlist 29-28] Unisim Transformation completed in 0 CPU seconds
INFO: [Project 1-570] Preparing netlist for logic optimization
INFO: [Opt 31-138] Pushed 0 inverter(s) to 0 load pin(s).
Netlist sorting complete. Time (s): cpu = 00:00:00 ; elapsed = 00:00:00 . Memory (MB): peak = 2364.723 ; gain = 0.000 ; free physical = 22509 ; free virtual = 47716
INFO: [Project 1-111] Unisim Transformation Summary:
  A total of 7 instances were transformed.
  RAM32M => RAM32M (RAMD32(x6), RAMS32(x2)): 5 instances
  RAM32X1D => RAM32X1D (RAMD32(x2)): 2 instances

Synth Design complete | Checksum: 7ffb723e
INFO: [Common 17-83] Releasing license: Synthesis
42 Infos, 153 Warnings, 0 Critical Warnings and 0 Errors encountered.
synth_design completed successfully
synth_design: Time (s): cpu = 00:00:34 ; elapsed = 00:00:31 . Memory (MB): peak = 2364.723 ; gain = 993.844 ; free physical = 22495 ; free virtual = 47702
INFO: [Common 17-2834] synth_design peak Physical Memory [PSS] (MB): overall = 1748.567; main = 1435.608; forked = 321.984
INFO: [Common 17-2834] synth_design peak Virtual Memory [VSS] (MB): overall = 3349.965; main = 2364.691; forked = 1017.289
Write ShapeDB Complete: Time (s): cpu = 00:00:00 ; elapsed = 00:00:00 . Memory (MB): peak = 2388.699 ; gain = 0.000 ; free physical = 22496 ; free virtual = 47704
INFO: [Common 17-1381] The checkpoint '/home/chubbysoap/Documents/ADgit/hdl/projects/fmcomms2/zed/fmcomms2_zed.runs/system_axi_spdif_tx_core_0_synth_1/system_axi_spdif_tx_core_0.dcp' has been generated.
INFO: [Coretcl 2-1648] Added synthesis output to IP cache for IP system_axi_spdif_tx_core_0, cache-ID = a6aadd2ee1c59991
INFO: [Coretcl 2-1174] Renamed 5 cell refs.
Write ShapeDB Complete: Time (s): cpu = 00:00:00 ; elapsed = 00:00:00 . Memory (MB): peak = 2388.699 ; gain = 0.000 ; free physical = 22482 ; free virtual = 47690
INFO: [Common 17-1381] The checkpoint '/home/chubbysoap/Documents/ADgit/hdl/projects/fmcomms2/zed/fmcomms2_zed.runs/system_axi_spdif_tx_core_0_synth_1/system_axi_spdif_tx_core_0.dcp' has been generated.
INFO: [runtcl-4] Executing : report_utilization -file system_axi_spdif_tx_core_0_utilization_synth.rpt -pb system_axi_spdif_tx_core_0_utilization_synth.pb
INFO: [Common 17-206] Exiting Vivado at Thu Feb  5 05:36:11 2026...
