
*** Running vivado
    with args -log system_util_ad9361_divclk_0.vds -m64 -product Vivado -mode batch -messageDb vivado.pb -notrace -source system_util_ad9361_divclk_0.tcl


****** Vivado v2023.2 (64-bit)
  **** SW Build 4029153 on Fri Oct 13 20:13:54 MDT 2023
  **** IP Build 4028589 on Sat Oct 14 00:45:43 MDT 2023
  **** SharedData Build 4025554 on Tue Oct 10 17:18:54 MDT 2023
    ** Copyright 1986-2022 Xilinx, Inc. All Rights Reserved.
    ** Copyright 2022-2023 Advanced Micro Devices, Inc. All Rights Reserved.

source system_util_ad9361_divclk_0.tcl -notrace
create_project: Time (s): cpu = 00:00:07 ; elapsed = 00:00:07 . Memory (MB): peak = 1350.973 ; gain = 35.836 ; free physical = 23368 ; free virtual = 48567
INFO: [IP_Flow 19-234] Refreshing IP repositories
INFO: [IP_Flow 19-1700] Loaded user IP repository '/home/chubbysoap/Documents/ADgit/hdl/library'.
INFO: [IP_Flow 19-2313] Loaded Vivado IP repository '/tools/Xilinx/Vivado/2023.2/data/ip'.
INFO: [IP_Flow 19-6924] IPCACHE: Running cache check for IP inst: system_util_ad9361_divclk_0
Command: synth_design -top system_util_ad9361_divclk_0 -part xc7z020clg484-1 -incremental_mode off -mode out_of_context
Starting synth_design
Attempting to get a license for feature 'Synthesis' and/or device 'xc7z020'
INFO: [Common 17-349] Got license for feature 'Synthesis' and/or device 'xc7z020'
INFO: [Device 21-403] Loading part xc7z020clg484-1
INFO: [Synth 8-7079] Multithreading enabled for synth_design using a maximum of 4 processes.
INFO: [Synth 8-7078] Launching helper process for spawning children vivado processes
INFO: [Synth 8-7075] Helper process launched with PID 144317
---------------------------------------------------------------------------------
Starting RTL Elaboration : Time (s): cpu = 00:00:05 ; elapsed = 00:00:05 . Memory (MB): peak = 2123.945 ; gain = 403.629 ; free physical = 22698 ; free virtual = 47899
---------------------------------------------------------------------------------
INFO: [Synth 8-6157] synthesizing module 'system_util_ad9361_divclk_0' [/home/chubbysoap/Documents/ADgit/hdl/projects/fmcomms2/zed/fmcomms2_zed.gen/sources_1/bd/system/ip/system_util_ad9361_divclk_0/synth/system_util_ad9361_divclk_0.v:53]
INFO: [Synth 8-6157] synthesizing module 'util_clkdiv' [/home/chubbysoap/Documents/ADgit/hdl/projects/fmcomms2/zed/fmcomms2_zed.gen/sources_1/bd/system/ipshared/8a4a/util_clkdiv.v:38]
INFO: [Synth 8-6157] synthesizing module 'BUFR' [/tools/Xilinx/Vivado/2023.2/scripts/rt/data/unisim_comp.v:2289]
INFO: [Synth 8-6155] done synthesizing module 'BUFR' (0#1) [/tools/Xilinx/Vivado/2023.2/scripts/rt/data/unisim_comp.v:2289]
INFO: [Synth 8-6157] synthesizing module 'BUFR__parameterized0' [/tools/Xilinx/Vivado/2023.2/scripts/rt/data/unisim_comp.v:2289]
INFO: [Synth 8-6155] done synthesizing module 'BUFR__parameterized0' (0#1) [/tools/Xilinx/Vivado/2023.2/scripts/rt/data/unisim_comp.v:2289]
INFO: [Synth 8-6157] synthesizing module 'BUFGMUX_CTRL' [/tools/Xilinx/Vivado/2023.2/scripts/rt/data/unisim_comp.v:2079]
INFO: [Synth 8-6155] done synthesizing module 'BUFGMUX_CTRL' (0#1) [/tools/Xilinx/Vivado/2023.2/scripts/rt/data/unisim_comp.v:2079]
INFO: [Synth 8-6155] done synthesizing module 'util_clkdiv' (0#1) [/home/chubbysoap/Documents/ADgit/hdl/projects/fmcomms2/zed/fmcomms2_zed.gen/sources_1/bd/system/ipshared/8a4a/util_clkdiv.v:38]
INFO: [Synth 8-6155] done synthesizing module 'system_util_ad9361_divclk_0' (0#1) [/home/chubbysoap/Documents/ADgit/hdl/projects/fmcomms2/zed/fmcomms2_zed.gen/sources_1/bd/system/ip/system_util_ad9361_divclk_0/synth/system_util_ad9361_divclk_0.v:53]
---------------------------------------------------------------------------------
Finished RTL Elaboration : Time (s): cpu = 00:00:06 ; elapsed = 00:00:06 . Memory (MB): peak = 2209.914 ; gain = 489.598 ; free physical = 23915 ; free virtual = 49113
---------------------------------------------------------------------------------
---------------------------------------------------------------------------------
Start Handling Custom Attributes
---------------------------------------------------------------------------------
---------------------------------------------------------------------------------
Finished Handling Custom Attributes : Time (s): cpu = 00:00:06 ; elapsed = 00:00:06 . Memory (MB): peak = 2224.758 ; gain = 504.441 ; free physical = 23913 ; free virtual = 49111
---------------------------------------------------------------------------------
---------------------------------------------------------------------------------
Finished RTL Optimization Phase 1 : Time (s): cpu = 00:00:06 ; elapsed = 00:00:06 . Memory (MB): peak = 2224.758 ; gain = 504.441 ; free physical = 23913 ; free virtual = 49111
---------------------------------------------------------------------------------
Netlist sorting complete. Time (s): cpu = 00:00:00 ; elapsed = 00:00:00 . Memory (MB): peak = 2230.695 ; gain = 0.000 ; free physical = 23905 ; free virtual = 49103
INFO: [Netlist 29-17] Analyzing 3 Unisim elements for replacement
INFO: [Netlist 29-28] Unisim Transformation completed in 0 CPU seconds
INFO: [Project 1-570] Preparing netlist for logic optimization

Processing XDC Constraints
Initializing timing engine
Parsing XDC File [/home/chubbysoap/Documents/ADgit/hdl/projects/fmcomms2/zed/fmcomms2_zed.gen/sources_1/bd/system/ip/system_util_ad9361_divclk_0/system_util_ad9361_divclk_0_ooc.xdc] for cell 'inst'
Finished Parsing XDC File [/home/chubbysoap/Documents/ADgit/hdl/projects/fmcomms2/zed/fmcomms2_zed.gen/sources_1/bd/system/ip/system_util_ad9361_divclk_0/system_util_ad9361_divclk_0_ooc.xdc] for cell 'inst'
Parsing XDC File [/home/chubbysoap/Documents/ADgit/hdl/projects/fmcomms2/zed/fmcomms2_zed.runs/system_util_ad9361_divclk_0_synth_1/dont_touch.xdc]
Finished Parsing XDC File [/home/chubbysoap/Documents/ADgit/hdl/projects/fmcomms2/zed/fmcomms2_zed.runs/system_util_ad9361_divclk_0_synth_1/dont_touch.xdc]
Parsing XDC File [/home/chubbysoap/Documents/ADgit/hdl/projects/fmcomms2/zed/fmcomms2_zed.gen/sources_1/bd/system/ip/system_util_ad9361_divclk_0/util_clkdiv_constr.xdc] for cell 'inst'
INFO: [Timing 38-2] Deriving generated clocks [/home/chubbysoap/Documents/ADgit/hdl/projects/fmcomms2/zed/fmcomms2_zed.gen/sources_1/bd/system/ip/system_util_ad9361_divclk_0/util_clkdiv_constr.xdc:6]
Finished Parsing XDC File [/home/chubbysoap/Documents/ADgit/hdl/projects/fmcomms2/zed/fmcomms2_zed.gen/sources_1/bd/system/ip/system_util_ad9361_divclk_0/util_clkdiv_constr.xdc] for cell 'inst'
Completed Processing XDC Constraints

Netlist sorting complete. Time (s): cpu = 00:00:00 ; elapsed = 00:00:00 . Memory (MB): peak = 2303.633 ; gain = 0.000 ; free physical = 23904 ; free virtual = 49072
INFO: [Project 1-111] Unisim Transformation Summary:
  A total of 1 instances were transformed.
  BUFGMUX_CTRL => BUFGCTRL (inverted pins: S0): 1 instance 

Constraint Validation Runtime : Time (s): cpu = 00:00:00.01 ; elapsed = 00:00:00.01 . Memory (MB): peak = 2303.668 ; gain = 0.000 ; free physical = 23904 ; free virtual = 49072
INFO: [Designutils 20-5008] Incremental synthesis strategy off
---------------------------------------------------------------------------------
Finished Constraint Validation : Time (s): cpu = 00:00:13 ; elapsed = 00:00:13 . Memory (MB): peak = 2303.668 ; gain = 583.352 ; free physical = 24786 ; free virtual = 50013
---------------------------------------------------------------------------------
---------------------------------------------------------------------------------
Start Loading Part and Timing Information
---------------------------------------------------------------------------------
Loading part: xc7z020clg484-1
---------------------------------------------------------------------------------
Finished Loading Part and Timing Information : Time (s): cpu = 00:00:13 ; elapsed = 00:00:13 . Memory (MB): peak = 2303.668 ; gain = 583.352 ; free physical = 24785 ; free virtual = 50012
---------------------------------------------------------------------------------
---------------------------------------------------------------------------------
Start Applying 'set_property' XDC Constraints
---------------------------------------------------------------------------------
Applied set_property KEEP_HIERARCHY = SOFT for inst. (constraint file  /home/chubbysoap/Documents/ADgit/hdl/projects/fmcomms2/zed/fmcomms2_zed.runs/system_util_ad9361_divclk_0_synth_1/dont_touch.xdc, line 9).
---------------------------------------------------------------------------------
Finished applying 'set_property' XDC Constraints : Time (s): cpu = 00:00:13 ; elapsed = 00:00:14 . Memory (MB): peak = 2303.668 ; gain = 583.352 ; free physical = 24785 ; free virtual = 50012
---------------------------------------------------------------------------------
---------------------------------------------------------------------------------
Finished RTL Optimization Phase 2 : Time (s): cpu = 00:00:13 ; elapsed = 00:00:14 . Memory (MB): peak = 2303.668 ; gain = 583.352 ; free physical = 24784 ; free virtual = 50013
---------------------------------------------------------------------------------
---------------------------------------------------------------------------------
Start RTL Component Statistics 
---------------------------------------------------------------------------------
Detailed RTL Component Info : 
---------------------------------------------------------------------------------
Finished RTL Component Statistics 
---------------------------------------------------------------------------------
---------------------------------------------------------------------------------
Start Part Resource Summary
---------------------------------------------------------------------------------
Part Resources:
DSPs: 220 (col length:60)
BRAMs: 280 (col length: RAMB18 60 RAMB36 30)
---------------------------------------------------------------------------------
Finished Part Resource Summary
---------------------------------------------------------------------------------
---------------------------------------------------------------------------------
Start Cross Boundary and Area Optimization
---------------------------------------------------------------------------------
WARNING: [Synth 8-7080] Parallel synthesis criteria is not met
---------------------------------------------------------------------------------
Finished Cross Boundary and Area Optimization : Time (s): cpu = 00:00:15 ; elapsed = 00:00:15 . Memory (MB): peak = 2303.668 ; gain = 583.352 ; free physical = 24625 ; free virtual = 49829
---------------------------------------------------------------------------------
---------------------------------------------------------------------------------
Start Applying XDC Timing Constraints
---------------------------------------------------------------------------------
---------------------------------------------------------------------------------
Finished Applying XDC Timing Constraints : Time (s): cpu = 00:00:20 ; elapsed = 00:00:20 . Memory (MB): peak = 2303.668 ; gain = 583.352 ; free physical = 24465 ; free virtual = 49668
---------------------------------------------------------------------------------
---------------------------------------------------------------------------------
Start Timing Optimization
---------------------------------------------------------------------------------
---------------------------------------------------------------------------------
Finished Timing Optimization : Time (s): cpu = 00:00:20 ; elapsed = 00:00:20 . Memory (MB): peak = 2303.668 ; gain = 583.352 ; free physical = 24465 ; free virtual = 49668
---------------------------------------------------------------------------------
---------------------------------------------------------------------------------
Start Technology Mapping
---------------------------------------------------------------------------------
---------------------------------------------------------------------------------
Finished Technology Mapping : Time (s): cpu = 00:00:20 ; elapsed = 00:00:20 . Memory (MB): peak = 2303.668 ; gain = 583.352 ; free physical = 24465 ; free virtual = 49668
---------------------------------------------------------------------------------
---------------------------------------------------------------------------------
Start IO Insertion
---------------------------------------------------------------------------------
---------------------------------------------------------------------------------
Start Flattening Before IO Insertion
---------------------------------------------------------------------------------
---------------------------------------------------------------------------------
Finished Flattening Before IO Insertion
---------------------------------------------------------------------------------
---------------------------------------------------------------------------------
Start Final Netlist Cleanup
---------------------------------------------------------------------------------
---------------------------------------------------------------------------------
Finished Final Netlist Cleanup
---------------------------------------------------------------------------------
---------------------------------------------------------------------------------
Finished IO Insertion : Time (s): cpu = 00:00:24 ; elapsed = 00:00:24 . Memory (MB): peak = 2303.668 ; gain = 583.352 ; free physical = 24014 ; free virtual = 49233
---------------------------------------------------------------------------------
---------------------------------------------------------------------------------
Start Renaming Generated Instances
---------------------------------------------------------------------------------
---------------------------------------------------------------------------------
Finished Renaming Generated Instances : Time (s): cpu = 00:00:24 ; elapsed = 00:00:24 . Memory (MB): peak = 2303.668 ; gain = 583.352 ; free physical = 24014 ; free virtual = 49233
---------------------------------------------------------------------------------
---------------------------------------------------------------------------------
Start Rebuilding User Hierarchy
---------------------------------------------------------------------------------
---------------------------------------------------------------------------------
Finished Rebuilding User Hierarchy : Time (s): cpu = 00:00:24 ; elapsed = 00:00:24 . Memory (MB): peak = 2303.668 ; gain = 583.352 ; free physical = 24014 ; free virtual = 49233
---------------------------------------------------------------------------------
---------------------------------------------------------------------------------
Start Renaming Generated Ports
---------------------------------------------------------------------------------
---------------------------------------------------------------------------------
Finished Renaming Generated Ports : Time (s): cpu = 00:00:24 ; elapsed = 00:00:24 . Memory (MB): peak = 2303.668 ; gain = 583.352 ; free physical = 24014 ; free virtual = 49233
---------------------------------------------------------------------------------
---------------------------------------------------------------------------------
Start Handling Custom Attributes
---------------------------------------------------------------------------------
---------------------------------------------------------------------------------
Finished Handling Custom Attributes : Time (s): cpu = 00:00:24 ; elapsed = 00:00:24 . Memory (MB): peak = 2303.668 ; gain = 583.352 ; free physical = 24014 ; free virtual = 49233
---------------------------------------------------------------------------------
---------------------------------------------------------------------------------
Start Renaming Generated Nets
---------------------------------------------------------------------------------
---------------------------------------------------------------------------------
Finished Renaming Generated Nets : Time (s): cpu = 00:00:24 ; elapsed = 00:00:24 . Memory (MB): peak = 2303.668 ; gain = 583.352 ; free physical = 24014 ; free virtual = 49233
---------------------------------------------------------------------------------
---------------------------------------------------------------------------------
Start Writing Synthesis Report
---------------------------------------------------------------------------------

Report BlackBoxes: 
+-+--------------+----------+
| |BlackBox name |Instances |
+-+--------------+----------+
+-+--------------+----------+

Report Cell Usage: 
+------+-------------+------+
|      |Cell         |Count |
+------+-------------+------+
|1     |BUFGMUX_CTRL |     1|
|2     |BUFR         |     2|
+------+-------------+------+
---------------------------------------------------------------------------------
Finished Writing Synthesis Report : Time (s): cpu = 00:00:24 ; elapsed = 00:00:24 . Memory (MB): peak = 2303.668 ; gain = 583.352 ; free physical = 24014 ; free virtual = 49233
---------------------------------------------------------------------------------
Synthesis finished with 0 errors, 0 critical warnings and 1 warnings.
Synthesis Optimization Runtime : Time (s): cpu = 00:00:22 ; elapsed = 00:00:22 . Memory (MB): peak = 2303.668 ; gain = 504.441 ; free physical = 24004 ; free virtual = 49224
Synthesis Optimization Complete : Time (s): cpu = 00:00:24 ; elapsed = 00:00:24 . Memory (MB): peak = 2303.668 ; gain = 583.352 ; free physical = 24004 ; free virtual = 49224
INFO: [Project 1-571] Translating synthesized netlist
Netlist sorting complete. Time (s): cpu = 00:00:00 ; elapsed = 00:00:00 . Memory (MB): peak = 2303.668 ; gain = 0.000 ; free physical = 24004 ; free virtual = 49224
INFO: [Netlist 29-17] Analyzing 3 Unisim elements for replacement
INFO: [Netlist 29-28] Unisim Transformation completed in 0 CPU seconds
INFO: [Project 1-570] Preparing netlist for logic optimization
INFO: [Opt 31-138] Pushed 0 inverter(s) to 0 load pin(s).
Netlist sorting complete. Time (s): cpu = 00:00:00 ; elapsed = 00:00:00 . Memory (MB): peak = 2303.668 ; gain = 0.000 ; free physical = 24162 ; free virtual = 49396
INFO: [Project 1-111] Unisim Transformation Summary:
  A total of 1 instances were transformed.
  BUFGMUX_CTRL => BUFGCTRL (inverted pins: S0): 1 instance 

Synth Design complete | Checksum: d12fe2cf
INFO: [Common 17-83] Releasing license: Synthesis
32 Infos, 1 Warnings, 0 Critical Warnings and 0 Errors encountered.
synth_design completed successfully
synth_design: Time (s): cpu = 00:00:32 ; elapsed = 00:00:29 . Memory (MB): peak = 2303.668 ; gain = 933.852 ; free physical = 24135 ; free virtual = 49368
INFO: [Common 17-2834] synth_design peak Physical Memory [PSS] (MB): overall = 1761.494; main = 1428.059; forked = 333.436
INFO: [Common 17-2834] synth_design peak Virtual Memory [VSS] (MB): overall = 3261.352; main = 2271.621; forked = 989.730
INFO: [Common 17-1381] The checkpoint '/home/chubbysoap/Documents/ADgit/hdl/projects/fmcomms2/zed/fmcomms2_zed.runs/system_util_ad9361_divclk_0_synth_1/system_util_ad9361_divclk_0.dcp' has been generated.
INFO: [Coretcl 2-1648] Added synthesis output to IP cache for IP system_util_ad9361_divclk_0, cache-ID = 46cac138385ee2b2
INFO: [Common 17-1381] The checkpoint '/home/chubbysoap/Documents/ADgit/hdl/projects/fmcomms2/zed/fmcomms2_zed.runs/system_util_ad9361_divclk_0_synth_1/system_util_ad9361_divclk_0.dcp' has been generated.
INFO: [runtcl-4] Executing : report_utilization -file system_util_ad9361_divclk_0_utilization_synth.rpt -pb system_util_ad9361_divclk_0_utilization_synth.pb
INFO: [Common 17-206] Exiting Vivado at Thu Feb  5 05:38:13 2026...
