
*** Running vivado
    with args -log system_rom_sys_0_0.vds -m64 -product Vivado -mode batch -messageDb vivado.pb -notrace -source system_rom_sys_0_0.tcl


****** Vivado v2022.2 (64-bit)
  **** SW Build 3671981 on Fri Oct 14 04:59:54 MDT 2022
  **** IP Build 3669848 on Fri Oct 14 08:30:02 MDT 2022
    ** Copyright 1986-2022 Xilinx, Inc. All Rights Reserved.

source system_rom_sys_0_0.tcl -notrace
INFO: [IP_Flow 19-234] Refreshing IP repositories
INFO: [IP_Flow 19-1700] Loaded user IP repository '/home/chubbysoap/Documents/ADgit/hdl/library'.
INFO: [IP_Flow 19-2313] Loaded Vivado IP repository '/tools/Xilinx/Vivado/2022.2/data/ip'.
INFO: [IP_Flow 19-6924] IPCACHE: Running cache check for IP inst: system_rom_sys_0_0
Command: synth_design -top system_rom_sys_0_0 -part xc7z020clg484-1 -incremental_mode off -mode out_of_context
Starting synth_design
Attempting to get a license for feature 'Synthesis' and/or device 'xc7z020'
INFO: [Common 17-349] Got license for feature 'Synthesis' and/or device 'xc7z020'
INFO: [Device 21-403] Loading part xc7z020clg484-1
INFO: [Synth 8-7079] Multithreading enabled for synth_design using a maximum of 4 processes.
INFO: [Synth 8-7078] Launching helper process for spawning children vivado processes
INFO: [Synth 8-7075] Helper process launched with PID 43045
INFO: [Synth 8-11241] undeclared symbol 'REGCCE', assumed default net type 'wire' [/tools/Xilinx/Vivado/2022.2/data/verilog/src/unimacro/BRAM_SINGLE_MACRO.v:2170]
---------------------------------------------------------------------------------
Starting RTL Elaboration : Time (s): cpu = 00:00:04 ; elapsed = 00:00:04 . Memory (MB): peak = 2750.301 ; gain = 376.770 ; free physical = 35710 ; free virtual = 47205
Synthesis current peak Physical Memory [PSS] (MB): peak = 2012.266; parent = 1864.433; children = 147.833
Synthesis current peak Virtual Memory [VSS] (MB): peak = 3732.301; parent = 2753.273; children = 979.027
---------------------------------------------------------------------------------
INFO: [Synth 8-6157] synthesizing module 'system_rom_sys_0_0' [/home/chubbysoap/Documents/ADgit/hdl/projects/fmcomms2/zed/fmcomms2_zed.gen/sources_1/bd/system/ip/system_rom_sys_0_0/synth/system_rom_sys_0_0.v:53]
INFO: [Synth 8-6157] synthesizing module 'sysid_rom' [/home/chubbysoap/Documents/ADgit/hdl/projects/fmcomms2/zed/fmcomms2_zed.gen/sources_1/bd/system/ipshared/c899/sysid_rom.v:37]
INFO: [Synth 8-3876] $readmem data file '/home/chubbysoap/Documents/ADgit/hdl/projects/fmcomms2/zed/mem_init_sys.txt' is read successfully [/home/chubbysoap/Documents/ADgit/hdl/projects/fmcomms2/zed/fmcomms2_zed.gen/sources_1/bd/system/ipshared/c899/sysid_rom.v:50]
INFO: [Synth 8-6155] done synthesizing module 'sysid_rom' (0#1) [/home/chubbysoap/Documents/ADgit/hdl/projects/fmcomms2/zed/fmcomms2_zed.gen/sources_1/bd/system/ipshared/c899/sysid_rom.v:37]
INFO: [Synth 8-6155] done synthesizing module 'system_rom_sys_0_0' (0#1) [/home/chubbysoap/Documents/ADgit/hdl/projects/fmcomms2/zed/fmcomms2_zed.gen/sources_1/bd/system/ip/system_rom_sys_0_0/synth/system_rom_sys_0_0.v:53]
---------------------------------------------------------------------------------
Finished RTL Elaboration : Time (s): cpu = 00:00:05 ; elapsed = 00:00:05 . Memory (MB): peak = 2821.238 ; gain = 447.707 ; free physical = 35483 ; free virtual = 46980
Synthesis current peak Physical Memory [PSS] (MB): peak = 2012.266; parent = 1864.433; children = 147.833
Synthesis current peak Virtual Memory [VSS] (MB): peak = 3800.270; parent = 2821.242; children = 979.027
---------------------------------------------------------------------------------
---------------------------------------------------------------------------------
Start Handling Custom Attributes
---------------------------------------------------------------------------------
---------------------------------------------------------------------------------
Finished Handling Custom Attributes : Time (s): cpu = 00:00:05 ; elapsed = 00:00:05 . Memory (MB): peak = 2836.082 ; gain = 462.551 ; free physical = 35477 ; free virtual = 46975
Synthesis current peak Physical Memory [PSS] (MB): peak = 2012.266; parent = 1864.433; children = 147.833
Synthesis current peak Virtual Memory [VSS] (MB): peak = 3815.113; parent = 2836.086; children = 979.027
---------------------------------------------------------------------------------
---------------------------------------------------------------------------------
Finished RTL Optimization Phase 1 : Time (s): cpu = 00:00:05 ; elapsed = 00:00:05 . Memory (MB): peak = 2836.082 ; gain = 462.551 ; free physical = 35475 ; free virtual = 46973
Synthesis current peak Physical Memory [PSS] (MB): peak = 2012.266; parent = 1864.433; children = 147.833
Synthesis current peak Virtual Memory [VSS] (MB): peak = 3815.113; parent = 2836.086; children = 979.027
---------------------------------------------------------------------------------
Netlist sorting complete. Time (s): cpu = 00:00:00 ; elapsed = 00:00:00 . Memory (MB): peak = 2836.082 ; gain = 0.000 ; free physical = 35478 ; free virtual = 46976
INFO: [Project 1-570] Preparing netlist for logic optimization

Processing XDC Constraints
Initializing timing engine
Completed Processing XDC Constraints

Netlist sorting complete. Time (s): cpu = 00:00:00 ; elapsed = 00:00:00 . Memory (MB): peak = 2978.832 ; gain = 0.000 ; free physical = 35321 ; free virtual = 46817
INFO: [Project 1-111] Unisim Transformation Summary:
No Unisim elements were transformed.

Constraint Validation Runtime : Time (s): cpu = 00:00:00.02 ; elapsed = 00:00:00.01 . Memory (MB): peak = 2978.832 ; gain = 0.000 ; free physical = 35321 ; free virtual = 46817
INFO: [Designutils 20-5008] Incremental synthesis strategy off
INFO: [Synth 8-11241] undeclared symbol 'REGCCE', assumed default net type 'wire' [/tools/Xilinx/Vivado/2022.2/data/verilog/src/unimacro/BRAM_SINGLE_MACRO.v:2170]
---------------------------------------------------------------------------------
Finished Constraint Validation : Time (s): cpu = 00:00:10 ; elapsed = 00:00:11 . Memory (MB): peak = 2978.832 ; gain = 605.301 ; free physical = 35679 ; free virtual = 47173
Synthesis current peak Physical Memory [PSS] (MB): peak = 2016.310; parent = 1864.433; children = 152.752
Synthesis current peak Virtual Memory [VSS] (MB): peak = 3925.848; parent = 2946.820; children = 979.027
---------------------------------------------------------------------------------
---------------------------------------------------------------------------------
Start Loading Part and Timing Information
---------------------------------------------------------------------------------
Loading part: xc7z020clg484-1
---------------------------------------------------------------------------------
Finished Loading Part and Timing Information : Time (s): cpu = 00:00:10 ; elapsed = 00:00:11 . Memory (MB): peak = 2978.832 ; gain = 605.301 ; free physical = 35679 ; free virtual = 47173
Synthesis current peak Physical Memory [PSS] (MB): peak = 2016.310; parent = 1864.433; children = 152.752
Synthesis current peak Virtual Memory [VSS] (MB): peak = 3925.848; parent = 2946.820; children = 979.027
---------------------------------------------------------------------------------
---------------------------------------------------------------------------------
Start Applying 'set_property' XDC Constraints
---------------------------------------------------------------------------------
---------------------------------------------------------------------------------
Finished applying 'set_property' XDC Constraints : Time (s): cpu = 00:00:10 ; elapsed = 00:00:11 . Memory (MB): peak = 2978.832 ; gain = 605.301 ; free physical = 35679 ; free virtual = 47172
Synthesis current peak Physical Memory [PSS] (MB): peak = 2016.310; parent = 1864.433; children = 152.752
Synthesis current peak Virtual Memory [VSS] (MB): peak = 3925.848; parent = 2946.820; children = 979.027
---------------------------------------------------------------------------------
---------------------------------------------------------------------------------
Finished RTL Optimization Phase 2 : Time (s): cpu = 00:00:10 ; elapsed = 00:00:11 . Memory (MB): peak = 2978.832 ; gain = 605.301 ; free physical = 35654 ; free virtual = 47148
Synthesis current peak Physical Memory [PSS] (MB): peak = 2016.310; parent = 1864.433; children = 152.752
Synthesis current peak Virtual Memory [VSS] (MB): peak = 3925.848; parent = 2946.820; children = 979.027
---------------------------------------------------------------------------------
---------------------------------------------------------------------------------
Start RTL Component Statistics 
---------------------------------------------------------------------------------
Detailed RTL Component Info : 
+---Registers : 
	               32 Bit    Registers := 1     
+---Muxes : 
	 513 Input   32 Bit        Muxes := 1     
---------------------------------------------------------------------------------
Finished RTL Component Statistics 
---------------------------------------------------------------------------------
---------------------------------------------------------------------------------
Start Part Resource Summary
---------------------------------------------------------------------------------
Part Resources:
DSPs: 220 (col length:60)
BRAMs: 280 (col length: RAMB18 60 RAMB36 30)
---------------------------------------------------------------------------------
Finished Part Resource Summary
---------------------------------------------------------------------------------
---------------------------------------------------------------------------------
Start Cross Boundary and Area Optimization
---------------------------------------------------------------------------------
WARNING: [Synth 8-7080] Parallel synthesis criteria is not met
---------------------------------------------------------------------------------
Finished Cross Boundary and Area Optimization : Time (s): cpu = 00:00:11 ; elapsed = 00:00:12 . Memory (MB): peak = 2978.832 ; gain = 605.301 ; free physical = 35471 ; free virtual = 46968
Synthesis current peak Physical Memory [PSS] (MB): peak = 2016.310; parent = 1864.433; children = 152.752
Synthesis current peak Virtual Memory [VSS] (MB): peak = 3925.848; parent = 2946.820; children = 979.027
---------------------------------------------------------------------------------
---------------------------------------------------------------------------------
Start Applying XDC Timing Constraints
---------------------------------------------------------------------------------
---------------------------------------------------------------------------------
Finished Applying XDC Timing Constraints : Time (s): cpu = 00:00:16 ; elapsed = 00:00:17 . Memory (MB): peak = 2978.832 ; gain = 605.301 ; free physical = 36809 ; free virtual = 48318
Synthesis current peak Physical Memory [PSS] (MB): peak = 2107.632; parent = 1957.089; children = 152.752
Synthesis current peak Virtual Memory [VSS] (MB): peak = 3925.848; parent = 2946.820; children = 979.027
---------------------------------------------------------------------------------
---------------------------------------------------------------------------------
Start Timing Optimization
---------------------------------------------------------------------------------
---------------------------------------------------------------------------------
Finished Timing Optimization : Time (s): cpu = 00:00:16 ; elapsed = 00:00:17 . Memory (MB): peak = 2978.832 ; gain = 605.301 ; free physical = 36796 ; free virtual = 48306
Synthesis current peak Physical Memory [PSS] (MB): peak = 2107.632; parent = 1957.089; children = 152.752
Synthesis current peak Virtual Memory [VSS] (MB): peak = 3925.848; parent = 2946.820; children = 979.027
---------------------------------------------------------------------------------
---------------------------------------------------------------------------------
Start Technology Mapping
---------------------------------------------------------------------------------
---------------------------------------------------------------------------------
Finished Technology Mapping : Time (s): cpu = 00:00:16 ; elapsed = 00:00:17 . Memory (MB): peak = 2978.832 ; gain = 605.301 ; free physical = 36776 ; free virtual = 48287
Synthesis current peak Physical Memory [PSS] (MB): peak = 2107.920; parent = 1957.406; children = 152.752
Synthesis current peak Virtual Memory [VSS] (MB): peak = 3925.848; parent = 2946.820; children = 979.027
---------------------------------------------------------------------------------
---------------------------------------------------------------------------------
Start IO Insertion
---------------------------------------------------------------------------------
---------------------------------------------------------------------------------
Start Flattening Before IO Insertion
---------------------------------------------------------------------------------
---------------------------------------------------------------------------------
Finished Flattening Before IO Insertion
---------------------------------------------------------------------------------
---------------------------------------------------------------------------------
Start Final Netlist Cleanup
---------------------------------------------------------------------------------
---------------------------------------------------------------------------------
Finished Final Netlist Cleanup
---------------------------------------------------------------------------------
---------------------------------------------------------------------------------
Finished IO Insertion : Time (s): cpu = 00:00:18 ; elapsed = 00:00:20 . Memory (MB): peak = 2978.832 ; gain = 605.301 ; free physical = 35772 ; free virtual = 47261
Synthesis current peak Physical Memory [PSS] (MB): peak = 2107.920; parent = 1957.406; children = 152.752
Synthesis current peak Virtual Memory [VSS] (MB): peak = 3925.848; parent = 2946.820; children = 979.027
---------------------------------------------------------------------------------
---------------------------------------------------------------------------------
Start Renaming Generated Instances
---------------------------------------------------------------------------------
---------------------------------------------------------------------------------
Finished Renaming Generated Instances : Time (s): cpu = 00:00:18 ; elapsed = 00:00:20 . Memory (MB): peak = 2978.832 ; gain = 605.301 ; free physical = 35768 ; free virtual = 47257
Synthesis current peak Physical Memory [PSS] (MB): peak = 2107.920; parent = 1957.406; children = 152.752
Synthesis current peak Virtual Memory [VSS] (MB): peak = 3925.848; parent = 2946.820; children = 979.027
---------------------------------------------------------------------------------
---------------------------------------------------------------------------------
Start Rebuilding User Hierarchy
---------------------------------------------------------------------------------
---------------------------------------------------------------------------------
Finished Rebuilding User Hierarchy : Time (s): cpu = 00:00:18 ; elapsed = 00:00:20 . Memory (MB): peak = 2978.832 ; gain = 605.301 ; free physical = 35766 ; free virtual = 47255
Synthesis current peak Physical Memory [PSS] (MB): peak = 2107.920; parent = 1957.406; children = 152.752
Synthesis current peak Virtual Memory [VSS] (MB): peak = 3925.848; parent = 2946.820; children = 979.027
---------------------------------------------------------------------------------
---------------------------------------------------------------------------------
Start Renaming Generated Ports
---------------------------------------------------------------------------------
---------------------------------------------------------------------------------
Finished Renaming Generated Ports : Time (s): cpu = 00:00:18 ; elapsed = 00:00:20 . Memory (MB): peak = 2978.832 ; gain = 605.301 ; free physical = 35764 ; free virtual = 47254
Synthesis current peak Physical Memory [PSS] (MB): peak = 2107.920; parent = 1957.406; children = 152.752
Synthesis current peak Virtual Memory [VSS] (MB): peak = 3925.848; parent = 2946.820; children = 979.027
---------------------------------------------------------------------------------
---------------------------------------------------------------------------------
Start Handling Custom Attributes
---------------------------------------------------------------------------------
---------------------------------------------------------------------------------
Finished Handling Custom Attributes : Time (s): cpu = 00:00:18 ; elapsed = 00:00:20 . Memory (MB): peak = 2978.832 ; gain = 605.301 ; free physical = 35760 ; free virtual = 47250
Synthesis current peak Physical Memory [PSS] (MB): peak = 2107.920; parent = 1957.406; children = 152.752
Synthesis current peak Virtual Memory [VSS] (MB): peak = 3925.848; parent = 2946.820; children = 979.027
---------------------------------------------------------------------------------
---------------------------------------------------------------------------------
Start Renaming Generated Nets
---------------------------------------------------------------------------------
---------------------------------------------------------------------------------
Finished Renaming Generated Nets : Time (s): cpu = 00:00:18 ; elapsed = 00:00:20 . Memory (MB): peak = 2978.832 ; gain = 605.301 ; free physical = 35759 ; free virtual = 47249
Synthesis current peak Physical Memory [PSS] (MB): peak = 2107.920; parent = 1957.406; children = 152.752
Synthesis current peak Virtual Memory [VSS] (MB): peak = 3925.848; parent = 2946.820; children = 979.027
---------------------------------------------------------------------------------
---------------------------------------------------------------------------------
Start Writing Synthesis Report
---------------------------------------------------------------------------------

Report BlackBoxes: 
+-+--------------+----------+
| |BlackBox name |Instances |
+-+--------------+----------+
+-+--------------+----------+

Report Cell Usage: 
+------+-----+------+
|      |Cell |Count |
+------+-----+------+
|1     |LUT3 |     5|
|2     |LUT4 |     1|
|3     |LUT5 |    25|
|4     |LUT6 |    35|
|5     |FDRE |    30|
+------+-----+------+
---------------------------------------------------------------------------------
Finished Writing Synthesis Report : Time (s): cpu = 00:00:18 ; elapsed = 00:00:20 . Memory (MB): peak = 2978.832 ; gain = 605.301 ; free physical = 35756 ; free virtual = 47246
Synthesis current peak Physical Memory [PSS] (MB): peak = 2107.920; parent = 1957.406; children = 152.752
Synthesis current peak Virtual Memory [VSS] (MB): peak = 3925.848; parent = 2946.820; children = 979.027
---------------------------------------------------------------------------------
Synthesis finished with 0 errors, 0 critical warnings and 1 warnings.
Synthesis Optimization Runtime : Time (s): cpu = 00:00:17 ; elapsed = 00:00:18 . Memory (MB): peak = 2978.832 ; gain = 462.551 ; free physical = 35766 ; free virtual = 47256
Synthesis Optimization Complete : Time (s): cpu = 00:00:19 ; elapsed = 00:00:20 . Memory (MB): peak = 2978.832 ; gain = 605.301 ; free physical = 35757 ; free virtual = 47247
INFO: [Project 1-571] Translating synthesized netlist
Netlist sorting complete. Time (s): cpu = 00:00:00 ; elapsed = 00:00:00 . Memory (MB): peak = 2978.832 ; gain = 0.000 ; free physical = 35745 ; free virtual = 47235
INFO: [Project 1-570] Preparing netlist for logic optimization
INFO: [Opt 31-138] Pushed 0 inverter(s) to 0 load pin(s).
Netlist sorting complete. Time (s): cpu = 00:00:00 ; elapsed = 00:00:00 . Memory (MB): peak = 2978.832 ; gain = 0.000 ; free physical = 35630 ; free virtual = 47119
INFO: [Project 1-111] Unisim Transformation Summary:
No Unisim elements were transformed.

Synth Design complete, checksum: f33cf6d1
INFO: [Common 17-83] Releasing license: Synthesis
24 Infos, 1 Warnings, 0 Critical Warnings and 0 Errors encountered.
synth_design completed successfully
synth_design: Time (s): cpu = 00:00:26 ; elapsed = 00:00:24 . Memory (MB): peak = 2978.832 ; gain = 939.863 ; free physical = 35610 ; free virtual = 47099
INFO: [Common 17-1381] The checkpoint '/home/chubbysoap/Documents/ADgit/hdl/projects/fmcomms2/zed/fmcomms2_zed.runs/system_rom_sys_0_0_synth_1/system_rom_sys_0_0.dcp' has been generated.
INFO: [Coretcl 2-1648] Added synthesis output to IP cache for IP system_rom_sys_0_0, cache-ID = 623234d787cd431f
INFO: [Common 17-1381] The checkpoint '/home/chubbysoap/Documents/ADgit/hdl/projects/fmcomms2/zed/fmcomms2_zed.runs/system_rom_sys_0_0_synth_1/system_rom_sys_0_0.dcp' has been generated.
INFO: [runtcl-4] Executing : report_utilization -file system_rom_sys_0_0_utilization_synth.rpt -pb system_rom_sys_0_0_utilization_synth.pb
INFO: [Common 17-206] Exiting Vivado at Fri Feb  6 05:47:15 2026...
