
*** Running vivado
    with args -log system_axi_sysid_0_0.vds -m64 -product Vivado -mode batch -messageDb vivado.pb -notrace -source system_axi_sysid_0_0.tcl


****** Vivado v2023.2 (64-bit)
  **** SW Build 4029153 on Fri Oct 13 20:13:54 MDT 2023
  **** IP Build 4028589 on Sat Oct 14 00:45:43 MDT 2023
  **** SharedData Build 4025554 on Tue Oct 10 17:18:54 MDT 2023
    ** Copyright 1986-2022 Xilinx, Inc. All Rights Reserved.
    ** Copyright 2022-2023 Advanced Micro Devices, Inc. All Rights Reserved.

source system_axi_sysid_0_0.tcl -notrace
create_project: Time (s): cpu = 00:00:07 ; elapsed = 00:00:07 . Memory (MB): peak = 1350.008 ; gain = 35.836 ; free physical = 25963 ; free virtual = 51185
INFO: [IP_Flow 19-234] Refreshing IP repositories
INFO: [IP_Flow 19-1700] Loaded user IP repository '/home/chubbysoap/Documents/ADgit/hdl/library'.
INFO: [IP_Flow 19-2313] Loaded Vivado IP repository '/tools/Xilinx/Vivado/2023.2/data/ip'.
INFO: [IP_Flow 19-6924] IPCACHE: Running cache check for IP inst: system_axi_sysid_0_0
Command: synth_design -top system_axi_sysid_0_0 -part xc7z020clg484-1 -incremental_mode off -mode out_of_context
Starting synth_design
Attempting to get a license for feature 'Synthesis' and/or device 'xc7z020'
INFO: [Common 17-349] Got license for feature 'Synthesis' and/or device 'xc7z020'
INFO: [Device 21-403] Loading part xc7z020clg484-1
INFO: [Synth 8-7079] Multithreading enabled for synth_design using a maximum of 4 processes.
INFO: [Synth 8-7078] Launching helper process for spawning children vivado processes
INFO: [Synth 8-7075] Helper process launched with PID 143505
---------------------------------------------------------------------------------
Starting RTL Elaboration : Time (s): cpu = 00:00:04 ; elapsed = 00:00:05 . Memory (MB): peak = 2131.980 ; gain = 412.629 ; free physical = 25010 ; free virtual = 50178
---------------------------------------------------------------------------------
INFO: [Synth 8-6157] synthesizing module 'system_axi_sysid_0_0' [/home/chubbysoap/Documents/ADgit/hdl/projects/fmcomms2/zed/fmcomms2_zed.gen/sources_1/bd/system/ip/system_axi_sysid_0_0/synth/system_axi_sysid_0_0.v:53]
INFO: [Synth 8-6157] synthesizing module 'axi_sysid' [/home/chubbysoap/Documents/ADgit/hdl/projects/fmcomms2/zed/fmcomms2_zed.gen/sources_1/bd/system/ipshared/7689/axi_sysid.v:37]
INFO: [Synth 8-6157] synthesizing module 'up_axi' [/home/chubbysoap/Documents/ADgit/hdl/projects/fmcomms2/zed/fmcomms2_zed.gen/sources_1/bd/system/ipshared/7689/_1/common/up_axi.v:38]
INFO: [Synth 8-6155] done synthesizing module 'up_axi' (0#1) [/home/chubbysoap/Documents/ADgit/hdl/projects/fmcomms2/zed/fmcomms2_zed.gen/sources_1/bd/system/ipshared/7689/_1/common/up_axi.v:38]
INFO: [Synth 8-6155] done synthesizing module 'axi_sysid' (0#1) [/home/chubbysoap/Documents/ADgit/hdl/projects/fmcomms2/zed/fmcomms2_zed.gen/sources_1/bd/system/ipshared/7689/axi_sysid.v:37]
INFO: [Synth 8-6155] done synthesizing module 'system_axi_sysid_0_0' (0#1) [/home/chubbysoap/Documents/ADgit/hdl/projects/fmcomms2/zed/fmcomms2_zed.gen/sources_1/bd/system/ip/system_axi_sysid_0_0/synth/system_axi_sysid_0_0.v:53]
WARNING: [Synth 8-7129] Port up_axi_awaddr[1] in module up_axi is either unconnected or has no load
WARNING: [Synth 8-7129] Port up_axi_awaddr[0] in module up_axi is either unconnected or has no load
WARNING: [Synth 8-7129] Port up_axi_wstrb[3] in module up_axi is either unconnected or has no load
WARNING: [Synth 8-7129] Port up_axi_wstrb[2] in module up_axi is either unconnected or has no load
WARNING: [Synth 8-7129] Port up_axi_wstrb[1] in module up_axi is either unconnected or has no load
WARNING: [Synth 8-7129] Port up_axi_wstrb[0] in module up_axi is either unconnected or has no load
WARNING: [Synth 8-7129] Port up_axi_araddr[1] in module up_axi is either unconnected or has no load
WARNING: [Synth 8-7129] Port up_axi_araddr[0] in module up_axi is either unconnected or has no load
WARNING: [Synth 8-7129] Port s_axi_awaddr[15] in module axi_sysid is either unconnected or has no load
WARNING: [Synth 8-7129] Port s_axi_awaddr[14] in module axi_sysid is either unconnected or has no load
WARNING: [Synth 8-7129] Port s_axi_awaddr[13] in module axi_sysid is either unconnected or has no load
WARNING: [Synth 8-7129] Port s_axi_awprot[2] in module axi_sysid is either unconnected or has no load
WARNING: [Synth 8-7129] Port s_axi_awprot[1] in module axi_sysid is either unconnected or has no load
WARNING: [Synth 8-7129] Port s_axi_awprot[0] in module axi_sysid is either unconnected or has no load
WARNING: [Synth 8-7129] Port s_axi_araddr[15] in module axi_sysid is either unconnected or has no load
WARNING: [Synth 8-7129] Port s_axi_araddr[14] in module axi_sysid is either unconnected or has no load
WARNING: [Synth 8-7129] Port s_axi_araddr[13] in module axi_sysid is either unconnected or has no load
WARNING: [Synth 8-7129] Port s_axi_arprot[2] in module axi_sysid is either unconnected or has no load
WARNING: [Synth 8-7129] Port s_axi_arprot[1] in module axi_sysid is either unconnected or has no load
WARNING: [Synth 8-7129] Port s_axi_arprot[0] in module axi_sysid is either unconnected or has no load
---------------------------------------------------------------------------------
Finished RTL Elaboration : Time (s): cpu = 00:00:06 ; elapsed = 00:00:06 . Memory (MB): peak = 2210.918 ; gain = 491.566 ; free physical = 24344 ; free virtual = 49564
---------------------------------------------------------------------------------
---------------------------------------------------------------------------------
Start Handling Custom Attributes
---------------------------------------------------------------------------------
---------------------------------------------------------------------------------
Finished Handling Custom Attributes : Time (s): cpu = 00:00:06 ; elapsed = 00:00:06 . Memory (MB): peak = 2225.762 ; gain = 506.410 ; free physical = 24246 ; free virtual = 49466
---------------------------------------------------------------------------------
---------------------------------------------------------------------------------
Finished RTL Optimization Phase 1 : Time (s): cpu = 00:00:06 ; elapsed = 00:00:06 . Memory (MB): peak = 2225.762 ; gain = 506.410 ; free physical = 24246 ; free virtual = 49466
---------------------------------------------------------------------------------
Netlist sorting complete. Time (s): cpu = 00:00:00 ; elapsed = 00:00:00.01 . Memory (MB): peak = 2225.762 ; gain = 0.000 ; free physical = 24215 ; free virtual = 49435
INFO: [Project 1-570] Preparing netlist for logic optimization

Processing XDC Constraints
Initializing timing engine
Completed Processing XDC Constraints

Netlist sorting complete. Time (s): cpu = 00:00:00.01 ; elapsed = 00:00:00 . Memory (MB): peak = 2372.512 ; gain = 0.000 ; free physical = 23918 ; free virtual = 49140
INFO: [Project 1-111] Unisim Transformation Summary:
No Unisim elements were transformed.

Constraint Validation Runtime : Time (s): cpu = 00:00:00.03 ; elapsed = 00:00:00.02 . Memory (MB): peak = 2372.547 ; gain = 0.000 ; free physical = 23916 ; free virtual = 49138
INFO: [Designutils 20-5008] Incremental synthesis strategy off
---------------------------------------------------------------------------------
Finished Constraint Validation : Time (s): cpu = 00:00:13 ; elapsed = 00:00:13 . Memory (MB): peak = 2372.547 ; gain = 653.195 ; free physical = 23335 ; free virtual = 48534
---------------------------------------------------------------------------------
---------------------------------------------------------------------------------
Start Loading Part and Timing Information
---------------------------------------------------------------------------------
Loading part: xc7z020clg484-1
---------------------------------------------------------------------------------
Finished Loading Part and Timing Information : Time (s): cpu = 00:00:13 ; elapsed = 00:00:13 . Memory (MB): peak = 2372.547 ; gain = 653.195 ; free physical = 23335 ; free virtual = 48534
---------------------------------------------------------------------------------
---------------------------------------------------------------------------------
Start Applying 'set_property' XDC Constraints
---------------------------------------------------------------------------------
---------------------------------------------------------------------------------
Finished applying 'set_property' XDC Constraints : Time (s): cpu = 00:00:13 ; elapsed = 00:00:13 . Memory (MB): peak = 2372.547 ; gain = 653.195 ; free physical = 23335 ; free virtual = 48534
---------------------------------------------------------------------------------
---------------------------------------------------------------------------------
Finished RTL Optimization Phase 2 : Time (s): cpu = 00:00:14 ; elapsed = 00:00:14 . Memory (MB): peak = 2372.547 ; gain = 653.195 ; free physical = 23366 ; free virtual = 48535
---------------------------------------------------------------------------------
---------------------------------------------------------------------------------
Start RTL Component Statistics 
---------------------------------------------------------------------------------
Detailed RTL Component Info : 
+---Adders : 
	   2 Input    5 Bit       Adders := 2     
+---Registers : 
	               32 Bit    Registers := 5     
	               11 Bit    Registers := 2     
	                5 Bit    Registers := 2     
	                1 Bit    Registers := 14    
+---Muxes : 
	   2 Input   32 Bit        Muxes := 3     
	   3 Input   32 Bit        Muxes := 1     
	   6 Input   32 Bit        Muxes := 1     
	   2 Input    5 Bit        Muxes := 4     
	   6 Input    3 Bit        Muxes := 1     
	   2 Input    1 Bit        Muxes := 21    
---------------------------------------------------------------------------------
Finished RTL Component Statistics 
---------------------------------------------------------------------------------
---------------------------------------------------------------------------------
Start Part Resource Summary
---------------------------------------------------------------------------------
Part Resources:
DSPs: 220 (col length:60)
BRAMs: 280 (col length: RAMB18 60 RAMB36 30)
---------------------------------------------------------------------------------
Finished Part Resource Summary
---------------------------------------------------------------------------------
---------------------------------------------------------------------------------
Start Cross Boundary and Area Optimization
---------------------------------------------------------------------------------
WARNING: [Synth 8-7080] Parallel synthesis criteria is not met
INFO: [Synth 8-3917] design system_axi_sysid_0_0 has port s_axi_bresp[1] driven by constant 0
INFO: [Synth 8-3917] design system_axi_sysid_0_0 has port s_axi_bresp[0] driven by constant 0
INFO: [Synth 8-3917] design system_axi_sysid_0_0 has port s_axi_rresp[1] driven by constant 0
INFO: [Synth 8-3917] design system_axi_sysid_0_0 has port s_axi_rresp[0] driven by constant 0
WARNING: [Synth 8-7129] Port s_axi_awaddr[15] in module system_axi_sysid_0_0 is either unconnected or has no load
WARNING: [Synth 8-7129] Port s_axi_awaddr[14] in module system_axi_sysid_0_0 is either unconnected or has no load
WARNING: [Synth 8-7129] Port s_axi_awaddr[13] in module system_axi_sysid_0_0 is either unconnected or has no load
WARNING: [Synth 8-7129] Port s_axi_awaddr[1] in module system_axi_sysid_0_0 is either unconnected or has no load
WARNING: [Synth 8-7129] Port s_axi_awaddr[0] in module system_axi_sysid_0_0 is either unconnected or has no load
WARNING: [Synth 8-7129] Port s_axi_awprot[2] in module system_axi_sysid_0_0 is either unconnected or has no load
WARNING: [Synth 8-7129] Port s_axi_awprot[1] in module system_axi_sysid_0_0 is either unconnected or has no load
WARNING: [Synth 8-7129] Port s_axi_awprot[0] in module system_axi_sysid_0_0 is either unconnected or has no load
WARNING: [Synth 8-7129] Port s_axi_wstrb[3] in module system_axi_sysid_0_0 is either unconnected or has no load
WARNING: [Synth 8-7129] Port s_axi_wstrb[2] in module system_axi_sysid_0_0 is either unconnected or has no load
WARNING: [Synth 8-7129] Port s_axi_wstrb[1] in module system_axi_sysid_0_0 is either unconnected or has no load
WARNING: [Synth 8-7129] Port s_axi_wstrb[0] in module system_axi_sysid_0_0 is either unconnected or has no load
WARNING: [Synth 8-7129] Port s_axi_araddr[15] in module system_axi_sysid_0_0 is either unconnected or has no load
WARNING: [Synth 8-7129] Port s_axi_araddr[14] in module system_axi_sysid_0_0 is either unconnected or has no load
WARNING: [Synth 8-7129] Port s_axi_araddr[13] in module system_axi_sysid_0_0 is either unconnected or has no load
WARNING: [Synth 8-7129] Port s_axi_araddr[1] in module system_axi_sysid_0_0 is either unconnected or has no load
WARNING: [Synth 8-7129] Port s_axi_araddr[0] in module system_axi_sysid_0_0 is either unconnected or has no load
WARNING: [Synth 8-7129] Port s_axi_arprot[2] in module system_axi_sysid_0_0 is either unconnected or has no load
WARNING: [Synth 8-7129] Port s_axi_arprot[1] in module system_axi_sysid_0_0 is either unconnected or has no load
WARNING: [Synth 8-7129] Port s_axi_arprot[0] in module system_axi_sysid_0_0 is either unconnected or has no load
---------------------------------------------------------------------------------
Finished Cross Boundary and Area Optimization : Time (s): cpu = 00:00:15 ; elapsed = 00:00:16 . Memory (MB): peak = 2372.547 ; gain = 653.195 ; free physical = 23326 ; free virtual = 48497
---------------------------------------------------------------------------------
---------------------------------------------------------------------------------
Start Applying XDC Timing Constraints
---------------------------------------------------------------------------------
---------------------------------------------------------------------------------
Finished Applying XDC Timing Constraints : Time (s): cpu = 00:00:20 ; elapsed = 00:00:20 . Memory (MB): peak = 2372.547 ; gain = 653.195 ; free physical = 22839 ; free virtual = 48043
---------------------------------------------------------------------------------
---------------------------------------------------------------------------------
Start Timing Optimization
---------------------------------------------------------------------------------
---------------------------------------------------------------------------------
Finished Timing Optimization : Time (s): cpu = 00:00:20 ; elapsed = 00:00:20 . Memory (MB): peak = 2372.547 ; gain = 653.195 ; free physical = 22839 ; free virtual = 48042
---------------------------------------------------------------------------------
---------------------------------------------------------------------------------
Start Technology Mapping
---------------------------------------------------------------------------------
---------------------------------------------------------------------------------
Finished Technology Mapping : Time (s): cpu = 00:00:20 ; elapsed = 00:00:21 . Memory (MB): peak = 2372.547 ; gain = 653.195 ; free physical = 22824 ; free virtual = 48027
---------------------------------------------------------------------------------
---------------------------------------------------------------------------------
Start IO Insertion
---------------------------------------------------------------------------------
---------------------------------------------------------------------------------
Start Flattening Before IO Insertion
---------------------------------------------------------------------------------
---------------------------------------------------------------------------------
Finished Flattening Before IO Insertion
---------------------------------------------------------------------------------
---------------------------------------------------------------------------------
Start Final Netlist Cleanup
---------------------------------------------------------------------------------
---------------------------------------------------------------------------------
Finished Final Netlist Cleanup
---------------------------------------------------------------------------------
---------------------------------------------------------------------------------
Finished IO Insertion : Time (s): cpu = 00:00:24 ; elapsed = 00:00:24 . Memory (MB): peak = 2372.547 ; gain = 653.195 ; free physical = 22293 ; free virtual = 47465
---------------------------------------------------------------------------------
---------------------------------------------------------------------------------
Start Renaming Generated Instances
---------------------------------------------------------------------------------
---------------------------------------------------------------------------------
Finished Renaming Generated Instances : Time (s): cpu = 00:00:24 ; elapsed = 00:00:24 . Memory (MB): peak = 2372.547 ; gain = 653.195 ; free physical = 22293 ; free virtual = 47465
---------------------------------------------------------------------------------
---------------------------------------------------------------------------------
Start Rebuilding User Hierarchy
---------------------------------------------------------------------------------
---------------------------------------------------------------------------------
Finished Rebuilding User Hierarchy : Time (s): cpu = 00:00:24 ; elapsed = 00:00:24 . Memory (MB): peak = 2372.547 ; gain = 653.195 ; free physical = 22293 ; free virtual = 47465
---------------------------------------------------------------------------------
---------------------------------------------------------------------------------
Start Renaming Generated Ports
---------------------------------------------------------------------------------
---------------------------------------------------------------------------------
Finished Renaming Generated Ports : Time (s): cpu = 00:00:24 ; elapsed = 00:00:24 . Memory (MB): peak = 2372.547 ; gain = 653.195 ; free physical = 22293 ; free virtual = 47465
---------------------------------------------------------------------------------
---------------------------------------------------------------------------------
Start Handling Custom Attributes
---------------------------------------------------------------------------------
---------------------------------------------------------------------------------
Finished Handling Custom Attributes : Time (s): cpu = 00:00:24 ; elapsed = 00:00:24 . Memory (MB): peak = 2372.547 ; gain = 653.195 ; free physical = 22293 ; free virtual = 47465
---------------------------------------------------------------------------------
---------------------------------------------------------------------------------
Start Renaming Generated Nets
---------------------------------------------------------------------------------
---------------------------------------------------------------------------------
Finished Renaming Generated Nets : Time (s): cpu = 00:00:24 ; elapsed = 00:00:24 . Memory (MB): peak = 2372.547 ; gain = 653.195 ; free physical = 22293 ; free virtual = 47465
---------------------------------------------------------------------------------
---------------------------------------------------------------------------------
Start Writing Synthesis Report
---------------------------------------------------------------------------------

Report BlackBoxes: 
+-+--------------+----------+
| |BlackBox name |Instances |
+-+--------------+----------+
+-+--------------+----------+

Report Cell Usage: 
+------+-----+------+
|      |Cell |Count |
+------+-----+------+
|1     |LUT1 |     1|
|2     |LUT2 |     5|
|3     |LUT3 |     5|
|4     |LUT4 |    42|
|5     |LUT5 |     5|
|6     |LUT6 |    63|
|7     |FDRE |   204|
|8     |FDSE |     2|
+------+-----+------+
---------------------------------------------------------------------------------
Finished Writing Synthesis Report : Time (s): cpu = 00:00:24 ; elapsed = 00:00:24 . Memory (MB): peak = 2372.547 ; gain = 653.195 ; free physical = 22293 ; free virtual = 47465
---------------------------------------------------------------------------------
Synthesis finished with 0 errors, 0 critical warnings and 21 warnings.
Synthesis Optimization Runtime : Time (s): cpu = 00:00:22 ; elapsed = 00:00:22 . Memory (MB): peak = 2372.547 ; gain = 506.410 ; free physical = 22293 ; free virtual = 47465
Synthesis Optimization Complete : Time (s): cpu = 00:00:24 ; elapsed = 00:00:24 . Memory (MB): peak = 2372.547 ; gain = 653.195 ; free physical = 22293 ; free virtual = 47465
INFO: [Project 1-571] Translating synthesized netlist
Netlist sorting complete. Time (s): cpu = 00:00:00 ; elapsed = 00:00:00.01 . Memory (MB): peak = 2372.547 ; gain = 0.000 ; free physical = 22426 ; free virtual = 47598
INFO: [Project 1-570] Preparing netlist for logic optimization
INFO: [Opt 31-138] Pushed 0 inverter(s) to 0 load pin(s).
Netlist sorting complete. Time (s): cpu = 00:00:00 ; elapsed = 00:00:00 . Memory (MB): peak = 2372.547 ; gain = 0.000 ; free physical = 22497 ; free virtual = 47669
INFO: [Project 1-111] Unisim Transformation Summary:
No Unisim elements were transformed.

Synth Design complete | Checksum: 2ccc5c9a
INFO: [Common 17-83] Releasing license: Synthesis
27 Infos, 41 Warnings, 0 Critical Warnings and 0 Errors encountered.
synth_design completed successfully
synth_design: Time (s): cpu = 00:00:33 ; elapsed = 00:00:29 . Memory (MB): peak = 2372.547 ; gain = 1000.758 ; free physical = 22497 ; free virtual = 47670
INFO: [Common 17-2834] synth_design peak Physical Memory [PSS] (MB): overall = 1744.713; main = 1425.722; forked = 322.122
INFO: [Common 17-2834] synth_design peak Virtual Memory [VSS] (MB): overall = 3332.742; main = 2372.516; forked = 992.242
Write ShapeDB Complete: Time (s): cpu = 00:00:00 ; elapsed = 00:00:00 . Memory (MB): peak = 2396.523 ; gain = 0.000 ; free physical = 22497 ; free virtual = 47670
INFO: [Common 17-1381] The checkpoint '/home/chubbysoap/Documents/ADgit/hdl/projects/fmcomms2/zed/fmcomms2_zed.runs/system_axi_sysid_0_0_synth_1/system_axi_sysid_0_0.dcp' has been generated.
INFO: [Coretcl 2-1648] Added synthesis output to IP cache for IP system_axi_sysid_0_0, cache-ID = 90217bd0806a4d83
INFO: [Coretcl 2-1174] Renamed 2 cell refs.
Write ShapeDB Complete: Time (s): cpu = 00:00:00 ; elapsed = 00:00:00 . Memory (MB): peak = 2396.523 ; gain = 0.000 ; free physical = 22486 ; free virtual = 47646
INFO: [Common 17-1381] The checkpoint '/home/chubbysoap/Documents/ADgit/hdl/projects/fmcomms2/zed/fmcomms2_zed.runs/system_axi_sysid_0_0_synth_1/system_axi_sysid_0_0.dcp' has been generated.
INFO: [runtcl-4] Executing : report_utilization -file system_axi_sysid_0_0_utilization_synth.rpt -pb system_axi_sysid_0_0_utilization_synth.pb
INFO: [Common 17-206] Exiting Vivado at Thu Feb  5 05:36:57 2026...
