
*** Running vivado
    with args -log system_sys_logic_inv_0.vds -m64 -product Vivado -mode batch -messageDb vivado.pb -notrace -source system_sys_logic_inv_0.tcl


****** Vivado v2022.2 (64-bit)
  **** SW Build 3671981 on Fri Oct 14 04:59:54 MDT 2022
  **** IP Build 3669848 on Fri Oct 14 08:30:02 MDT 2022
    ** Copyright 1986-2022 Xilinx, Inc. All Rights Reserved.

source system_sys_logic_inv_0.tcl -notrace
INFO: [IP_Flow 19-234] Refreshing IP repositories
INFO: [IP_Flow 19-1700] Loaded user IP repository '/home/chubbysoap/Documents/ADgit/hdl/library'.
INFO: [IP_Flow 19-2313] Loaded Vivado IP repository '/tools/Xilinx/Vivado/2022.2/data/ip'.
INFO: [IP_Flow 19-6924] IPCACHE: Running cache check for IP inst: system_sys_logic_inv_0
Command: synth_design -top system_sys_logic_inv_0 -part xc7z020clg484-1 -incremental_mode off -mode out_of_context
Starting synth_design
Attempting to get a license for feature 'Synthesis' and/or device 'xc7z020'
INFO: [Common 17-349] Got license for feature 'Synthesis' and/or device 'xc7z020'
INFO: [Device 21-403] Loading part xc7z020clg484-1
INFO: [Synth 8-7079] Multithreading enabled for synth_design using a maximum of 4 processes.
INFO: [Synth 8-7078] Launching helper process for spawning children vivado processes
INFO: [Synth 8-7075] Helper process launched with PID 41198
INFO: [Synth 8-11241] undeclared symbol 'REGCCE', assumed default net type 'wire' [/tools/Xilinx/Vivado/2022.2/data/verilog/src/unimacro/BRAM_SINGLE_MACRO.v:2170]
---------------------------------------------------------------------------------
Starting RTL Elaboration : Time (s): cpu = 00:00:04 ; elapsed = 00:00:04 . Memory (MB): peak = 2750.930 ; gain = 380.770 ; free physical = 35515 ; free virtual = 46987
Synthesis current peak Physical Memory [PSS] (MB): peak = 2011.312; parent = 1863.490; children = 147.822
Synthesis current peak Virtual Memory [VSS] (MB): peak = 3732.930; parent = 2753.902; children = 979.027
---------------------------------------------------------------------------------
INFO: [Synth 8-6157] synthesizing module 'system_sys_logic_inv_0' [/home/chubbysoap/Documents/ADgit/hdl/projects/fmcomms2/zed/fmcomms2_zed.gen/sources_1/bd/system/ip/system_sys_logic_inv_0/synth/system_sys_logic_inv_0.v:53]
INFO: [Synth 8-6157] synthesizing module 'util_vector_logic_v2_0_2_util_vector_logic' [/home/chubbysoap/Documents/ADgit/hdl/projects/fmcomms2/zed/fmcomms2_zed.gen/sources_1/bd/system/ipshared/3d84/hdl/util_vector_logic_v2_0_vl_rfs.v:45]
INFO: [Synth 8-6155] done synthesizing module 'util_vector_logic_v2_0_2_util_vector_logic' (0#1) [/home/chubbysoap/Documents/ADgit/hdl/projects/fmcomms2/zed/fmcomms2_zed.gen/sources_1/bd/system/ipshared/3d84/hdl/util_vector_logic_v2_0_vl_rfs.v:45]
INFO: [Synth 8-6155] done synthesizing module 'system_sys_logic_inv_0' (0#1) [/home/chubbysoap/Documents/ADgit/hdl/projects/fmcomms2/zed/fmcomms2_zed.gen/sources_1/bd/system/ip/system_sys_logic_inv_0/synth/system_sys_logic_inv_0.v:53]
WARNING: [Synth 8-7129] Port Op2[0] in module util_vector_logic_v2_0_2_util_vector_logic is either unconnected or has no load
---------------------------------------------------------------------------------
Finished RTL Elaboration : Time (s): cpu = 00:00:05 ; elapsed = 00:00:05 . Memory (MB): peak = 2820.867 ; gain = 450.707 ; free physical = 35473 ; free virtual = 46929
Synthesis current peak Physical Memory [PSS] (MB): peak = 2011.312; parent = 1863.490; children = 147.822
Synthesis current peak Virtual Memory [VSS] (MB): peak = 3799.898; parent = 2820.871; children = 979.027
---------------------------------------------------------------------------------
---------------------------------------------------------------------------------
Start Handling Custom Attributes
---------------------------------------------------------------------------------
---------------------------------------------------------------------------------
Finished Handling Custom Attributes : Time (s): cpu = 00:00:05 ; elapsed = 00:00:06 . Memory (MB): peak = 2838.680 ; gain = 468.520 ; free physical = 35522 ; free virtual = 46978
Synthesis current peak Physical Memory [PSS] (MB): peak = 2011.312; parent = 1863.490; children = 147.822
Synthesis current peak Virtual Memory [VSS] (MB): peak = 3817.711; parent = 2838.684; children = 979.027
---------------------------------------------------------------------------------
---------------------------------------------------------------------------------
Finished RTL Optimization Phase 1 : Time (s): cpu = 00:00:05 ; elapsed = 00:00:06 . Memory (MB): peak = 2838.680 ; gain = 468.520 ; free physical = 35531 ; free virtual = 46987
Synthesis current peak Physical Memory [PSS] (MB): peak = 2011.312; parent = 1863.490; children = 147.822
Synthesis current peak Virtual Memory [VSS] (MB): peak = 3817.711; parent = 2838.684; children = 979.027
---------------------------------------------------------------------------------
Netlist sorting complete. Time (s): cpu = 00:00:00 ; elapsed = 00:00:00 . Memory (MB): peak = 2838.680 ; gain = 0.000 ; free physical = 35532 ; free virtual = 46989
INFO: [Project 1-570] Preparing netlist for logic optimization

Processing XDC Constraints
Initializing timing engine
Completed Processing XDC Constraints

Netlist sorting complete. Time (s): cpu = 00:00:00 ; elapsed = 00:00:00 . Memory (MB): peak = 2914.586 ; gain = 0.000 ; free physical = 35362 ; free virtual = 46828
INFO: [Project 1-111] Unisim Transformation Summary:
No Unisim elements were transformed.

Constraint Validation Runtime : Time (s): cpu = 00:00:00.01 ; elapsed = 00:00:00.01 . Memory (MB): peak = 2914.586 ; gain = 0.000 ; free physical = 35358 ; free virtual = 46824
INFO: [Designutils 20-5008] Incremental synthesis strategy off
INFO: [Synth 8-11241] undeclared symbol 'REGCCE', assumed default net type 'wire' [/tools/Xilinx/Vivado/2022.2/data/verilog/src/unimacro/BRAM_SINGLE_MACRO.v:2170]
---------------------------------------------------------------------------------
Finished Constraint Validation : Time (s): cpu = 00:00:10 ; elapsed = 00:00:11 . Memory (MB): peak = 2914.586 ; gain = 544.426 ; free physical = 35209 ; free virtual = 46674
Synthesis current peak Physical Memory [PSS] (MB): peak = 2011.312; parent = 1863.490; children = 147.822
Synthesis current peak Virtual Memory [VSS] (MB): peak = 3861.602; parent = 2882.574; children = 979.027
---------------------------------------------------------------------------------
---------------------------------------------------------------------------------
Start Loading Part and Timing Information
---------------------------------------------------------------------------------
Loading part: xc7z020clg484-1
---------------------------------------------------------------------------------
Finished Loading Part and Timing Information : Time (s): cpu = 00:00:10 ; elapsed = 00:00:11 . Memory (MB): peak = 2914.586 ; gain = 544.426 ; free physical = 35209 ; free virtual = 46674
Synthesis current peak Physical Memory [PSS] (MB): peak = 2011.312; parent = 1863.490; children = 147.822
Synthesis current peak Virtual Memory [VSS] (MB): peak = 3861.602; parent = 2882.574; children = 979.027
---------------------------------------------------------------------------------
---------------------------------------------------------------------------------
Start Applying 'set_property' XDC Constraints
---------------------------------------------------------------------------------
---------------------------------------------------------------------------------
Finished applying 'set_property' XDC Constraints : Time (s): cpu = 00:00:10 ; elapsed = 00:00:11 . Memory (MB): peak = 2914.586 ; gain = 544.426 ; free physical = 35208 ; free virtual = 46673
Synthesis current peak Physical Memory [PSS] (MB): peak = 2011.312; parent = 1863.490; children = 147.822
Synthesis current peak Virtual Memory [VSS] (MB): peak = 3861.602; parent = 2882.574; children = 979.027
---------------------------------------------------------------------------------
---------------------------------------------------------------------------------
Finished RTL Optimization Phase 2 : Time (s): cpu = 00:00:11 ; elapsed = 00:00:11 . Memory (MB): peak = 2914.586 ; gain = 544.426 ; free physical = 35168 ; free virtual = 46614
Synthesis current peak Physical Memory [PSS] (MB): peak = 2011.312; parent = 1863.490; children = 147.822
Synthesis current peak Virtual Memory [VSS] (MB): peak = 3861.602; parent = 2882.574; children = 979.027
---------------------------------------------------------------------------------
---------------------------------------------------------------------------------
Start RTL Component Statistics 
---------------------------------------------------------------------------------
Detailed RTL Component Info : 
---------------------------------------------------------------------------------
Finished RTL Component Statistics 
---------------------------------------------------------------------------------
---------------------------------------------------------------------------------
Start Part Resource Summary
---------------------------------------------------------------------------------
Part Resources:
DSPs: 220 (col length:60)
BRAMs: 280 (col length: RAMB18 60 RAMB36 30)
---------------------------------------------------------------------------------
Finished Part Resource Summary
---------------------------------------------------------------------------------
---------------------------------------------------------------------------------
Start Cross Boundary and Area Optimization
---------------------------------------------------------------------------------
WARNING: [Synth 8-7080] Parallel synthesis criteria is not met
---------------------------------------------------------------------------------
Finished Cross Boundary and Area Optimization : Time (s): cpu = 00:00:11 ; elapsed = 00:00:12 . Memory (MB): peak = 2914.586 ; gain = 544.426 ; free physical = 34976 ; free virtual = 46422
Synthesis current peak Physical Memory [PSS] (MB): peak = 2011.312; parent = 1863.490; children = 147.822
Synthesis current peak Virtual Memory [VSS] (MB): peak = 3861.602; parent = 2882.574; children = 979.027
---------------------------------------------------------------------------------
---------------------------------------------------------------------------------
Start Applying XDC Timing Constraints
---------------------------------------------------------------------------------
---------------------------------------------------------------------------------
Finished Applying XDC Timing Constraints : Time (s): cpu = 00:00:16 ; elapsed = 00:00:17 . Memory (MB): peak = 2914.586 ; gain = 544.426 ; free physical = 34691 ; free virtual = 46143
Synthesis current peak Physical Memory [PSS] (MB): peak = 2072.785; parent = 1928.854; children = 147.822
Synthesis current peak Virtual Memory [VSS] (MB): peak = 3861.602; parent = 2882.574; children = 979.027
---------------------------------------------------------------------------------
---------------------------------------------------------------------------------
Start Timing Optimization
---------------------------------------------------------------------------------
---------------------------------------------------------------------------------
Finished Timing Optimization : Time (s): cpu = 00:00:16 ; elapsed = 00:00:17 . Memory (MB): peak = 2914.586 ; gain = 544.426 ; free physical = 34691 ; free virtual = 46143
Synthesis current peak Physical Memory [PSS] (MB): peak = 2072.916; parent = 1928.985; children = 147.822
Synthesis current peak Virtual Memory [VSS] (MB): peak = 3861.602; parent = 2882.574; children = 979.027
---------------------------------------------------------------------------------
---------------------------------------------------------------------------------
Start Technology Mapping
---------------------------------------------------------------------------------
---------------------------------------------------------------------------------
Finished Technology Mapping : Time (s): cpu = 00:00:16 ; elapsed = 00:00:17 . Memory (MB): peak = 2914.586 ; gain = 544.426 ; free physical = 34650 ; free virtual = 46102
Synthesis current peak Physical Memory [PSS] (MB): peak = 2073.330; parent = 1929.399; children = 147.822
Synthesis current peak Virtual Memory [VSS] (MB): peak = 3861.602; parent = 2882.574; children = 979.027
---------------------------------------------------------------------------------
---------------------------------------------------------------------------------
Start IO Insertion
---------------------------------------------------------------------------------
---------------------------------------------------------------------------------
Start Flattening Before IO Insertion
---------------------------------------------------------------------------------
---------------------------------------------------------------------------------
Finished Flattening Before IO Insertion
---------------------------------------------------------------------------------
---------------------------------------------------------------------------------
Start Final Netlist Cleanup
---------------------------------------------------------------------------------
---------------------------------------------------------------------------------
Finished Final Netlist Cleanup
---------------------------------------------------------------------------------
---------------------------------------------------------------------------------
Finished IO Insertion : Time (s): cpu = 00:00:19 ; elapsed = 00:00:20 . Memory (MB): peak = 2914.586 ; gain = 544.426 ; free physical = 34902 ; free virtual = 46353
Synthesis current peak Physical Memory [PSS] (MB): peak = 2073.330; parent = 1929.399; children = 147.822
Synthesis current peak Virtual Memory [VSS] (MB): peak = 3861.602; parent = 2882.574; children = 979.027
---------------------------------------------------------------------------------
---------------------------------------------------------------------------------
Start Renaming Generated Instances
---------------------------------------------------------------------------------
---------------------------------------------------------------------------------
Finished Renaming Generated Instances : Time (s): cpu = 00:00:19 ; elapsed = 00:00:20 . Memory (MB): peak = 2914.586 ; gain = 544.426 ; free physical = 34902 ; free virtual = 46353
Synthesis current peak Physical Memory [PSS] (MB): peak = 2073.330; parent = 1929.399; children = 147.822
Synthesis current peak Virtual Memory [VSS] (MB): peak = 3861.602; parent = 2882.574; children = 979.027
---------------------------------------------------------------------------------
---------------------------------------------------------------------------------
Start Rebuilding User Hierarchy
---------------------------------------------------------------------------------
---------------------------------------------------------------------------------
Finished Rebuilding User Hierarchy : Time (s): cpu = 00:00:19 ; elapsed = 00:00:20 . Memory (MB): peak = 2914.586 ; gain = 544.426 ; free physical = 34904 ; free virtual = 46355
Synthesis current peak Physical Memory [PSS] (MB): peak = 2073.330; parent = 1929.399; children = 147.822
Synthesis current peak Virtual Memory [VSS] (MB): peak = 3861.602; parent = 2882.574; children = 979.027
---------------------------------------------------------------------------------
---------------------------------------------------------------------------------
Start Renaming Generated Ports
---------------------------------------------------------------------------------
---------------------------------------------------------------------------------
Finished Renaming Generated Ports : Time (s): cpu = 00:00:19 ; elapsed = 00:00:20 . Memory (MB): peak = 2914.586 ; gain = 544.426 ; free physical = 34910 ; free virtual = 46362
Synthesis current peak Physical Memory [PSS] (MB): peak = 2073.330; parent = 1929.399; children = 147.822
Synthesis current peak Virtual Memory [VSS] (MB): peak = 3861.602; parent = 2882.574; children = 979.027
---------------------------------------------------------------------------------
---------------------------------------------------------------------------------
Start Handling Custom Attributes
---------------------------------------------------------------------------------
---------------------------------------------------------------------------------
Finished Handling Custom Attributes : Time (s): cpu = 00:00:19 ; elapsed = 00:00:20 . Memory (MB): peak = 2914.586 ; gain = 544.426 ; free physical = 34912 ; free virtual = 46363
Synthesis current peak Physical Memory [PSS] (MB): peak = 2073.330; parent = 1929.399; children = 147.822
Synthesis current peak Virtual Memory [VSS] (MB): peak = 3861.602; parent = 2882.574; children = 979.027
---------------------------------------------------------------------------------
---------------------------------------------------------------------------------
Start Renaming Generated Nets
---------------------------------------------------------------------------------
---------------------------------------------------------------------------------
Finished Renaming Generated Nets : Time (s): cpu = 00:00:19 ; elapsed = 00:00:20 . Memory (MB): peak = 2914.586 ; gain = 544.426 ; free physical = 34932 ; free virtual = 46383
Synthesis current peak Physical Memory [PSS] (MB): peak = 2073.330; parent = 1929.399; children = 147.822
Synthesis current peak Virtual Memory [VSS] (MB): peak = 3861.602; parent = 2882.574; children = 979.027
---------------------------------------------------------------------------------
---------------------------------------------------------------------------------
Start Writing Synthesis Report
---------------------------------------------------------------------------------

Report BlackBoxes: 
+-+--------------+----------+
| |BlackBox name |Instances |
+-+--------------+----------+
+-+--------------+----------+

Report Cell Usage: 
+------+-----+------+
|      |Cell |Count |
+------+-----+------+
|1     |LUT1 |     1|
+------+-----+------+
---------------------------------------------------------------------------------
Finished Writing Synthesis Report : Time (s): cpu = 00:00:19 ; elapsed = 00:00:20 . Memory (MB): peak = 2914.586 ; gain = 544.426 ; free physical = 34935 ; free virtual = 46387
Synthesis current peak Physical Memory [PSS] (MB): peak = 2073.330; parent = 1929.399; children = 147.822
Synthesis current peak Virtual Memory [VSS] (MB): peak = 3861.602; parent = 2882.574; children = 979.027
---------------------------------------------------------------------------------
Synthesis finished with 0 errors, 0 critical warnings and 1 warnings.
Synthesis Optimization Runtime : Time (s): cpu = 00:00:17 ; elapsed = 00:00:18 . Memory (MB): peak = 2914.586 ; gain = 468.520 ; free physical = 34937 ; free virtual = 46389
Synthesis Optimization Complete : Time (s): cpu = 00:00:19 ; elapsed = 00:00:20 . Memory (MB): peak = 2914.586 ; gain = 544.426 ; free physical = 34937 ; free virtual = 46388
INFO: [Project 1-571] Translating synthesized netlist
Netlist sorting complete. Time (s): cpu = 00:00:00 ; elapsed = 00:00:00 . Memory (MB): peak = 2914.586 ; gain = 0.000 ; free physical = 35025 ; free virtual = 46476
INFO: [Project 1-570] Preparing netlist for logic optimization
INFO: [Opt 31-138] Pushed 0 inverter(s) to 0 load pin(s).
Netlist sorting complete. Time (s): cpu = 00:00:00 ; elapsed = 00:00:00 . Memory (MB): peak = 2914.586 ; gain = 0.000 ; free physical = 35082 ; free virtual = 46533
INFO: [Project 1-111] Unisim Transformation Summary:
No Unisim elements were transformed.

Synth Design complete, checksum: 784a81d5
INFO: [Common 17-83] Releasing license: Synthesis
23 Infos, 2 Warnings, 0 Critical Warnings and 0 Errors encountered.
synth_design completed successfully
synth_design: Time (s): cpu = 00:00:27 ; elapsed = 00:00:25 . Memory (MB): peak = 2914.586 ; gain = 875.051 ; free physical = 35269 ; free virtual = 46721
INFO: [Common 17-1381] The checkpoint '/home/chubbysoap/Documents/ADgit/hdl/projects/fmcomms2/zed/fmcomms2_zed.runs/system_sys_logic_inv_0_synth_1/system_sys_logic_inv_0.dcp' has been generated.
INFO: [Coretcl 2-1648] Added synthesis output to IP cache for IP system_sys_logic_inv_0, cache-ID = 6107e16b4f6167a6
INFO: [Common 17-1381] The checkpoint '/home/chubbysoap/Documents/ADgit/hdl/projects/fmcomms2/zed/fmcomms2_zed.runs/system_sys_logic_inv_0_synth_1/system_sys_logic_inv_0.dcp' has been generated.
INFO: [runtcl-4] Executing : report_utilization -file system_sys_logic_inv_0_utilization_synth.rpt -pb system_sys_logic_inv_0_utilization_synth.pb
INFO: [Common 17-206] Exiting Vivado at Fri Feb  6 05:45:13 2026...
