
*** Running vivado
    with args -log system_s00_data_fifo_2.vds -m64 -product Vivado -mode batch -messageDb vivado.pb -notrace -source system_s00_data_fifo_2.tcl


****** Vivado v2023.2 (64-bit)
  **** SW Build 4029153 on Fri Oct 13 20:13:54 MDT 2023
  **** IP Build 4028589 on Sat Oct 14 00:45:43 MDT 2023
  **** SharedData Build 4025554 on Tue Oct 10 17:18:54 MDT 2023
    ** Copyright 1986-2022 Xilinx, Inc. All Rights Reserved.
    ** Copyright 2022-2023 Advanced Micro Devices, Inc. All Rights Reserved.

source system_s00_data_fifo_2.tcl -notrace
INFO: [IP_Flow 19-234] Refreshing IP repositories
INFO: [IP_Flow 19-1700] Loaded user IP repository '/home/chubbysoap/Documents/ADgit/hdl/library'.
INFO: [IP_Flow 19-2313] Loaded Vivado IP repository '/tools/Xilinx/Vivado/2023.2/data/ip'.
INFO: [IP_Flow 19-6924] IPCACHE: Running cache check for IP inst: system_s00_data_fifo_2
INFO: [IP_Flow 19-6922] IPCACHE: Exporting cached entry a9395d859f367e8a to dir: /home/chubbysoap/Documents/ADgit/hdl/projects/fmcomms2/zed/fmcomms2_zed.runs/system_s00_data_fifo_2_synth_1
INFO: [IP_Flow 19-6928] IPCACHE: copied cached file /home/chubbysoap/Documents/ADgit/hdl/ipcache/a/9/a9395d859f367e8a/system_s01_data_fifo_1_sim_netlist.v to /home/chubbysoap/Documents/ADgit/hdl/projects/fmcomms2/zed/fmcomms2_zed.runs/system_s00_data_fifo_2_synth_1/system_s00_data_fifo_2_sim_netlist.v.
INFO: [IP_Flow 19-6928] IPCACHE: copied cached file /home/chubbysoap/Documents/ADgit/hdl/ipcache/a/9/a9395d859f367e8a/system_s01_data_fifo_1.dcp to /home/chubbysoap/Documents/ADgit/hdl/projects/fmcomms2/zed/fmcomms2_zed.runs/system_s00_data_fifo_2_synth_1/system_s00_data_fifo_2.dcp.
INFO: [IP_Flow 19-6928] IPCACHE: copied cached file /home/chubbysoap/Documents/ADgit/hdl/ipcache/a/9/a9395d859f367e8a/system_s01_data_fifo_1_sim_netlist.vhdl to /home/chubbysoap/Documents/ADgit/hdl/projects/fmcomms2/zed/fmcomms2_zed.runs/system_s00_data_fifo_2_synth_1/system_s00_data_fifo_2_sim_netlist.vhdl.
INFO: [IP_Flow 19-6928] IPCACHE: copied cached file /home/chubbysoap/Documents/ADgit/hdl/ipcache/a/9/a9395d859f367e8a/system_s01_data_fifo_1_stub.vhdl to /home/chubbysoap/Documents/ADgit/hdl/projects/fmcomms2/zed/fmcomms2_zed.runs/system_s00_data_fifo_2_synth_1/system_s00_data_fifo_2_stub.vhdl.
INFO: [IP_Flow 19-6928] IPCACHE: copied cached file /home/chubbysoap/Documents/ADgit/hdl/ipcache/a/9/a9395d859f367e8a/system_s01_data_fifo_1_stub.v to /home/chubbysoap/Documents/ADgit/hdl/projects/fmcomms2/zed/fmcomms2_zed.runs/system_s00_data_fifo_2_synth_1/system_s00_data_fifo_2_stub.v.
INFO: [IP_Flow 19-4838] Using cached IP synthesis design for IP system_s00_data_fifo_2, cache-ID = a9395d859f367e8a.
INFO: [Common 17-206] Exiting Vivado at Thu Feb  5 05:41:04 2026...
