Copyright 1986-2022 Xilinx, Inc. All Rights Reserved. Copyright 2022-2023 Advanced Micro Devices, Inc. All Rights Reserved.
--------------------------------------------------------------------------------------------------------------------------------------------------------------------
| Tool Version : Vivado v.2023.2 (lin64) Build 4029153 Fri Oct 13 20:13:54 MDT 2023
| Date         : Thu Feb  5 05:44:19 2026
| Host         : chubbysoapComputer running 64-bit Ubuntu 22.04.5 LTS
| Command      : report_methodology -file system_top_methodology_drc_routed.rpt -pb system_top_methodology_drc_routed.pb -rpx system_top_methodology_drc_routed.rpx
| Design       : system_top
| Device       : xc7z020clg484-1
| Speed File   : -1
| Design State : Fully Routed
--------------------------------------------------------------------------------------------------------------------------------------------------------------------

Report Methodology

Table of Contents
-----------------
1. REPORT SUMMARY
2. REPORT DETAILS

1. REPORT SUMMARY
-----------------
            Netlist: netlist
          Floorplan: checkpoint_system_top
      Design limits: <entire design considered>
             Max violations: <unlimited>
             Violations found: 58
+-----------+------------------+-------------------------------------------------------------------------------------+------------+
| Rule      | Severity         | Description                                                                         | Violations |
+-----------+------------------+-------------------------------------------------------------------------------------+------------+
| TIMING-54 | Critical Warning | Scoped false path, clock group or max delay datapath only constraint between clocks | 7          |
| CKBF-1    | Warning          | connects_I_driver_BUFR                                                              | 2          |
| LUTAR-1   | Warning          | LUT drives async reset alert                                                        | 4          |
| TIMING-9  | Warning          | Unknown CDC Logic                                                                   | 1          |
| TIMING-10 | Warning          | Missing property on synchronizer                                                    | 1          |
| TIMING-18 | Warning          | Missing input or output delay                                                       | 37         |
| XDCB-5    | Warning          | Runtime inefficient way to find pin objects                                         | 6          |
+-----------+------------------+-------------------------------------------------------------------------------------+------------+

2. REPORT DETAILS
-----------------
TIMING-54#1 Critical Warning
Scoped false path, clock group or max delay datapath only constraint between clocks  
A scoped Max Delay Datapath Only timing constraint is set between clocks clk_div_sel_0_s and clk_fpga_0 (see constraint position 74 in the Timing Constraint window in Vivado IDE). It is not recommended to define such scoped constraints between clocks as the constraint impacts timing paths outside of the scope.
Related violations: <none>

TIMING-54#2 Critical Warning
Scoped false path, clock group or max delay datapath only constraint between clocks  
A scoped Max Delay Datapath Only timing constraint is set between clocks clk_div_sel_0_s and clk_fpga_0 (see constraint position 81 in the Timing Constraint window in Vivado IDE). It is not recommended to define such scoped constraints between clocks as the constraint impacts timing paths outside of the scope.
Related violations: <none>

TIMING-54#3 Critical Warning
Scoped false path, clock group or max delay datapath only constraint between clocks  
A scoped Max Delay Datapath Only timing constraint is set between clocks clk_div_sel_1_s and clk_fpga_0 (see constraint position 74 in the Timing Constraint window in Vivado IDE). It is not recommended to define such scoped constraints between clocks as the constraint impacts timing paths outside of the scope.
Related violations: <none>

TIMING-54#4 Critical Warning
Scoped false path, clock group or max delay datapath only constraint between clocks  
A scoped Max Delay Datapath Only timing constraint is set between clocks clk_div_sel_1_s and clk_fpga_0 (see constraint position 81 in the Timing Constraint window in Vivado IDE). It is not recommended to define such scoped constraints between clocks as the constraint impacts timing paths outside of the scope.
Related violations: <none>

TIMING-54#5 Critical Warning
Scoped false path, clock group or max delay datapath only constraint between clocks  
A scoped Max Delay Datapath Only timing constraint is set between clocks clk_fpga_0 and clk_div_sel_0_s, clk_div_sel_1_s (see constraint position 103 in the Timing Constraint window in Vivado IDE). It is not recommended to define such scoped constraints between clocks as the constraint impacts timing paths outside of the scope.
Related violations: <none>

TIMING-54#6 Critical Warning
Scoped false path, clock group or max delay datapath only constraint between clocks  
A scoped Max Delay Datapath Only timing constraint is set between clocks clk_fpga_0 and clk_div_sel_0_s, clk_div_sel_1_s (see constraint position 71 in the Timing Constraint window in Vivado IDE). It is not recommended to define such scoped constraints between clocks as the constraint impacts timing paths outside of the scope.
Related violations: <none>

TIMING-54#7 Critical Warning
Scoped false path, clock group or max delay datapath only constraint between clocks  
A scoped Max Delay Datapath Only timing constraint is set between clocks clk_fpga_0 and clk_div_sel_0_s, clk_div_sel_1_s (see constraint position 99 in the Timing Constraint window in Vivado IDE). It is not recommended to define such scoped constraints between clocks as the constraint impacts timing paths outside of the scope.
Related violations: <none>

CKBF-1#1 Warning
connects_I_driver_BUFR  
The BUFGCTRL cell i_system_wrapper/system_i/util_ad9361_divclk/inst/i_div_clk_gbuf I0 pin is driven by a BUFR cell i_system_wrapper/system_i/util_ad9361_divclk/inst/clk_divide_sel_0. For 7-Series devices, this is not a recommended clock topology. Please analyze your clock network and remove the BUFR to BUFGCTRL cascade.
Related violations: <none>

CKBF-1#2 Warning
connects_I_driver_BUFR  
The BUFGCTRL cell i_system_wrapper/system_i/util_ad9361_divclk/inst/i_div_clk_gbuf I1 pin is driven by a BUFR cell i_system_wrapper/system_i/util_ad9361_divclk/inst/clk_divide_sel_1. For 7-Series devices, this is not a recommended clock topology. Please analyze your clock network and remove the BUFR to BUFGCTRL cascade.
Related violations: <none>

LUTAR-1#1 Warning
LUT drives async reset alert  
LUT cell i_system_wrapper/system_i/axi_hp1_interconnect/s00_couplers/s00_data_fifo/inst/gen_fifo.fifo_gen_inst/inst_fifo_gen/gaxi_full_lite.gwrite_ch.gwach2.axi_wach/grf.rf/rstblk/gpregsm1.curr_fwft_state[1]_i_2, with 2 or more inputs, drives asynchronous preset/clear pin(s) i_system_wrapper/system_i/axi_hp1_interconnect/s00_couplers/s00_data_fifo/inst/gen_fifo.fifo_gen_inst/inst_fifo_gen/gaxi_full_lite.gwrite_ch.gwach2.axi_wach/grf.rf/gntv_or_sync_fifo.gl0.rd/gr1.gr1_int.rfwft/gpregsm1.curr_fwft_state_reg[0]/CLR,
i_system_wrapper/system_i/axi_hp1_interconnect/s00_couplers/s00_data_fifo/inst/gen_fifo.fifo_gen_inst/inst_fifo_gen/gaxi_full_lite.gwrite_ch.gwach2.axi_wach/grf.rf/gntv_or_sync_fifo.gl0.rd/gr1.gr1_int.rfwft/gpregsm1.curr_fwft_state_reg[1]/CLR,
i_system_wrapper/system_i/axi_hp1_interconnect/s00_couplers/s00_data_fifo/inst/gen_fifo.fifo_gen_inst/inst_fifo_gen/gaxi_full_lite.gwrite_ch.gwach2.axi_wach/grf.rf/gntv_or_sync_fifo.gl0.rd/gr1.gr1_int.rfwft/gpregsm1.user_valid_reg/CLR,
i_system_wrapper/system_i/axi_hp1_interconnect/s00_couplers/s00_data_fifo/inst/gen_fifo.fifo_gen_inst/inst_fifo_gen/gaxi_full_lite.gwrite_ch.gwach2.axi_wach/grf.rf/gntv_or_sync_fifo.gl0.rd/grss.rsts/ram_empty_fb_i_reg/PRE,
i_system_wrapper/system_i/axi_hp1_interconnect/s00_couplers/s00_data_fifo/inst/gen_fifo.fifo_gen_inst/inst_fifo_gen/gaxi_full_lite.gwrite_ch.gwach2.axi_wach/grf.rf/gntv_or_sync_fifo.gl0.rd/grss.rsts/ram_empty_i_reg/PRE,
i_system_wrapper/system_i/axi_hp1_interconnect/s00_couplers/s00_data_fifo/inst/gen_fifo.fifo_gen_inst/inst_fifo_gen/gaxi_full_lite.gwrite_ch.gwach2.axi_wach/grf.rf/gntv_or_sync_fifo.gl0.wr/wpntr/gcc0.gc0.count_d1_reg[0]/CLR,
i_system_wrapper/system_i/axi_hp1_interconnect/s00_couplers/s00_data_fifo/inst/gen_fifo.fifo_gen_inst/inst_fifo_gen/gaxi_full_lite.gwrite_ch.gwach2.axi_wach/grf.rf/gntv_or_sync_fifo.gl0.wr/wpntr/gcc0.gc0.count_d1_reg[1]/CLR,
i_system_wrapper/system_i/axi_hp1_interconnect/s00_couplers/s00_data_fifo/inst/gen_fifo.fifo_gen_inst/inst_fifo_gen/gaxi_full_lite.gwrite_ch.gwach2.axi_wach/grf.rf/gntv_or_sync_fifo.gl0.wr/wpntr/gcc0.gc0.count_d1_reg[2]/CLR,
i_system_wrapper/system_i/axi_hp1_interconnect/s00_couplers/s00_data_fifo/inst/gen_fifo.fifo_gen_inst/inst_fifo_gen/gaxi_full_lite.gwrite_ch.gwach2.axi_wach/grf.rf/gntv_or_sync_fifo.gl0.wr/wpntr/gcc0.gc0.count_d1_reg[3]/CLR,
i_system_wrapper/system_i/axi_hp1_interconnect/s00_couplers/s00_data_fifo/inst/gen_fifo.fifo_gen_inst/inst_fifo_gen/gaxi_full_lite.gwrite_ch.gwach2.axi_wach/grf.rf/gntv_or_sync_fifo.gl0.wr/wpntr/gcc0.gc0.count_d1_reg[4]/CLR,
i_system_wrapper/system_i/axi_hp1_interconnect/s00_couplers/s00_data_fifo/inst/gen_fifo.fifo_gen_inst/inst_fifo_gen/gaxi_full_lite.gwrite_ch.gwach2.axi_wach/grf.rf/gntv_or_sync_fifo.gl0.wr/wpntr/gcc0.gc0.count_reg[0]/PRE,
i_system_wrapper/system_i/axi_hp1_interconnect/s00_couplers/s00_data_fifo/inst/gen_fifo.fifo_gen_inst/inst_fifo_gen/gaxi_full_lite.gwrite_ch.gwach2.axi_wach/grf.rf/gntv_or_sync_fifo.gl0.wr/wpntr/gcc0.gc0.count_reg[1]/CLR,
i_system_wrapper/system_i/axi_hp1_interconnect/s00_couplers/s00_data_fifo/inst/gen_fifo.fifo_gen_inst/inst_fifo_gen/gaxi_full_lite.gwrite_ch.gwach2.axi_wach/grf.rf/gntv_or_sync_fifo.gl0.wr/wpntr/gcc0.gc0.count_reg[2]/CLR,
i_system_wrapper/system_i/axi_hp1_interconnect/s00_couplers/s00_data_fifo/inst/gen_fifo.fifo_gen_inst/inst_fifo_gen/gaxi_full_lite.gwrite_ch.gwach2.axi_wach/grf.rf/gntv_or_sync_fifo.gl0.wr/wpntr/gcc0.gc0.count_reg[3]/CLR,
i_system_wrapper/system_i/axi_hp1_interconnect/s00_couplers/s00_data_fifo/inst/gen_fifo.fifo_gen_inst/inst_fifo_gen/gaxi_full_lite.gwrite_ch.gwach2.axi_wach/grf.rf/gntv_or_sync_fifo.gl0.wr/wpntr/gcc0.gc0.count_reg[4]/CLR
 (the first 15 of 30 listed). The LUT may glitch and trigger an unexpected reset, even if it is a properly timed path.
Related violations: <none>

LUTAR-1#2 Warning
LUT drives async reset alert  
LUT cell i_system_wrapper/system_i/axi_hp1_interconnect/s01_couplers/s01_data_fifo/inst/gen_fifo.fifo_gen_inst/inst_fifo_gen/gaxi_full_lite.gread_ch.grach2.axi_rach/grf.rf/rstblk/gpregsm1.curr_fwft_state[1]_i_2, with 2 or more inputs, drives asynchronous preset/clear pin(s) i_system_wrapper/system_i/axi_hp1_interconnect/s01_couplers/s01_data_fifo/inst/gen_fifo.fifo_gen_inst/inst_fifo_gen/gaxi_full_lite.gread_ch.grach2.axi_rach/grf.rf/gntv_or_sync_fifo.gl0.rd/gr1.gr1_int.rfwft/gpregsm1.curr_fwft_state_reg[0]/CLR,
i_system_wrapper/system_i/axi_hp1_interconnect/s01_couplers/s01_data_fifo/inst/gen_fifo.fifo_gen_inst/inst_fifo_gen/gaxi_full_lite.gread_ch.grach2.axi_rach/grf.rf/gntv_or_sync_fifo.gl0.rd/gr1.gr1_int.rfwft/gpregsm1.curr_fwft_state_reg[1]/CLR,
i_system_wrapper/system_i/axi_hp1_interconnect/s01_couplers/s01_data_fifo/inst/gen_fifo.fifo_gen_inst/inst_fifo_gen/gaxi_full_lite.gread_ch.grach2.axi_rach/grf.rf/gntv_or_sync_fifo.gl0.rd/gr1.gr1_int.rfwft/gpregsm1.user_valid_reg/CLR,
i_system_wrapper/system_i/axi_hp1_interconnect/s01_couplers/s01_data_fifo/inst/gen_fifo.fifo_gen_inst/inst_fifo_gen/gaxi_full_lite.gread_ch.grach2.axi_rach/grf.rf/gntv_or_sync_fifo.gl0.rd/grss.rsts/ram_empty_fb_i_reg/PRE,
i_system_wrapper/system_i/axi_hp1_interconnect/s01_couplers/s01_data_fifo/inst/gen_fifo.fifo_gen_inst/inst_fifo_gen/gaxi_full_lite.gread_ch.grach2.axi_rach/grf.rf/gntv_or_sync_fifo.gl0.rd/grss.rsts/ram_empty_i_reg/PRE,
i_system_wrapper/system_i/axi_hp1_interconnect/s01_couplers/s01_data_fifo/inst/gen_fifo.fifo_gen_inst/inst_fifo_gen/gaxi_full_lite.gread_ch.grach2.axi_rach/grf.rf/gntv_or_sync_fifo.gl0.wr/wpntr/gcc0.gc0.count_d1_reg[0]/CLR,
i_system_wrapper/system_i/axi_hp1_interconnect/s01_couplers/s01_data_fifo/inst/gen_fifo.fifo_gen_inst/inst_fifo_gen/gaxi_full_lite.gread_ch.grach2.axi_rach/grf.rf/gntv_or_sync_fifo.gl0.wr/wpntr/gcc0.gc0.count_d1_reg[1]/CLR,
i_system_wrapper/system_i/axi_hp1_interconnect/s01_couplers/s01_data_fifo/inst/gen_fifo.fifo_gen_inst/inst_fifo_gen/gaxi_full_lite.gread_ch.grach2.axi_rach/grf.rf/gntv_or_sync_fifo.gl0.wr/wpntr/gcc0.gc0.count_d1_reg[2]/CLR,
i_system_wrapper/system_i/axi_hp1_interconnect/s01_couplers/s01_data_fifo/inst/gen_fifo.fifo_gen_inst/inst_fifo_gen/gaxi_full_lite.gread_ch.grach2.axi_rach/grf.rf/gntv_or_sync_fifo.gl0.wr/wpntr/gcc0.gc0.count_d1_reg[3]/CLR,
i_system_wrapper/system_i/axi_hp1_interconnect/s01_couplers/s01_data_fifo/inst/gen_fifo.fifo_gen_inst/inst_fifo_gen/gaxi_full_lite.gread_ch.grach2.axi_rach/grf.rf/gntv_or_sync_fifo.gl0.wr/wpntr/gcc0.gc0.count_d1_reg[4]/CLR,
i_system_wrapper/system_i/axi_hp1_interconnect/s01_couplers/s01_data_fifo/inst/gen_fifo.fifo_gen_inst/inst_fifo_gen/gaxi_full_lite.gread_ch.grach2.axi_rach/grf.rf/gntv_or_sync_fifo.gl0.wr/wpntr/gcc0.gc0.count_reg[0]/PRE,
i_system_wrapper/system_i/axi_hp1_interconnect/s01_couplers/s01_data_fifo/inst/gen_fifo.fifo_gen_inst/inst_fifo_gen/gaxi_full_lite.gread_ch.grach2.axi_rach/grf.rf/gntv_or_sync_fifo.gl0.wr/wpntr/gcc0.gc0.count_reg[1]/CLR,
i_system_wrapper/system_i/axi_hp1_interconnect/s01_couplers/s01_data_fifo/inst/gen_fifo.fifo_gen_inst/inst_fifo_gen/gaxi_full_lite.gread_ch.grach2.axi_rach/grf.rf/gntv_or_sync_fifo.gl0.wr/wpntr/gcc0.gc0.count_reg[2]/CLR,
i_system_wrapper/system_i/axi_hp1_interconnect/s01_couplers/s01_data_fifo/inst/gen_fifo.fifo_gen_inst/inst_fifo_gen/gaxi_full_lite.gread_ch.grach2.axi_rach/grf.rf/gntv_or_sync_fifo.gl0.wr/wpntr/gcc0.gc0.count_reg[3]/CLR,
i_system_wrapper/system_i/axi_hp1_interconnect/s01_couplers/s01_data_fifo/inst/gen_fifo.fifo_gen_inst/inst_fifo_gen/gaxi_full_lite.gread_ch.grach2.axi_rach/grf.rf/gntv_or_sync_fifo.gl0.wr/wpntr/gcc0.gc0.count_reg[4]/CLR
 (the first 15 of 30 listed). The LUT may glitch and trigger an unexpected reset, even if it is a properly timed path.
Related violations: <none>

LUTAR-1#3 Warning
LUT drives async reset alert  
LUT cell i_system_wrapper/system_i/axi_hp2_interconnect/s00_couplers/s00_data_fifo/inst/gen_fifo.fifo_gen_inst/inst_fifo_gen/gaxi_full_lite.gread_ch.grach2.axi_rach/grf.rf/rstblk/gpregsm1.curr_fwft_state[1]_i_2, with 2 or more inputs, drives asynchronous preset/clear pin(s) i_system_wrapper/system_i/axi_hp2_interconnect/s00_couplers/s00_data_fifo/inst/gen_fifo.fifo_gen_inst/inst_fifo_gen/gaxi_full_lite.gread_ch.grach2.axi_rach/grf.rf/gntv_or_sync_fifo.gl0.rd/gr1.gr1_int.rfwft/gpregsm1.curr_fwft_state_reg[0]/CLR,
i_system_wrapper/system_i/axi_hp2_interconnect/s00_couplers/s00_data_fifo/inst/gen_fifo.fifo_gen_inst/inst_fifo_gen/gaxi_full_lite.gread_ch.grach2.axi_rach/grf.rf/gntv_or_sync_fifo.gl0.rd/gr1.gr1_int.rfwft/gpregsm1.curr_fwft_state_reg[1]/CLR,
i_system_wrapper/system_i/axi_hp2_interconnect/s00_couplers/s00_data_fifo/inst/gen_fifo.fifo_gen_inst/inst_fifo_gen/gaxi_full_lite.gread_ch.grach2.axi_rach/grf.rf/gntv_or_sync_fifo.gl0.rd/gr1.gr1_int.rfwft/gpregsm1.user_valid_reg/CLR,
i_system_wrapper/system_i/axi_hp2_interconnect/s00_couplers/s00_data_fifo/inst/gen_fifo.fifo_gen_inst/inst_fifo_gen/gaxi_full_lite.gread_ch.grach2.axi_rach/grf.rf/gntv_or_sync_fifo.gl0.rd/grss.rsts/ram_empty_fb_i_reg/PRE,
i_system_wrapper/system_i/axi_hp2_interconnect/s00_couplers/s00_data_fifo/inst/gen_fifo.fifo_gen_inst/inst_fifo_gen/gaxi_full_lite.gread_ch.grach2.axi_rach/grf.rf/gntv_or_sync_fifo.gl0.rd/grss.rsts/ram_empty_i_reg/PRE,
i_system_wrapper/system_i/axi_hp2_interconnect/s00_couplers/s00_data_fifo/inst/gen_fifo.fifo_gen_inst/inst_fifo_gen/gaxi_full_lite.gread_ch.grach2.axi_rach/grf.rf/gntv_or_sync_fifo.gl0.wr/wpntr/gcc0.gc0.count_d1_reg[0]/CLR,
i_system_wrapper/system_i/axi_hp2_interconnect/s00_couplers/s00_data_fifo/inst/gen_fifo.fifo_gen_inst/inst_fifo_gen/gaxi_full_lite.gread_ch.grach2.axi_rach/grf.rf/gntv_or_sync_fifo.gl0.wr/wpntr/gcc0.gc0.count_d1_reg[1]/CLR,
i_system_wrapper/system_i/axi_hp2_interconnect/s00_couplers/s00_data_fifo/inst/gen_fifo.fifo_gen_inst/inst_fifo_gen/gaxi_full_lite.gread_ch.grach2.axi_rach/grf.rf/gntv_or_sync_fifo.gl0.wr/wpntr/gcc0.gc0.count_d1_reg[2]/CLR,
i_system_wrapper/system_i/axi_hp2_interconnect/s00_couplers/s00_data_fifo/inst/gen_fifo.fifo_gen_inst/inst_fifo_gen/gaxi_full_lite.gread_ch.grach2.axi_rach/grf.rf/gntv_or_sync_fifo.gl0.wr/wpntr/gcc0.gc0.count_d1_reg[3]/CLR,
i_system_wrapper/system_i/axi_hp2_interconnect/s00_couplers/s00_data_fifo/inst/gen_fifo.fifo_gen_inst/inst_fifo_gen/gaxi_full_lite.gread_ch.grach2.axi_rach/grf.rf/gntv_or_sync_fifo.gl0.wr/wpntr/gcc0.gc0.count_d1_reg[4]/CLR,
i_system_wrapper/system_i/axi_hp2_interconnect/s00_couplers/s00_data_fifo/inst/gen_fifo.fifo_gen_inst/inst_fifo_gen/gaxi_full_lite.gread_ch.grach2.axi_rach/grf.rf/gntv_or_sync_fifo.gl0.wr/wpntr/gcc0.gc0.count_reg[0]/PRE,
i_system_wrapper/system_i/axi_hp2_interconnect/s00_couplers/s00_data_fifo/inst/gen_fifo.fifo_gen_inst/inst_fifo_gen/gaxi_full_lite.gread_ch.grach2.axi_rach/grf.rf/gntv_or_sync_fifo.gl0.wr/wpntr/gcc0.gc0.count_reg[1]/CLR,
i_system_wrapper/system_i/axi_hp2_interconnect/s00_couplers/s00_data_fifo/inst/gen_fifo.fifo_gen_inst/inst_fifo_gen/gaxi_full_lite.gread_ch.grach2.axi_rach/grf.rf/gntv_or_sync_fifo.gl0.wr/wpntr/gcc0.gc0.count_reg[2]/CLR,
i_system_wrapper/system_i/axi_hp2_interconnect/s00_couplers/s00_data_fifo/inst/gen_fifo.fifo_gen_inst/inst_fifo_gen/gaxi_full_lite.gread_ch.grach2.axi_rach/grf.rf/gntv_or_sync_fifo.gl0.wr/wpntr/gcc0.gc0.count_reg[3]/CLR,
i_system_wrapper/system_i/axi_hp2_interconnect/s00_couplers/s00_data_fifo/inst/gen_fifo.fifo_gen_inst/inst_fifo_gen/gaxi_full_lite.gread_ch.grach2.axi_rach/grf.rf/gntv_or_sync_fifo.gl0.wr/wpntr/gcc0.gc0.count_reg[4]/CLR
 (the first 15 of 30 listed). The LUT may glitch and trigger an unexpected reset, even if it is a properly timed path.
Related violations: <none>

LUTAR-1#4 Warning
LUT drives async reset alert  
LUT cell i_system_wrapper/system_i/axi_hp2_interconnect/s01_couplers/s01_data_fifo/inst/gen_fifo.fifo_gen_inst/inst_fifo_gen/gaxi_full_lite.gread_ch.grach2.axi_rach/grf.rf/rstblk/gpregsm1.curr_fwft_state[1]_i_2, with 2 or more inputs, drives asynchronous preset/clear pin(s) i_system_wrapper/system_i/axi_hp2_interconnect/s01_couplers/s01_data_fifo/inst/gen_fifo.fifo_gen_inst/inst_fifo_gen/gaxi_full_lite.gread_ch.grach2.axi_rach/grf.rf/gntv_or_sync_fifo.gl0.rd/gr1.gr1_int.rfwft/gpregsm1.curr_fwft_state_reg[0]/CLR,
i_system_wrapper/system_i/axi_hp2_interconnect/s01_couplers/s01_data_fifo/inst/gen_fifo.fifo_gen_inst/inst_fifo_gen/gaxi_full_lite.gread_ch.grach2.axi_rach/grf.rf/gntv_or_sync_fifo.gl0.rd/gr1.gr1_int.rfwft/gpregsm1.curr_fwft_state_reg[1]/CLR,
i_system_wrapper/system_i/axi_hp2_interconnect/s01_couplers/s01_data_fifo/inst/gen_fifo.fifo_gen_inst/inst_fifo_gen/gaxi_full_lite.gread_ch.grach2.axi_rach/grf.rf/gntv_or_sync_fifo.gl0.rd/gr1.gr1_int.rfwft/gpregsm1.user_valid_reg/CLR,
i_system_wrapper/system_i/axi_hp2_interconnect/s01_couplers/s01_data_fifo/inst/gen_fifo.fifo_gen_inst/inst_fifo_gen/gaxi_full_lite.gread_ch.grach2.axi_rach/grf.rf/gntv_or_sync_fifo.gl0.rd/grss.rsts/ram_empty_fb_i_reg/PRE,
i_system_wrapper/system_i/axi_hp2_interconnect/s01_couplers/s01_data_fifo/inst/gen_fifo.fifo_gen_inst/inst_fifo_gen/gaxi_full_lite.gread_ch.grach2.axi_rach/grf.rf/gntv_or_sync_fifo.gl0.rd/grss.rsts/ram_empty_i_reg/PRE,
i_system_wrapper/system_i/axi_hp2_interconnect/s01_couplers/s01_data_fifo/inst/gen_fifo.fifo_gen_inst/inst_fifo_gen/gaxi_full_lite.gread_ch.grach2.axi_rach/grf.rf/gntv_or_sync_fifo.gl0.wr/wpntr/gcc0.gc0.count_d1_reg[0]/CLR,
i_system_wrapper/system_i/axi_hp2_interconnect/s01_couplers/s01_data_fifo/inst/gen_fifo.fifo_gen_inst/inst_fifo_gen/gaxi_full_lite.gread_ch.grach2.axi_rach/grf.rf/gntv_or_sync_fifo.gl0.wr/wpntr/gcc0.gc0.count_d1_reg[1]/CLR,
i_system_wrapper/system_i/axi_hp2_interconnect/s01_couplers/s01_data_fifo/inst/gen_fifo.fifo_gen_inst/inst_fifo_gen/gaxi_full_lite.gread_ch.grach2.axi_rach/grf.rf/gntv_or_sync_fifo.gl0.wr/wpntr/gcc0.gc0.count_d1_reg[2]/CLR,
i_system_wrapper/system_i/axi_hp2_interconnect/s01_couplers/s01_data_fifo/inst/gen_fifo.fifo_gen_inst/inst_fifo_gen/gaxi_full_lite.gread_ch.grach2.axi_rach/grf.rf/gntv_or_sync_fifo.gl0.wr/wpntr/gcc0.gc0.count_d1_reg[3]/CLR,
i_system_wrapper/system_i/axi_hp2_interconnect/s01_couplers/s01_data_fifo/inst/gen_fifo.fifo_gen_inst/inst_fifo_gen/gaxi_full_lite.gread_ch.grach2.axi_rach/grf.rf/gntv_or_sync_fifo.gl0.wr/wpntr/gcc0.gc0.count_d1_reg[4]/CLR,
i_system_wrapper/system_i/axi_hp2_interconnect/s01_couplers/s01_data_fifo/inst/gen_fifo.fifo_gen_inst/inst_fifo_gen/gaxi_full_lite.gread_ch.grach2.axi_rach/grf.rf/gntv_or_sync_fifo.gl0.wr/wpntr/gcc0.gc0.count_reg[0]/PRE,
i_system_wrapper/system_i/axi_hp2_interconnect/s01_couplers/s01_data_fifo/inst/gen_fifo.fifo_gen_inst/inst_fifo_gen/gaxi_full_lite.gread_ch.grach2.axi_rach/grf.rf/gntv_or_sync_fifo.gl0.wr/wpntr/gcc0.gc0.count_reg[1]/CLR,
i_system_wrapper/system_i/axi_hp2_interconnect/s01_couplers/s01_data_fifo/inst/gen_fifo.fifo_gen_inst/inst_fifo_gen/gaxi_full_lite.gread_ch.grach2.axi_rach/grf.rf/gntv_or_sync_fifo.gl0.wr/wpntr/gcc0.gc0.count_reg[2]/CLR,
i_system_wrapper/system_i/axi_hp2_interconnect/s01_couplers/s01_data_fifo/inst/gen_fifo.fifo_gen_inst/inst_fifo_gen/gaxi_full_lite.gread_ch.grach2.axi_rach/grf.rf/gntv_or_sync_fifo.gl0.wr/wpntr/gcc0.gc0.count_reg[3]/CLR,
i_system_wrapper/system_i/axi_hp2_interconnect/s01_couplers/s01_data_fifo/inst/gen_fifo.fifo_gen_inst/inst_fifo_gen/gaxi_full_lite.gread_ch.grach2.axi_rach/grf.rf/gntv_or_sync_fifo.gl0.wr/wpntr/gcc0.gc0.count_reg[4]/CLR
 (the first 15 of 30 listed). The LUT may glitch and trigger an unexpected reset, even if it is a properly timed path.
Related violations: <none>

TIMING-9#1 Warning
Unknown CDC Logic  
One or more asynchronous Clock Domain Crossing has been detected between 2 clock domains through a set_false_path or a set_clock_groups or set_max_delay -datapath_only constraint but no double-registers logic synchronizer has been found on the side of the capture clock. It is recommended to run report_cdc for a complete and detailed CDC coverage. Please consider using XPM_CDC to avoid Critical severities
Related violations: <none>

TIMING-10#1 Warning
Missing property on synchronizer  
One or more logic synchronizer has been detected between 2 clock domains but the synchronizer does not have the property ASYNC_REG defined on one or both registers. It is recommended to run report_cdc for a complete and detailed CDC coverage
Related violations: <none>

TIMING-18#1 Warning
Missing input or output delay  
An input delay is missing on iic_mux_scl[0] relative to the rising and/or falling clock edge(s) of clk_fpga_0.
Related violations: <none>

TIMING-18#2 Warning
Missing input or output delay  
An input delay is missing on iic_mux_scl[1] relative to the rising and/or falling clock edge(s) of clk_fpga_0.
Related violations: <none>

TIMING-18#3 Warning
Missing input or output delay  
An input delay is missing on iic_mux_sda[0] relative to the rising and/or falling clock edge(s) of clk_fpga_0.
Related violations: <none>

TIMING-18#4 Warning
Missing input or output delay  
An input delay is missing on iic_mux_sda[1] relative to the rising and/or falling clock edge(s) of clk_fpga_0.
Related violations: <none>

TIMING-18#5 Warning
Missing input or output delay  
An input delay is missing on iic_scl relative to the rising and/or falling clock edge(s) of clk_fpga_0.
Related violations: <none>

TIMING-18#6 Warning
Missing input or output delay  
An input delay is missing on iic_sda relative to the rising and/or falling clock edge(s) of clk_fpga_0.
Related violations: <none>

TIMING-18#7 Warning
Missing input or output delay  
An input delay is missing on rx_data_in_p[0] relative to the rising and/or falling clock edge(s) of rx_clk.
Related violations: <none>

TIMING-18#8 Warning
Missing input or output delay  
An input delay is missing on rx_data_in_p[1] relative to the rising and/or falling clock edge(s) of rx_clk.
Related violations: <none>

TIMING-18#9 Warning
Missing input or output delay  
An input delay is missing on rx_data_in_p[2] relative to the rising and/or falling clock edge(s) of rx_clk.
Related violations: <none>

TIMING-18#10 Warning
Missing input or output delay  
An input delay is missing on rx_data_in_p[3] relative to the rising and/or falling clock edge(s) of rx_clk.
Related violations: <none>

TIMING-18#11 Warning
Missing input or output delay  
An input delay is missing on rx_data_in_p[4] relative to the rising and/or falling clock edge(s) of rx_clk.
Related violations: <none>

TIMING-18#12 Warning
Missing input or output delay  
An input delay is missing on rx_data_in_p[5] relative to the rising and/or falling clock edge(s) of rx_clk.
Related violations: <none>

TIMING-18#13 Warning
Missing input or output delay  
An input delay is missing on rx_frame_in_p relative to the rising and/or falling clock edge(s) of rx_clk.
Related violations: <none>

TIMING-18#14 Warning
Missing input or output delay  
An output delay is missing on enable relative to the rising and/or falling clock edge(s) of rx_clk.
Related violations: <none>

TIMING-18#15 Warning
Missing input or output delay  
An output delay is missing on iic_mux_scl[0] relative to the rising and/or falling clock edge(s) of clk_fpga_0.
Related violations: <none>

TIMING-18#16 Warning
Missing input or output delay  
An output delay is missing on iic_mux_scl[1] relative to the rising and/or falling clock edge(s) of clk_fpga_0.
Related violations: <none>

TIMING-18#17 Warning
Missing input or output delay  
An output delay is missing on iic_mux_sda[0] relative to the rising and/or falling clock edge(s) of clk_fpga_0.
Related violations: <none>

TIMING-18#18 Warning
Missing input or output delay  
An output delay is missing on iic_mux_sda[1] relative to the rising and/or falling clock edge(s) of clk_fpga_0.
Related violations: <none>

TIMING-18#19 Warning
Missing input or output delay  
An output delay is missing on iic_scl relative to the rising and/or falling clock edge(s) of clk_fpga_0.
Related violations: <none>

TIMING-18#20 Warning
Missing input or output delay  
An output delay is missing on iic_sda relative to the rising and/or falling clock edge(s) of clk_fpga_0.
Related violations: <none>

TIMING-18#21 Warning
Missing input or output delay  
An output delay is missing on tx_clk_out_n relative to the rising and/or falling clock edge(s) of rx_clk.
Related violations: <none>

TIMING-18#22 Warning
Missing input or output delay  
An output delay is missing on tx_clk_out_p relative to the rising and/or falling clock edge(s) of rx_clk.
Related violations: <none>

TIMING-18#23 Warning
Missing input or output delay  
An output delay is missing on tx_data_out_n[0] relative to the rising and/or falling clock edge(s) of rx_clk.
Related violations: <none>

TIMING-18#24 Warning
Missing input or output delay  
An output delay is missing on tx_data_out_n[1] relative to the rising and/or falling clock edge(s) of rx_clk.
Related violations: <none>

TIMING-18#25 Warning
Missing input or output delay  
An output delay is missing on tx_data_out_n[2] relative to the rising and/or falling clock edge(s) of rx_clk.
Related violations: <none>

TIMING-18#26 Warning
Missing input or output delay  
An output delay is missing on tx_data_out_n[3] relative to the rising and/or falling clock edge(s) of rx_clk.
Related violations: <none>

TIMING-18#27 Warning
Missing input or output delay  
An output delay is missing on tx_data_out_n[4] relative to the rising and/or falling clock edge(s) of rx_clk.
Related violations: <none>

TIMING-18#28 Warning
Missing input or output delay  
An output delay is missing on tx_data_out_n[5] relative to the rising and/or falling clock edge(s) of rx_clk.
Related violations: <none>

TIMING-18#29 Warning
Missing input or output delay  
An output delay is missing on tx_data_out_p[0] relative to the rising and/or falling clock edge(s) of rx_clk.
Related violations: <none>

TIMING-18#30 Warning
Missing input or output delay  
An output delay is missing on tx_data_out_p[1] relative to the rising and/or falling clock edge(s) of rx_clk.
Related violations: <none>

TIMING-18#31 Warning
Missing input or output delay  
An output delay is missing on tx_data_out_p[2] relative to the rising and/or falling clock edge(s) of rx_clk.
Related violations: <none>

TIMING-18#32 Warning
Missing input or output delay  
An output delay is missing on tx_data_out_p[3] relative to the rising and/or falling clock edge(s) of rx_clk.
Related violations: <none>

TIMING-18#33 Warning
Missing input or output delay  
An output delay is missing on tx_data_out_p[4] relative to the rising and/or falling clock edge(s) of rx_clk.
Related violations: <none>

TIMING-18#34 Warning
Missing input or output delay  
An output delay is missing on tx_data_out_p[5] relative to the rising and/or falling clock edge(s) of rx_clk.
Related violations: <none>

TIMING-18#35 Warning
Missing input or output delay  
An output delay is missing on tx_frame_out_n relative to the rising and/or falling clock edge(s) of rx_clk.
Related violations: <none>

TIMING-18#36 Warning
Missing input or output delay  
An output delay is missing on tx_frame_out_p relative to the rising and/or falling clock edge(s) of rx_clk.
Related violations: <none>

TIMING-18#37 Warning
Missing input or output delay  
An output delay is missing on txnrx relative to the rising and/or falling clock edge(s) of rx_clk.
Related violations: <none>

XDCB-5#1 Warning
Runtime inefficient way to find pin objects  
The option '-to : [get_pins -quiet -hier *reset_sync_in_reg*/PRE -filter {NAME =~ *i_reset_manager*}]' of constraint 'set_false_path' uses inefficient query to find pin objects (see constraint position '106' in the Timing Constraint window in Vivado IDE). To reduce runtime, it is recommended to get the pins through the cell objects. Please refer to Using Constraints Guide (Constraints Efficiency). An example of optimal query is: get_pins -filter {REF_PIN_NAME=~yy*} -of_objects [get_cells -hierarchical xx*].
Current XDC: /home/chubbysoap/Documents/ADgit/hdl/projects/fmcomms2/zed/fmcomms2_zed.gen/sources_1/bd/system/ip/system_axi_ad9361_dac_dma_0/system_axi_ad9361_dac_dma_0_constr.xdc (Line: 139)
Related violations: <none>

XDCB-5#2 Warning
Runtime inefficient way to find pin objects  
The option '-to : [get_pins -quiet -hier *reset_sync_in_reg*/PRE -filter {NAME =~ *i_reset_manager*}]' of constraint 'set_false_path' uses inefficient query to find pin objects (see constraint position '107' in the Timing Constraint window in Vivado IDE). To reduce runtime, it is recommended to get the pins through the cell objects. Please refer to Using Constraints Guide (Constraints Efficiency). An example of optimal query is: get_pins -filter {REF_PIN_NAME=~yy*} -of_objects [get_cells -hierarchical xx*].
Current XDC: /home/chubbysoap/Documents/ADgit/hdl/projects/fmcomms2/zed/fmcomms2_zed.gen/sources_1/bd/system/ip/system_axi_ad9361_dac_dma_0/system_axi_ad9361_dac_dma_0_constr.xdc (Line: 145)
Related violations: <none>

XDCB-5#3 Warning
Runtime inefficient way to find pin objects  
The option '-to : [get_pins -quiet -hier *reset_sync_in_reg*/PRE -filter {NAME =~ *i_reset_manager*}]' of constraint 'set_false_path' uses inefficient query to find pin objects (see constraint position '54' in the Timing Constraint window in Vivado IDE). To reduce runtime, it is recommended to get the pins through the cell objects. Please refer to Using Constraints Guide (Constraints Efficiency). An example of optimal query is: get_pins -filter {REF_PIN_NAME=~yy*} -of_objects [get_cells -hierarchical xx*].
Current XDC: /home/chubbysoap/Documents/ADgit/hdl/projects/fmcomms2/zed/fmcomms2_zed.gen/sources_1/bd/system/ip/system_axi_hdmi_dma_0/system_axi_hdmi_dma_0_constr.xdc (Line: 30)
Related violations: <none>

XDCB-5#4 Warning
Runtime inefficient way to find pin objects  
The option '-to : [get_pins -quiet -hier *reset_sync_in_reg*/PRE -filter {NAME =~ *i_reset_manager*}]' of constraint 'set_false_path' uses inefficient query to find pin objects (see constraint position '55' in the Timing Constraint window in Vivado IDE). To reduce runtime, it is recommended to get the pins through the cell objects. Please refer to Using Constraints Guide (Constraints Efficiency). An example of optimal query is: get_pins -filter {REF_PIN_NAME=~yy*} -of_objects [get_cells -hierarchical xx*].
Current XDC: /home/chubbysoap/Documents/ADgit/hdl/projects/fmcomms2/zed/fmcomms2_zed.gen/sources_1/bd/system/ip/system_axi_hdmi_dma_0/system_axi_hdmi_dma_0_constr.xdc (Line: 36)
Related violations: <none>

XDCB-5#5 Warning
Runtime inefficient way to find pin objects  
The option '-to : [get_pins -quiet -hier *reset_sync_in_reg*/PRE -filter {NAME =~ *i_reset_manager*}]' of constraint 'set_false_path' uses inefficient query to find pin objects (see constraint position '84' in the Timing Constraint window in Vivado IDE). To reduce runtime, it is recommended to get the pins through the cell objects. Please refer to Using Constraints Guide (Constraints Efficiency). An example of optimal query is: get_pins -filter {REF_PIN_NAME=~yy*} -of_objects [get_cells -hierarchical xx*].
Current XDC: /home/chubbysoap/Documents/ADgit/hdl/projects/fmcomms2/zed/fmcomms2_zed.gen/sources_1/bd/system/ip/system_axi_ad9361_adc_dma_0/system_axi_ad9361_adc_dma_0_constr.xdc (Line: 174)
Related violations: <none>

XDCB-5#6 Warning
Runtime inefficient way to find pin objects  
The option '-to : [get_pins -quiet -hier *reset_sync_in_reg*/PRE -filter {NAME =~ *i_reset_manager*}]' of constraint 'set_false_path' uses inefficient query to find pin objects (see constraint position '85' in the Timing Constraint window in Vivado IDE). To reduce runtime, it is recommended to get the pins through the cell objects. Please refer to Using Constraints Guide (Constraints Efficiency). An example of optimal query is: get_pins -filter {REF_PIN_NAME=~yy*} -of_objects [get_cells -hierarchical xx*].
Current XDC: /home/chubbysoap/Documents/ADgit/hdl/projects/fmcomms2/zed/fmcomms2_zed.gen/sources_1/bd/system/ip/system_axi_ad9361_adc_dma_0/system_axi_ad9361_adc_dma_0_constr.xdc (Line: 180)
Related violations: <none>


